L 26/01/2020 - 00:00:02: Log file started (file "logs\2020-01-26.log") (game "svencoop") (version "48/5.0.1.4/8458")
L 26/01/2020 - 00:00:02: Log file started (file "logs\2020-01-26.log") (game "svencoop") (version "48/5.0.1.4/8458")
L 26/01/2020 - 00:00:07: "Kaleun<1><STEAM_0:1:529092><players>" say "pipe"
L 26/01/2020 - 00:00:12: "Kaleun<1><STEAM_0:1:529092><players>" say "puurple"
L 26/01/2020 - 00:00:14: "Kaleun<1><STEAM_0:1:529092><players>" say "purple"
L 26/01/2020 - 00:00:14: "Kaleun<1><STEAM_0:1:529092><players>" stats: frags="0.00" deaths="0" health="100" 
L 26/01/2020 - 00:00:22: "Kaleun<1><STEAM_0:1:529092><players>" say "putos"
L 26/01/2020 - 00:00:26: "Kaleun<1><STEAM_0:1:529092><players>" say "quad"
L 26/01/2020 - 00:00:30: "Kaleun<1><STEAM_0:1:529092><players>" say "relax"
L 26/01/2020 - 00:00:38: "Kaleun<1><STEAM_0:1:529092><players>" say "rust"
L 26/01/2020 - 00:00:44: "Kaleun<1><STEAM_0:1:529092><players>" stats: frags="0.00" deaths="0" health="100" 
L 26/01/2020 - 00:00:45: "Kaleun<1><STEAM_0:1:529092><players>" say "run1"
L 26/01/2020 - 00:00:53: "Kaleun<1><STEAM_0:1:529092><players>" say "scaped"
L 26/01/2020 - 00:01:04: "Kaleun<1><STEAM_0:1:529092><players>" say "sniper1"
L 26/01/2020 - 00:01:07: "Kaleun<1><STEAM_0:1:529092><players>" say "st"
L 26/01/2020 - 00:01:14: "Kaleun<1><STEAM_0:1:529092><players>" stats: frags="0.00" deaths="0" health="100" 
L 26/01/2020 - 00:01:15: "Kaleun<1><STEAM_0:1:529092><players>" say "stereobruh"
L 26/01/2020 - 00:01:30: "Kaleun<1><STEAM_0:1:529092><players>" say "texto"
L 26/01/2020 - 00:01:36: "Kaleun<1><STEAM_0:1:529092><players>" say "uganda1"
L 26/01/2020 - 00:01:40: "Kaleun<1><STEAM_0:1:529092><players>" say "uganda1"
L 26/01/2020 - 00:01:44: "Kaleun<1><STEAM_0:1:529092><players>" stats: frags="0.00" deaths="0" health="100" 
L 26/01/2020 - 00:01:44: "Kaleun<1><STEAM_0:1:529092><players>" say "uwaaa"
L 26/01/2020 - 00:01:52: "Kaleun<1><STEAM_0:1:529092><players>" say "voxnumber9"
L 26/01/2020 - 00:02:03: "Kaleun<1><STEAM_0:1:529092><players>" say "weakshit"
L 26/01/2020 - 00:02:09: "Kaleun<1><STEAM_0:1:529092><players>" say "whatyousaid"
L 26/01/2020 - 00:02:13: "Kaleun<1><STEAM_0:1:529092><players>" say "whatyousaid"
L 26/01/2020 - 00:02:14: "Kaleun<1><STEAM_0:1:529092><players>" stats: frags="0.00" deaths="0" health="100" 
L 26/01/2020 - 00:02:16: "Kaleun<1><STEAM_0:1:529092><players>" say "whatyousaid"
L 26/01/2020 - 00:02:20: "Kaleun<1><STEAM_0:1:529092><players>" say "whatyousaid "
L 26/01/2020 - 00:02:26: "Kaleun<1><STEAM_0:1:529092><players>" say "whatyousaid"
L 26/01/2020 - 00:02:30: "Kaleun<1><STEAM_0:1:529092><players>" say "wheez"
L 26/01/2020 - 00:02:33: "Kaleun<1><STEAM_0:1:529092><players>" say "wheeze"
L 26/01/2020 - 00:02:37: "Kaleun<1><STEAM_0:1:529092><players>" say "wtf4"
L 26/01/2020 - 00:02:44: "Kaleun<1><STEAM_0:1:529092><players>" stats: frags="0.00" deaths="0" health="100" 
L 26/01/2020 - 00:02:45: "Kaleun<1><STEAM_0:1:529092><players>" say "yeet"
L 26/01/2020 - 00:02:53: "Kaleun<1><STEAM_0:1:529092><players>" say "yoda"
L 26/01/2020 - 00:03:05: "Kaleun<1><STEAM_0:1:529092><players>" say "youwhat"
L 26/01/2020 - 00:03:14: "Kaleun<1><STEAM_0:1:529092><players>" stats: frags="0.00" deaths="0" health="100" 
L 26/01/2020 - 00:03:44: "Kaleun<1><STEAM_0:1:529092><players>" stats: frags="0.00" deaths="0" health="100" 
L 26/01/2020 - 00:04:14: "Kaleun<1><STEAM_0:1:529092><players>" stats: frags="0.00" deaths="0" health="100" 
L 26/01/2020 - 00:04:38: "Kaleun<1><STEAM_0:1:529092><players>" say "nigger"
L 26/01/2020 - 00:04:41: "Kaleun<1><STEAM_0:1:529092><players>" say "nigger"
L 26/01/2020 - 00:04:43: "Kaleun<1><STEAM_0:1:529092><players>" say "nigger"
L 26/01/2020 - 00:04:44: "Kaleun<1><STEAM_0:1:529092><players>" stats: frags="0.00" deaths="0" health="100" 
L 26/01/2020 - 00:04:44: "Kaleun<1><STEAM_0:1:529092><players>" say "nigger"
L 26/01/2020 - 00:04:52: "Kaleun<1><STEAM_0:1:529092><players>" say "panic"
L 26/01/2020 - 00:05:01: "Kaleun<1><STEAM_0:1:529092><players>" say "boss2"
L 26/01/2020 - 00:05:03: "Kaleun<1><STEAM_0:1:529092><players>" say "boss3"
L 26/01/2020 - 00:05:05: "Kaleun<1><STEAM_0:1:529092><players>" say "boss4"
L 26/01/2020 - 00:05:06: "Kaleun<1><STEAM_0:1:529092><players>" say "coffee"
L 26/01/2020 - 00:05:10: "Kaleun<1><STEAM_0:1:529092><players>" say "coffee1"
L 26/01/2020 - 00:05:13: "Kaleun<1><STEAM_0:1:529092><players>" say "coffee2"
L 26/01/2020 - 00:05:14: "Kaleun<1><STEAM_0:1:529092><players>" stats: frags="0.00" deaths="0" health="100" 
L 26/01/2020 - 00:05:28: "Kaleun<1><STEAM_0:1:529092><players>" say "denial"
L 26/01/2020 - 00:05:31: "Kaleun<1><STEAM_0:1:529092><players>" say "horror1"
L 26/01/2020 - 00:05:34: "Kaleun<1><STEAM_0:1:529092><players>" say "horror"
L 26/01/2020 - 00:05:36: "Kaleun<1><STEAM_0:1:529092><players>" say "horror1"
L 26/01/2020 - 00:05:41: "Kaleun<1><STEAM_0:1:529092><players>" say "quad"
L 26/01/2020 - 00:05:44: "Kaleun<1><STEAM_0:1:529092><players>" say "rust"
L 26/01/2020 - 00:05:44: "Kaleun<1><STEAM_0:1:529092><players>" stats: frags="0.00" deaths="0" health="100" 
L 26/01/2020 - 00:05:47: "Kaleun<1><STEAM_0:1:529092><players>" say "glocks"
L 26/01/2020 - 00:05:52: "Kaleun<1><STEAM_0:1:529092><players>" say "beano"
L 26/01/2020 - 00:05:54: "Kaleun<1><STEAM_0:1:529092><players>" say "beanos"
L 26/01/2020 - 00:06:14: "Kaleun<1><STEAM_0:1:529092><players>" stats: frags="0.00" deaths="0" health="100" 
L 26/01/2020 - 00:06:44: "Kaleun<1><STEAM_0:1:529092><players>" stats: frags="0.00" deaths="0" health="100" 
L 26/01/2020 - 00:07:14: "Kaleun<1><STEAM_0:1:529092><players>" stats: frags="0.00" deaths="0" health="100" 
L 26/01/2020 - 00:07:44: "Kaleun<1><STEAM_0:1:529092><players>" stats: frags="0.00" deaths="0" health="100" 
L 26/01/2020 - 00:08:14: "Kaleun<1><STEAM_0:1:529092><players>" stats: frags="0.00" deaths="0" health="100" 
L 26/01/2020 - 00:08:44: "Kaleun<1><STEAM_0:1:529092><players>" stats: frags="0.00" deaths="0" health="100" 
L 26/01/2020 - 00:09:14: "Kaleun<1><STEAM_0:1:529092><players>" stats: frags="0.00" deaths="0" health="100" 
L 26/01/2020 - 00:09:44: "Kaleun<1><STEAM_0:1:529092><players>" stats: frags="0.00" deaths="0" health="100" 
L 26/01/2020 - 00:10:14: "Kaleun<1><STEAM_0:1:529092><players>" stats: frags="0.00" deaths="0" health="100" 
L 26/01/2020 - 00:10:44: "Kaleun<1><STEAM_0:1:529092><players>" stats: frags="0.00" deaths="0" health="100" 
L 26/01/2020 - 00:11:07: "Kaleun<1><STEAM_0:1:529092><players>" say "voxnumber9"
L 26/01/2020 - 00:11:14: "Kaleun<1><STEAM_0:1:529092><players>" stats: frags="0.00" deaths="0" health="100" 
L 26/01/2020 - 00:11:44: "Kaleun<1><STEAM_0:1:529092><players>" stats: frags="0.00" deaths="0" health="100" 
L 26/01/2020 - 00:12:14: "Kaleun<1><STEAM_0:1:529092><players>" stats: frags="0.00" deaths="0" health="100" 
L 26/01/2020 - 00:12:44: "Kaleun<1><STEAM_0:1:529092><players>" stats: frags="0.00" deaths="0" health="100" 
L 26/01/2020 - 00:13:14: "Kaleun<1><STEAM_0:1:529092><players>" stats: frags="0.00" deaths="0" health="100" 
L 26/01/2020 - 00:13:44: "Kaleun<1><STEAM_0:1:529092><players>" stats: frags="0.00" deaths="0" health="100" 
L 26/01/2020 - 00:14:14: "Kaleun<1><STEAM_0:1:529092><players>" stats: frags="0.00" deaths="0" health="100" 
L 26/01/2020 - 00:14:44: "Kaleun<1><STEAM_0:1:529092><players>" stats: frags="0.00" deaths="0" health="100" 
L 26/01/2020 - 00:15:14: "Kaleun<1><STEAM_0:1:529092><players>" stats: frags="0.00" deaths="0" health="100" 
L 26/01/2020 - 00:15:44: "Kaleun<1><STEAM_0:1:529092><players>" stats: frags="0.00" deaths="0" health="100" 
L 26/01/2020 - 00:16:14: "Kaleun<1><STEAM_0:1:529092><players>" stats: frags="0.00" deaths="0" health="100" 
L 26/01/2020 - 00:16:44: "Kaleun<1><STEAM_0:1:529092><players>" stats: frags="0.00" deaths="0" health="100" 
L 26/01/2020 - 00:17:10: "Kaleun<1><STEAM_0:1:529092><players>" disconnected
L 26/01/2020 - 00:17:21: Log file started (file "logs\2020-01-26.log") (game "svencoop") (version "48/5.0.1.4/8458")
L 26/01/2020 - 00:17:21: Log file closed
L 26/01/2020 - 00:17:21: Log file started (file "logs\2020-01-26.log") (game "svencoop") (version "48/5.0.1.4/8458")
L 26/01/2020 - 00:17:21: Loading map "rust_lobby"
L 26/01/2020 - 00:17:21: Server cvars start
L 26/01/2020 - 00:17:21: Server cvar "adminsfile" = "admins.txt"
L 26/01/2020 - 00:17:21: Server cvar "allow_spectators" = "1.0"
L 26/01/2020 - 00:17:21: Server cvar "coop" = "0"
L 26/01/2020 - 00:17:21: Server cvar "deathmatch" = "1"
L 26/01/2020 - 00:17:21: Server cvar "edgefriction" = "2"
L 26/01/2020 - 00:17:21: Server cvar "gamebuild" = "6397"
L 26/01/2020 - 00:17:21: Server cvar "gamename" = "Sven Co-op"
L 26/01/2020 - 00:17:21: Server cvar "gameversion" = "5.22"
L 26/01/2020 - 00:17:21: Server cvar "gameversionnum" = "5.22"
L 26/01/2020 - 00:17:21: Server cvar "mapvotecfgfile" = "mapvote.cfg"
L 26/01/2020 - 00:17:21: Server cvar "max_queries_sec" = "3.0"
L 26/01/2020 - 00:17:21: Server cvar "max_queries_sec_global" = "30"
L 26/01/2020 - 00:17:21: Server cvar "max_queries_window" = "60"
L 26/01/2020 - 00:17:21: Server cvar "mp_banana" = "1.0"
L 26/01/2020 - 00:17:21: Server cvar "mp_consistency" = "1"
L 26/01/2020 - 00:17:21: Server cvar "mp_footsteps" = "1"
L 26/01/2020 - 00:17:21: Server cvar "mp_logfile" = "1"
L 26/01/2020 - 00:17:21: Server cvar "mp_nextmap_cycle" = ""
L 26/01/2020 - 00:17:21: Server cvar "mp_notimelimit" = "0.0"
L 26/01/2020 - 00:17:21: Server cvar "pausable" = "0"
L 26/01/2020 - 00:17:21: Server cvar "skillcfgfile" = "skill.cfg"
L 26/01/2020 - 00:17:21: Server cvar "sv_accelerate" = "10"
L 26/01/2020 - 00:17:21: Server cvar "sv_admin_icon" = "gfx/icons/admin.tga"
L 26/01/2020 - 00:17:21: Server cvar "sv_aim" = "1"
L 26/01/2020 - 00:17:21: Server cvar "sv_airaccelerate" = "10"
L 26/01/2020 - 00:17:21: Server cvar "sv_allowupload" = "1"
L 26/01/2020 - 00:17:21: Server cvar "sv_bounce" = "1"
L 26/01/2020 - 00:17:21: Server cvar "sv_cheats" = "0"
L 26/01/2020 - 00:17:21: Server cvar "sv_clienttrace" = "1"
L 26/01/2020 - 00:17:21: Server cvar "sv_contact" = ""
L 26/01/2020 - 00:17:21: Server cvar "sv_friction" = "4"
L 26/01/2020 - 00:17:21: Server cvar "sv_gravity" = "800"
L 26/01/2020 - 00:17:21: Server cvar "sv_logblocks" = "0"
L 26/01/2020 - 00:17:21: Server cvar "sv_maxrate" = "0"
L 26/01/2020 - 00:17:21: Server cvar "sv_maxspeed" = "320"
L 26/01/2020 - 00:17:21: Server cvar "sv_minrate" = "0"
L 26/01/2020 - 00:17:21: Server cvar "sv_password" = ""
L 26/01/2020 - 00:17:21: Server cvar "sv_proxies" = "1"
L 26/01/2020 - 00:17:21: Server cvar "sv_stepsize" = "18"
L 26/01/2020 - 00:17:21: Server cvar "sv_stopspeed" = "100"
L 26/01/2020 - 00:17:21: Server cvar "sv_uploadmax" = "0.5"
L 26/01/2020 - 00:17:21: Server cvar "sv_voiceenable" = "1"
L 26/01/2020 - 00:17:21: Server cvar "sv_wateraccelerate" = "10"
L 26/01/2020 - 00:17:21: Server cvar "sv_waterfriction" = "1"
L 26/01/2020 - 00:17:21: Server cvars end
L 26/01/2020 - 00:17:21: Server cvar "mp_consistency" = "0"
L 26/01/2020 - 00:17:21: Log file closed
L 26/01/2020 - 00:17:21: Log file started (file "logs\2020-01-26.log") (game "svencoop") (version "48/5.0.1.4/8458")
L 26/01/2020 - 00:17:21: Server cvar "sv_maxrate" = "100000"
L 26/01/2020 - 00:17:21: Server cvar "sv_aim" = "0"
L 26/01/2020 - 00:17:21: Server cvar "mp_banana" = "1"
L 26/01/2020 - 00:17:21: Server cvar "sv_maxspeed" = "270"
L 26/01/2020 - 00:17:21: Server cvar "sv_airaccelerate" = "2"
L 26/01/2020 - 00:17:21: Started map "rust_lobby" (CRC "1393645788")
L 26/01/2020 - 00:17:21: Log file closed
L 26/01/2020 - 00:17:21: Log file started (file "logs\2020-01-26.log") (game "svencoop") (version "48/5.0.1.4/8458")
L 26/01/2020 - 00:17:37: "Kaleun<1><STEAM_0:1:529092><>" connected, address "192.168.254.12:27005"
L 26/01/2020 - 00:17:38: "Kaleun<1><STEAM_0:1:529092><>" STEAM USERID validated
L 26/01/2020 - 00:17:39: "Kaleun<2><STEAM_0:1:529092><>" connected, address "192.168.254.12:27005"
L 26/01/2020 - 00:17:39: "Kaleun<2><STEAM_0:1:529092><>" STEAM USERID validated
L 26/01/2020 - 00:17:44: "Kaleun<2><STEAM_0:1:529092><players>" has entered the game
L 26/01/2020 - 00:17:46: "mkap<3><STEAM_0:0:151726278><>" connected, address "162.254.192.109:27005"
L 26/01/2020 - 00:17:46: "mkap<3><STEAM_0:0:151726278><>" STEAM USERID validated
L 26/01/2020 - 00:17:59: "mkap<4><STEAM_0:0:151726278><>" connected, address "162.254.192.109:27005"
L 26/01/2020 - 00:17:59: "mkap<4><STEAM_0:0:151726278><>" STEAM USERID validated
L 26/01/2020 - 00:18:01: "Kaleun<2><STEAM_0:1:529092><players>" say "coffee"
L 26/01/2020 - 00:18:03: "Kaleun<2><STEAM_0:1:529092><players>" say "coffee1"
L 26/01/2020 - 00:18:12: map<rust_lobby> ended, going to new level: rust_mini_b9
L 26/01/2020 - 00:18:12: Log file closed
L 26/01/2020 - 00:18:12: Log file started (file "logs\2020-01-26.log") (game "svencoop") (version "48/5.0.1.4/8458")
L 26/01/2020 - 00:18:12: Loading map "rust_mini_b9"
L 26/01/2020 - 00:18:12: Server cvars start
L 26/01/2020 - 00:18:12: Server cvar "adminsfile" = "admins.txt"
L 26/01/2020 - 00:18:12: Server cvar "allow_spectators" = "1.0"
L 26/01/2020 - 00:18:12: Server cvar "coop" = "0"
L 26/01/2020 - 00:18:12: Server cvar "deathmatch" = "1"
L 26/01/2020 - 00:18:12: Server cvar "edgefriction" = "2"
L 26/01/2020 - 00:18:12: Server cvar "gamebuild" = "6397"
L 26/01/2020 - 00:18:12: Server cvar "gamename" = "Sven Co-op"
L 26/01/2020 - 00:18:12: Server cvar "gameversion" = "5.22"
L 26/01/2020 - 00:18:12: Server cvar "gameversionnum" = "5.22"
L 26/01/2020 - 00:18:12: Server cvar "mapvotecfgfile" = "mapvote.cfg"
L 26/01/2020 - 00:18:12: Server cvar "max_queries_sec" = "3.0"
L 26/01/2020 - 00:18:12: Server cvar "max_queries_sec_global" = "30"
L 26/01/2020 - 00:18:12: Server cvar "max_queries_window" = "60"
L 26/01/2020 - 00:18:12: Server cvar "mp_banana" = "1"
L 26/01/2020 - 00:18:12: Server cvar "mp_consistency" = "0"
L 26/01/2020 - 00:18:12: Server cvar "mp_footsteps" = "1"
L 26/01/2020 - 00:18:12: Server cvar "mp_logfile" = "1"
L 26/01/2020 - 00:18:12: Server cvar "mp_nextmap_cycle" = "rust_lobby"
L 26/01/2020 - 00:18:12: Server cvar "mp_notimelimit" = "0.0"
L 26/01/2020 - 00:18:12: Server cvar "pausable" = "0"
L 26/01/2020 - 00:18:12: Server cvar "skillcfgfile" = "skill.cfg"
L 26/01/2020 - 00:18:12: Server cvar "sv_accelerate" = "10"
L 26/01/2020 - 00:18:12: Server cvar "sv_admin_icon" = "gfx/icons/admin.tga"
L 26/01/2020 - 00:18:12: Server cvar "sv_aim" = "0"
L 26/01/2020 - 00:18:12: Server cvar "sv_airaccelerate" = "2"
L 26/01/2020 - 00:18:12: Server cvar "sv_allowupload" = "1"
L 26/01/2020 - 00:18:12: Server cvar "sv_alltalk" = "0"
L 26/01/2020 - 00:18:12: Server cvar "sv_bounce" = "1"
L 26/01/2020 - 00:18:12: Server cvar "sv_cheats" = "0"
L 26/01/2020 - 00:18:12: Server cvar "sv_clienttrace" = "1"
L 26/01/2020 - 00:18:12: Server cvar "sv_contact" = ""
L 26/01/2020 - 00:18:12: Server cvar "sv_friction" = "4"
L 26/01/2020 - 00:18:12: Server cvar "sv_gravity" = "800"
L 26/01/2020 - 00:18:12: Server cvar "sv_logblocks" = "0"
L 26/01/2020 - 00:18:12: Server cvar "sv_maxrate" = "100000"
L 26/01/2020 - 00:18:12: Server cvar "sv_maxspeed" = "270"
L 26/01/2020 - 00:18:12: Server cvar "sv_minrate" = "0"
L 26/01/2020 - 00:18:12: Server cvar "sv_password" = ""
L 26/01/2020 - 00:18:12: Server cvar "sv_proxies" = "1"
L 26/01/2020 - 00:18:12: Server cvar "sv_stepsize" = "18"
L 26/01/2020 - 00:18:12: Server cvar "sv_stopspeed" = "100"
L 26/01/2020 - 00:18:12: Server cvar "sv_uploadmax" = "0.5"
L 26/01/2020 - 00:18:12: Server cvar "sv_voiceenable" = "1"
L 26/01/2020 - 00:18:12: Server cvar "sv_wateraccelerate" = "10"
L 26/01/2020 - 00:18:12: Server cvar "sv_waterfriction" = "1"
L 26/01/2020 - 00:18:12: Server cvars end
L 26/01/2020 - 00:18:13: Log file closed
L 26/01/2020 - 00:19:29: Log file started (file "logs\2020-01-26.log") (game "svencoop") (version "48/5.0.1.4/8458")
L 26/01/2020 - 00:19:29: Log file closed
L 26/01/2020 - 00:19:29: Log file started (file "logs\2020-01-26.log") (game "svencoop") (version "48/5.0.1.4/8458")
L 26/01/2020 - 00:19:29: Loading map "rust_lobby"
L 26/01/2020 - 00:19:29: Server cvars start
L 26/01/2020 - 00:19:29: Server cvar "adminsfile" = "admins.txt"
L 26/01/2020 - 00:19:29: Server cvar "allow_spectators" = "1.0"
L 26/01/2020 - 00:19:29: Server cvar "coop" = "0"
L 26/01/2020 - 00:19:29: Server cvar "deathmatch" = "1"
L 26/01/2020 - 00:19:29: Server cvar "edgefriction" = "2"
L 26/01/2020 - 00:19:29: Server cvar "gamebuild" = "6397"
L 26/01/2020 - 00:19:29: Server cvar "gamename" = "Sven Co-op"
L 26/01/2020 - 00:19:29: Server cvar "gameversion" = "5.22"
L 26/01/2020 - 00:19:29: Server cvar "gameversionnum" = "5.22"
L 26/01/2020 - 00:19:29: Server cvar "mapvotecfgfile" = "mapvote.cfg"
L 26/01/2020 - 00:19:29: Server cvar "max_queries_sec" = "3.0"
L 26/01/2020 - 00:19:29: Server cvar "max_queries_sec_global" = "30"
L 26/01/2020 - 00:19:29: Server cvar "max_queries_window" = "60"
L 26/01/2020 - 00:19:29: Server cvar "mp_banana" = "1.0"
L 26/01/2020 - 00:19:29: Server cvar "mp_consistency" = "1"
L 26/01/2020 - 00:19:29: Server cvar "mp_footsteps" = "1"
L 26/01/2020 - 00:19:29: Server cvar "mp_logfile" = "1"
L 26/01/2020 - 00:19:29: Server cvar "mp_nextmap_cycle" = ""
L 26/01/2020 - 00:19:29: Server cvar "mp_notimelimit" = "0.0"
L 26/01/2020 - 00:19:29: Server cvar "pausable" = "0"
L 26/01/2020 - 00:19:29: Server cvar "skillcfgfile" = "skill.cfg"
L 26/01/2020 - 00:19:29: Server cvar "sv_accelerate" = "10"
L 26/01/2020 - 00:19:29: Server cvar "sv_admin_icon" = "gfx/icons/admin.tga"
L 26/01/2020 - 00:19:29: Server cvar "sv_aim" = "1"
L 26/01/2020 - 00:19:29: Server cvar "sv_airaccelerate" = "10"
L 26/01/2020 - 00:19:29: Server cvar "sv_allowupload" = "1"
L 26/01/2020 - 00:19:29: Server cvar "sv_bounce" = "1"
L 26/01/2020 - 00:19:29: Server cvar "sv_cheats" = "0"
L 26/01/2020 - 00:19:29: Server cvar "sv_clienttrace" = "1"
L 26/01/2020 - 00:19:29: Server cvar "sv_contact" = ""
L 26/01/2020 - 00:19:29: Server cvar "sv_friction" = "4"
L 26/01/2020 - 00:19:29: Server cvar "sv_gravity" = "800"
L 26/01/2020 - 00:19:29: Server cvar "sv_logblocks" = "0"
L 26/01/2020 - 00:19:29: Server cvar "sv_maxrate" = "0"
L 26/01/2020 - 00:19:29: Server cvar "sv_maxspeed" = "320"
L 26/01/2020 - 00:19:29: Server cvar "sv_minrate" = "0"
L 26/01/2020 - 00:19:29: Server cvar "sv_password" = ""
L 26/01/2020 - 00:19:29: Server cvar "sv_proxies" = "1"
L 26/01/2020 - 00:19:29: Server cvar "sv_stepsize" = "18"
L 26/01/2020 - 00:19:29: Server cvar "sv_stopspeed" = "100"
L 26/01/2020 - 00:19:29: Server cvar "sv_uploadmax" = "0.5"
L 26/01/2020 - 00:19:29: Server cvar "sv_voiceenable" = "1"
L 26/01/2020 - 00:19:29: Server cvar "sv_wateraccelerate" = "10"
L 26/01/2020 - 00:19:29: Server cvar "sv_waterfriction" = "1"
L 26/01/2020 - 00:19:29: Server cvars end
L 26/01/2020 - 00:19:29: Server cvar "mp_consistency" = "0"
L 26/01/2020 - 00:19:29: Log file closed
L 26/01/2020 - 00:19:29: Log file started (file "logs\2020-01-26.log") (game "svencoop") (version "48/5.0.1.4/8458")
L 26/01/2020 - 00:19:29: Server cvar "sv_maxrate" = "100000"
L 26/01/2020 - 00:19:29: Server cvar "sv_aim" = "0"
L 26/01/2020 - 00:19:29: Server cvar "mp_banana" = "1"
L 26/01/2020 - 00:19:29: Server cvar "sv_maxspeed" = "270"
L 26/01/2020 - 00:19:29: Server cvar "sv_airaccelerate" = "2"
L 26/01/2020 - 00:19:30: Started map "rust_lobby" (CRC "1393645788")
L 26/01/2020 - 00:19:30: Log file closed
L 26/01/2020 - 00:23:01: Log file started (file "logs\2020-01-26.log") (game "svencoop") (version "48/5.0.1.4/8458")
L 26/01/2020 - 00:23:01: Log file closed
L 26/01/2020 - 00:23:01: Log file started (file "logs\2020-01-26.log") (game "svencoop") (version "48/5.0.1.4/8458")
L 26/01/2020 - 00:23:01: Loading map "rust_lobby"
L 26/01/2020 - 00:23:01: Server cvars start
L 26/01/2020 - 00:23:01: Server cvar "adminsfile" = "admins.txt"
L 26/01/2020 - 00:23:01: Server cvar "allow_spectators" = "1.0"
L 26/01/2020 - 00:23:01: Server cvar "coop" = "0"
L 26/01/2020 - 00:23:01: Server cvar "deathmatch" = "1"
L 26/01/2020 - 00:23:01: Server cvar "edgefriction" = "2"
L 26/01/2020 - 00:23:01: Server cvar "gamebuild" = "6397"
L 26/01/2020 - 00:23:01: Server cvar "gamename" = "Sven Co-op"
L 26/01/2020 - 00:23:01: Server cvar "gameversion" = "5.22"
L 26/01/2020 - 00:23:01: Server cvar "gameversionnum" = "5.22"
L 26/01/2020 - 00:23:01: Server cvar "mapvotecfgfile" = "mapvote.cfg"
L 26/01/2020 - 00:23:01: Server cvar "max_queries_sec" = "3.0"
L 26/01/2020 - 00:23:01: Server cvar "max_queries_sec_global" = "30"
L 26/01/2020 - 00:23:01: Server cvar "max_queries_window" = "60"
L 26/01/2020 - 00:23:01: Server cvar "mp_banana" = "1.0"
L 26/01/2020 - 00:23:01: Server cvar "mp_consistency" = "1"
L 26/01/2020 - 00:23:01: Server cvar "mp_footsteps" = "1"
L 26/01/2020 - 00:23:01: Server cvar "mp_logfile" = "1"
L 26/01/2020 - 00:23:01: Server cvar "mp_nextmap_cycle" = ""
L 26/01/2020 - 00:23:01: Server cvar "mp_notimelimit" = "0.0"
L 26/01/2020 - 00:23:01: Server cvar "pausable" = "0"
L 26/01/2020 - 00:23:01: Server cvar "skillcfgfile" = "skill.cfg"
L 26/01/2020 - 00:23:01: Server cvar "sv_accelerate" = "10"
L 26/01/2020 - 00:23:01: Server cvar "sv_admin_icon" = "gfx/icons/admin.tga"
L 26/01/2020 - 00:23:01: Server cvar "sv_aim" = "1"
L 26/01/2020 - 00:23:01: Server cvar "sv_airaccelerate" = "10"
L 26/01/2020 - 00:23:01: Server cvar "sv_allowupload" = "1"
L 26/01/2020 - 00:23:01: Server cvar "sv_bounce" = "1"
L 26/01/2020 - 00:23:01: Server cvar "sv_cheats" = "0"
L 26/01/2020 - 00:23:01: Server cvar "sv_clienttrace" = "1"
L 26/01/2020 - 00:23:01: Server cvar "sv_contact" = ""
L 26/01/2020 - 00:23:01: Server cvar "sv_friction" = "4"
L 26/01/2020 - 00:23:01: Server cvar "sv_gravity" = "800"
L 26/01/2020 - 00:23:01: Server cvar "sv_logblocks" = "0"
L 26/01/2020 - 00:23:01: Server cvar "sv_maxrate" = "0"
L 26/01/2020 - 00:23:01: Server cvar "sv_maxspeed" = "320"
L 26/01/2020 - 00:23:01: Server cvar "sv_minrate" = "0"
L 26/01/2020 - 00:23:01: Server cvar "sv_password" = ""
L 26/01/2020 - 00:23:01: Server cvar "sv_proxies" = "1"
L 26/01/2020 - 00:23:01: Server cvar "sv_stepsize" = "18"
L 26/01/2020 - 00:23:01: Server cvar "sv_stopspeed" = "100"
L 26/01/2020 - 00:23:01: Server cvar "sv_uploadmax" = "0.5"
L 26/01/2020 - 00:23:01: Server cvar "sv_voiceenable" = "1"
L 26/01/2020 - 00:23:01: Server cvar "sv_wateraccelerate" = "10"
L 26/01/2020 - 00:23:01: Server cvar "sv_waterfriction" = "1"
L 26/01/2020 - 00:23:01: Server cvars end
L 26/01/2020 - 00:23:01: Server cvar "mp_consistency" = "0"
L 26/01/2020 - 00:23:01: Log file closed
L 26/01/2020 - 00:23:01: Log file started (file "logs\2020-01-26.log") (game "svencoop") (version "48/5.0.1.4/8458")
L 26/01/2020 - 00:23:01: Server cvar "sv_maxrate" = "100000"
L 26/01/2020 - 00:23:01: Server cvar "sv_aim" = "0"
L 26/01/2020 - 00:23:01: Server cvar "mp_banana" = "1"
L 26/01/2020 - 00:23:01: Server cvar "sv_maxspeed" = "270"
L 26/01/2020 - 00:23:01: Server cvar "sv_airaccelerate" = "2"
L 26/01/2020 - 00:23:01: Started map "rust_lobby" (CRC "1393645788")
L 26/01/2020 - 00:23:01: Log file closed
L 26/01/2020 - 00:23:01: Log file started (file "logs\2020-01-26.log") (game "svencoop") (version "48/5.0.1.4/8458")
L 26/01/2020 - 00:23:57: "Kaleun<1><STEAM_0:1:529092><>" connected, address "192.168.254.12:27005"
L 26/01/2020 - 00:23:58: "Kaleun<1><STEAM_0:1:529092><>" STEAM USERID validated
L 26/01/2020 - 00:24:01: "Kaleun<1><STEAM_0:1:529092><players>" has entered the game
L 26/01/2020 - 00:24:01: "Kaleun<1><STEAM_0:1:529092><players>" disconnected
L 26/01/2020 - 00:24:02: "Kaleun<2><STEAM_0:1:529092><>" connected, address "192.168.254.12:27005"
L 26/01/2020 - 00:24:02: "Kaleun<2><STEAM_0:1:529092><players>" connected
L 26/01/2020 - 00:24:02: "Kaleun<2><STEAM_0:1:529092><>" STEAM USERID validated
L 26/01/2020 - 00:24:03: "Kaleun<2><STEAM_0:1:529092><players>" has entered the game
L 26/01/2020 - 00:24:03: "Kaleun<2><STEAM_0:1:529092><players>" disconnected
L 26/01/2020 - 00:24:03: "Kaleun<3><STEAM_0:1:529092><>" connected, address "192.168.254.12:27005"
L 26/01/2020 - 00:24:03: "Kaleun<3><STEAM_0:1:529092><players>" connected
L 26/01/2020 - 00:24:04: "Kaleun<3><STEAM_0:1:529092><>" STEAM USERID validated
L 26/01/2020 - 00:24:05: "Kaleun<3><STEAM_0:1:529092><players>" has entered the game
L 26/01/2020 - 00:24:05: "Kaleun<3><STEAM_0:1:529092><players>" disconnected
L 26/01/2020 - 00:24:05: "Kaleun<4><STEAM_0:1:529092><>" connected, address "192.168.254.12:27005"
L 26/01/2020 - 00:24:05: "Kaleun<4><STEAM_0:1:529092><players>" connected
L 26/01/2020 - 00:24:06: "Kaleun<4><STEAM_0:1:529092><>" STEAM USERID validated
L 26/01/2020 - 00:24:07: "Kaleun<4><STEAM_0:1:529092><players>" has entered the game
L 26/01/2020 - 00:24:07: "Kaleun<4><STEAM_0:1:529092><players>" disconnected
L 26/01/2020 - 00:24:07: "Kaleun<5><STEAM_0:1:529092><>" connected, address "192.168.254.12:27005"
L 26/01/2020 - 00:24:07: "Kaleun<5><STEAM_0:1:529092><players>" connected
L 26/01/2020 - 00:24:07: "Kaleun<5><STEAM_0:1:529092><>" STEAM USERID validated
L 26/01/2020 - 00:24:09: "Kaleun<5><STEAM_0:1:529092><players>" has entered the game
L 26/01/2020 - 00:24:09: "Kaleun<5><STEAM_0:1:529092><players>" disconnected
L 26/01/2020 - 00:24:09: "Kaleun<6><STEAM_0:1:529092><>" connected, address "192.168.254.12:27005"
L 26/01/2020 - 00:24:09: "Kaleun<6><STEAM_0:1:529092><players>" connected
L 26/01/2020 - 00:24:09: "Kaleun<6><STEAM_0:1:529092><>" STEAM USERID validated
L 26/01/2020 - 00:24:10: "Kaleun<6><STEAM_0:1:529092><players>" has entered the game
L 26/01/2020 - 00:24:11: "Kaleun<6><STEAM_0:1:529092><players>" disconnected
L 26/01/2020 - 00:24:11: "Kaleun<7><STEAM_0:1:529092><>" connected, address "192.168.254.12:27005"
L 26/01/2020 - 00:24:11: "Kaleun<7><STEAM_0:1:529092><players>" connected
L 26/01/2020 - 00:24:11: "Kaleun<7><STEAM_0:1:529092><>" STEAM USERID validated
L 26/01/2020 - 00:24:12: "Kaleun<7><STEAM_0:1:529092><players>" has entered the game
L 26/01/2020 - 00:24:13: "Kaleun<7><STEAM_0:1:529092><players>" disconnected
L 26/01/2020 - 00:24:13: "Kaleun<8><STEAM_0:1:529092><>" connected, address "192.168.254.12:27005"
L 26/01/2020 - 00:24:13: "Kaleun<8><STEAM_0:1:529092><players>" connected
L 26/01/2020 - 00:24:13: "Kaleun<8><STEAM_0:1:529092><>" STEAM USERID validated
L 26/01/2020 - 00:24:14: "Kaleun<8><STEAM_0:1:529092><players>" has entered the game
L 26/01/2020 - 00:24:15: "Kaleun<8><STEAM_0:1:529092><players>" disconnected
L 26/01/2020 - 00:24:15: "Kaleun<9><STEAM_0:1:529092><>" connected, address "192.168.254.12:27005"
L 26/01/2020 - 00:24:15: "Kaleun<9><STEAM_0:1:529092><players>" connected
L 26/01/2020 - 00:24:15: "Kaleun<9><STEAM_0:1:529092><>" STEAM USERID validated
L 26/01/2020 - 00:24:16: "Kaleun<9><STEAM_0:1:529092><players>" has entered the game
L 26/01/2020 - 00:24:16: "Kaleun<9><STEAM_0:1:529092><players>" disconnected
L 26/01/2020 - 00:24:16: "Kaleun<10><STEAM_0:1:529092><>" connected, address "192.168.254.12:27005"
L 26/01/2020 - 00:24:17: "Kaleun<10><STEAM_0:1:529092><players>" connected
L 26/01/2020 - 00:24:17: "Kaleun<10><STEAM_0:1:529092><>" STEAM USERID validated
L 26/01/2020 - 00:24:18: "Kaleun<10><STEAM_0:1:529092><players>" has entered the game
L 26/01/2020 - 00:24:18: "Kaleun<10><STEAM_0:1:529092><players>" disconnected
L 26/01/2020 - 00:24:18: "Kaleun<11><STEAM_0:1:529092><>" connected, address "192.168.254.12:27005"
L 26/01/2020 - 00:24:18: "Kaleun<11><STEAM_0:1:529092><players>" connected
L 26/01/2020 - 00:24:19: "Kaleun<11><STEAM_0:1:529092><>" STEAM USERID validated
L 26/01/2020 - 00:24:20L 26/01/2020 - 00:26:03: Log file started (file "logs\2020-01-26.log") (game "svencoop") (version "48/5.0.1.4/8458")
L 26/01/2020 - 00:26:03: Log file closed
L 26/01/2020 - 00:26:03: Log file started (file "logs\2020-01-26.log") (game "svencoop") (version "48/5.0.1.4/8458")
L 26/01/2020 - 00:26:03: Loading map "rust_lobby"
L 26/01/2020 - 00:26:03: Server cvars start
L 26/01/2020 - 00:26:03: Server cvar "adminsfile" = "admins.txt"
L 26/01/2020 - 00:26:03: Server cvar "allow_spectators" = "1.0"
L 26/01/2020 - 00:26:03: Server cvar "coop" = "0"
L 26/01/2020 - 00:26:03: Server cvar "deathmatch" = "1"
L 26/01/2020 - 00:26:03: Server cvar "edgefriction" = "2"
L 26/01/2020 - 00:26:03: Server cvar "gamebuild" = "6397"
L 26/01/2020 - 00:26:03: Server cvar "gamename" = "Sven Co-op"
L 26/01/2020 - 00:26:03: Server cvar "gameversion" = "5.22"
L 26/01/2020 - 00:26:03: Server cvar "gameversionnum" = "5.22"
L 26/01/2020 - 00:26:03: Server cvar "mapvotecfgfile" = "mapvote.cfg"
L 26/01/2020 - 00:26:03: Server cvar "max_queries_sec" = "3.0"
L 26/01/2020 - 00:26:03: Server cvar "max_queries_sec_global" = "30"
L 26/01/2020 - 00:26:03: Server cvar "max_queries_window" = "60"
L 26/01/2020 - 00:26:03: Server cvar "mp_banana" = "1.0"
L 26/01/2020 - 00:26:03: Server cvar "mp_consistency" = "1"
L 26/01/2020 - 00:26:03: Server cvar "mp_footsteps" = "1"
L 26/01/2020 - 00:26:03: Server cvar "mp_logfile" = "1"
L 26/01/2020 - 00:26:03: Server cvar "mp_nextmap_cycle" = ""
L 26/01/2020 - 00:26:03: Server cvar "mp_notimelimit" = "0.0"
L 26/01/2020 - 00:26:03: Server cvar "pausable" = "0"
L 26/01/2020 - 00:26:03: Server cvar "skillcfgfile" = "skill.cfg"
L 26/01/2020 - 00:26:03: Server cvar "sv_accelerate" = "10"
L 26/01/2020 - 00:26:03: Server cvar "sv_admin_icon" = "gfx/icons/admin.tga"
L 26/01/2020 - 00:26:03: Server cvar "sv_aim" = "1"
L 26/01/2020 - 00:26:03: Server cvar "sv_airaccelerate" = "10"
L 26/01/2020 - 00:26:03: Server cvar "sv_allowupload" = "1"
L 26/01/2020 - 00:26:03: Server cvar "sv_bounce" = "1"
L 26/01/2020 - 00:26:03: Server cvar "sv_cheats" = "0"
L 26/01/2020 - 00:26:03: Server cvar "sv_clienttrace" = "1"
L 26/01/2020 - 00:26:03: Server cvar "sv_contact" = ""
L 26/01/2020 - 00:26:03: Server cvar "sv_friction" = "4"
L 26/01/2020 - 00:26:03: Server cvar "sv_gravity" = "800"
L 26/01/2020 - 00:26:03: Server cvar "sv_logblocks" = "0"
L 26/01/2020 - 00:26:03: Server cvar "sv_maxrate" = "0"
L 26/01/2020 - 00:26:03: Server cvar "sv_maxspeed" = "320"
L 26/01/2020 - 00:26:03: Server cvar "sv_minrate" = "0"
L 26/01/2020 - 00:26:03: Server cvar "sv_password" = ""
L 26/01/2020 - 00:26:03: Server cvar "sv_proxies" = "1"
L 26/01/2020 - 00:26:03: Server cvar "sv_stepsize" = "18"
L 26/01/2020 - 00:26:03: Server cvar "sv_stopspeed" = "100"
L 26/01/2020 - 00:26:03: Server cvar "sv_uploadmax" = "0.5"
L 26/01/2020 - 00:26:03: Server cvar "sv_voiceenable" = "1"
L 26/01/2020 - 00:26:03: Server cvar "sv_wateraccelerate" = "10"
L 26/01/2020 - 00:26:03: Server cvar "sv_waterfriction" = "1"
L 26/01/2020 - 00:26:03: Server cvars end
L 26/01/2020 - 00:26:04: Server cvar "mp_consistency" = "0"
L 26/01/2020 - 00:26:04: Log file closed
L 26/01/2020 - 00:26:04: Log file started (file "logs\2020-01-26.log") (game "svencoop") (version "48/5.0.1.4/8458")
L 26/01/2020 - 00:26:04: Server cvar "sv_maxrate" = "100000"
L 26/01/2020 - 00:26:04: Server cvar "sv_aim" = "0"
L 26/01/2020 - 00:26:04: Server cvar "mp_banana" = "1"
L 26/01/2020 - 00:26:04: Server cvar "sv_maxspeed" = "270"
L 26/01/2020 - 00:26:04: Server cvar "sv_airaccelerate" = "2"
L 26/01/2020 - 00:26:04: Started map "rust_lobby" (CRC "1393645788")
L 26/01/2020 - 00:26:04: Log file closed
L 26/01/2020 - 00:26:04: Log file started (file "logs\2020-01-26.log") (game "svencoop") (version "48/5.0.1.4/8458")
L 26/01/2020 - 00:26:08: "Kaleun<1><STEAM_0:1:529092><>" connected, address "192.168.254.12:27005"
L 26/01/2020 - 00:26:08: "Kaleun<1><STEAM_0:1:529092><>" STEAM USERID validated
L 26/01/2020 - 00:27:29: "Kaleun<2><STEAM_0:1:529092><>" connected, address "192.168.254.12:27005"
L 26/01/2020 - 00:27:30: "Kaleun<2><STEAM_0:1:529092><>" STEAM USERID validated
L 26/01/2020 - 00:41:15: "Kaleun<2><STEAM_0:1:529092><players>" has entered the game
L 26/01/2020 - 00:41:45: "Kaleun<2><STEAM_0:1:529092><players>" stats: frags="0.00" deaths="0" health="100" 
L 26/01/2020 - 00:42:11: map<rust_lobby> ended, going to new level: rust_mini_b9
L 26/01/2020 - 00:42:11: Log file closed
L 26/01/2020 - 00:42:11: Log file started (file "logs\2020-01-26.log") (game "svencoop") (version "48/5.0.1.4/8458")
L 26/01/2020 - 00:42:11: Loading map "rust_mini_b9"
L 26/01/2020 - 00:42:11: Server cvars start
L 26/01/2020 - 00:42:11: Server cvar "adminsfile" = "admins.txt"
L 26/01/2020 - 00:42:11: Server cvar "allow_spectators" = "1.0"
L 26/01/2020 - 00:42:11: Server cvar "coop" = "0"
L 26/01/2020 - 00:42:11: Server cvar "deathmatch" = "1"
L 26/01/2020 - 00:42:11: Server cvar "edgefriction" = "2"
L 26/01/2020 - 00:42:11: Server cvar "gamebuild" = "6397"
L 26/01/2020 - 00:42:11: Server cvar "gamename" = "Sven Co-op"
L 26/01/2020 - 00:42:11: Server cvar "gameversion" = "5.22"
L 26/01/2020 - 00:42:11: Server cvar "gameversionnum" = "5.22"
L 26/01/2020 - 00:42:11: Server cvar "mapvotecfgfile" = "mapvote.cfg"
L 26/01/2020 - 00:42:11: Server cvar "max_queries_sec" = "3.0"
L 26/01/2020 - 00:42:11: Server cvar "max_queries_sec_global" = "30"
L 26/01/2020 - 00:42:11: Server cvar "max_queries_window" = "60"
L 26/01/2020 - 00:42:11: Server cvar "mp_banana" = "1"
L 26/01/2020 - 00:42:11: Server cvar "mp_consistency" = "0"
L 26/01/2020 - 00:42:11: Server cvar "mp_footsteps" = "1"
L 26/01/2020 - 00:42:11: Server cvar "mp_logfile" = "1"
L 26/01/2020 - 00:42:11: Server cvar "mp_nextmap_cycle" = "rust_lobby"
L 26/01/2020 - 00:42:11: Server cvar "mp_notimelimit" = "0.0"
L 26/01/2020 - 00:42:11: Server cvar "pausable" = "0"
L 26/01/2020 - 00:42:11: Server cvar "skillcfgfile" = "skill.cfg"
L 26/01/2020 - 00:42:11: Server cvar "sv_accelerate" = "10"
L 26/01/2020 - 00:42:11: Server cvar "sv_admin_icon" = "gfx/icons/admin.tga"
L 26/01/2020 - 00:42:11: Server cvar "sv_aim" = "0"
L 26/01/2020 - 00:42:11: Server cvar "sv_airaccelerate" = "2"
L 26/01/2020 - 00:42:11: Server cvar "sv_allowupload" = "1"
L 26/01/2020 - 00:42:11: Server cvar "sv_alltalk" = "0"
L 26/01/2020 - 00:42:11: Server cvar "sv_bounce" = "1"
L 26/01/2020 - 00:42:11: Server cvar "sv_cheats" = "0"
L 26/01/2020 - 00:42:11: Server cvar "sv_clienttrace" = "1"
L 26/01/2020 - 00:42:11: Server cvar "sv_contact" = ""
L 26/01/2020 - 00:42:11: Server cvar "sv_friction" = "4"
L 26/01/2020 - 00:42:11: Server cvar "sv_gravity" = "800"
L 26/01/2020 - 00:42:11: Server cvar "sv_logblocks" = "0"
L 26/01/2020 - 00:42:11: Server cvar "sv_maxrate" = "100000"
L 26/01/2020 - 00:42:11: Server cvar "sv_maxspeed" = "270"
L 26/01/2020 - 00:42:11: Server cvar "sv_minrate" = "0"
L 26/01/2020 - 00:42:11: Server cvar "sv_password" = ""
L 26/01/2020 - 00:42:11: Server cvar "sv_proxies" = "1"
L 26/01/2020 - 00:42:11: Server cvar "sv_stepsize" = "18"
L 26/01/2020 - 00:42:11: Server cvar "sv_stopspeed" = "100"
L 26/01/2020 - 00:42:11: Server cvar "sv_uploadmax" = "0.5"
L 26/01/2020 - 00:42:11: Server cvar "sv_voiceenable" = "1"
L 26/01/2020 - 00:42:11: Server cvar "sv_wateraccelerate" = "10"
L 26/01/2020 - 00:42:11: Server cvar "sv_waterfriction" = "1"
L 26/01/2020 - 00:42:11: Server cvars end
L 26/01/2020 - 00:42:12: Log file closed
L 26/01/2020 - 00:42:12: Log file started (file "logs\2020-01-26.log") (game "svencoop") (version "48/5.0.1.4/8458")
L 26/01/2020 - 00:42:12: Server cvar "sv_airaccelerate" = "10"
L 26/01/2020 - 00:42:20: Started map "rust_mini_b9" (CRC "1315445642")
L 26/01/2020 - 00:42:22: "Kaleun<3><STEAM_0:1:529092><>" connected, address "192.168.254.12:27005"
L 26/01/2020 - 00:42:23: "Kaleun<3><STEAM_0:1:529092><>" STEAM USERID validated
L 26/01/2020 - 00:42:30: "Kaleun<3><STEAM_0:1:529092><players>" has entered the game
L 26/01/2020 - 00:42:45: "Kaleun<3><STEAM_0:1:529092><players>" say "coffee"
L 26/01/2020 - 00:42:55: "Kaleun<3><STEAM_0:1:529092><players>" say "boss2"
L 26/01/2020 - 00:42:58: "Kaleun<3><STEAM_0:1:529092><players>" say "boss3"
L 26/01/2020 - 00:43:00: "Kaleun<3><STEAM_0:1:529092><players>" stats: frags="0.00" deaths="0" health="100" 
L 26/01/2020 - 00:43:12: "Kaleun<3><STEAM_0:1:529092><players>" say "whatyousaid"
L 26/01/2020 - 00:43:17: "Kaleun<3><STEAM_0:1:529092><players>" say "arrow"
L 26/01/2020 - 00:43:21: "Kaleun<3><STEAM_0:1:529092><players>" say "horror1"
L 26/01/2020 - 00:43:29: "Kaleun<3><STEAM_0:1:529092><players>" say "boss4"
L 26/01/2020 - 00:43:30: "Kaleun<3><STEAM_0:1:529092><players>" stats: frags="0.00" deaths="0" health="100" 
L 26/01/2020 - 00:43:38: "Kaleun<3><STEAM_0:1:529092><players>" say "boss2"
L 26/01/2020 - 00:44:00: "Kaleun<3><STEAM_0:1:529092><players>" stats: frags="0.00" deaths="0" health="100" 
L 26/01/2020 - 00:44:30: "Kaleun<3><STEAM_0:1:529092><players>" stats: frags="0.00" deaths="0" health="100" 
L 26/01/2020 - 00:45:00: "Kaleun<3><STEAM_0:1:529092><players>" stats: frags="0.00" deaths="0" health="100" 
L 26/01/2020 - 00:45:30: "Kaleun<3><STEAM_0:1:529092><players>" stats: frags="0.00" deaths="0" health="100" 
L 26/01/2020 - 00:46:00: "Kaleun<3><STEAM_0:1:529092><players>" stats: frags="0.00" deaths="0" health="100" 
L 26/01/2020 - 00:46:05: "Kaleun<3><STEAM_0:1:529092><players>" say "boss3"
L 26/01/2020 - 00:46:30: "Kaleun<3><STEAM_0:1:529092><players>" stats: frags="0.00" deaths="0" health="100" 
L 26/01/2020 - 00:47:00: "Kaleun<3><STEAM_0:1:529092><players>" stats: frags="0.00" deaths="0" health="100" 
L 26/01/2020 - 00:47:22: "Kaleun<3><STEAM_0:1:529092><players>" say "whatyousaid"
L 26/01/2020 - 00:47:30: "Kaleun<3><STEAM_0:1:529092><players>" stats: frags="0.00" deaths="0" health="100" 
L 26/01/2020 - 00:48:00: "Kaleun<3><STEAM_0:1:529092><players>" stats: frags="0.00" deaths="0" health="100" 
L 26/01/2020 - 00:48:30: "Kaleun<3><STEAM_0:1:529092><players>" stats: frags="0.00" deaths="0" health="100" 
L 26/01/2020 - 00:49:00: "Kaleun<3><STEAM_0:1:529092><players>" stats: frags="0.00" deaths="0" health="100" 
L 26/01/2020 - 00:49:03: "Kaleun<3><STEAM_0:1:529092><players>" say "horror1"
L 26/01/2020 - 00:49:30: "Kaleun<3><STEAM_0:1:529092><players>" stats: frags="0.00" deaths="0" health="100" 
L 26/01/2020 - 00:50:00: "Kaleun<3><STEAM_0:1:529092><players>" stats: frags="0.00" deaths="0" health="100" 
L 26/01/2020 - 00:50:20: Server shutdown
L 26/01/2020 - 00:50:20: Log file closed
L 26/01/2020 - 00:57:32: Log file started (file "logs\2020-01-26.log") (game "svencoop") (version "48/5.0.1.4/8458")
L 26/01/2020 - 00:57:32: Log file closed
L 26/01/2020 - 00:57:32: Log file started (file "logs\2020-01-26.log") (game "svencoop") (version "48/5.0.1.4/8458")
L 26/01/2020 - 00:57:32: Loading map "rust_lobby"
L 26/01/2020 - 00:57:32: Server cvars start
L 26/01/2020 - 00:57:32: Server cvar "adminsfile" = "admins.txt"
L 26/01/2020 - 00:57:32: Server cvar "allow_spectators" = "1.0"
L 26/01/2020 - 00:57:32: Server cvar "coop" = "0"
L 26/01/2020 - 00:57:32: Server cvar "deathmatch" = "1"
L 26/01/2020 - 00:57:32: Server cvar "edgefriction" = "2"
L 26/01/2020 - 00:57:32: Server cvar "gamebuild" = "6397"
L 26/01/2020 - 00:57:32: Server cvar "gamename" = "Sven Co-op"
L 26/01/2020 - 00:57:32: Server cvar "gameversion" = "5.22"
L 26/01/2020 - 00:57:32: Server cvar "gameversionnum" = "5.22"
L 26/01/2020 - 00:57:32: Server cvar "mapvotecfgfile" = "mapvote.cfg"
L 26/01/2020 - 00:57:32: Server cvar "max_queries_sec" = "3.0"
L 26/01/2020 - 00:57:32: Server cvar "max_queries_sec_global" = "30"
L 26/01/2020 - 00:57:32: Server cvar "max_queries_window" = "60"
L 26/01/2020 - 00:57:32: Server cvar "mp_banana" = "1.0"
L 26/01/2020 - 00:57:32: Server cvar "mp_consistency" = "1"
L 26/01/2020 - 00:57:32: Server cvar "mp_footsteps" = "1"
L 26/01/2020 - 00:57:32: Server cvar "mp_logfile" = "1"
L 26/01/2020 - 00:57:32: Server cvar "mp_nextmap_cycle" = ""
L 26/01/2020 - 00:57:32: Server cvar "mp_notimelimit" = "0.0"
L 26/01/2020 - 00:57:32: Server cvar "pausable" = "0"
L 26/01/2020 - 00:57:32: Server cvar "skillcfgfile" = "skill.cfg"
L 26/01/2020 - 00:57:32: Server cvar "sv_accelerate" = "10"
L 26/01/2020 - 00:57:32: Server cvar "sv_admin_icon" = "gfx/icons/admin.tga"
L 26/01/2020 - 00:57:32: Server cvar "sv_aim" = "1"
L 26/01/2020 - 00:57:32: Server cvar "sv_airaccelerate" = "10"
L 26/01/2020 - 00:57:32: Server cvar "sv_allowupload" = "1"
L 26/01/2020 - 00:57:32: Server cvar "sv_bounce" = "1"
L 26/01/2020 - 00:57:32: Server cvar "sv_cheats" = "0"
L 26/01/2020 - 00:57:32: Server cvar "sv_clienttrace" = "1"
L 26/01/2020 - 00:57:32: Server cvar "sv_contact" = ""
L 26/01/2020 - 00:57:32: Server cvar "sv_friction" = "4"
L 26/01/2020 - 00:57:32: Server cvar "sv_gravity" = "800"
L 26/01/2020 - 00:57:32: Server cvar "sv_logblocks" = "0"
L 26/01/2020 - 00:57:32: Server cvar "sv_maxrate" = "0"
L 26/01/2020 - 00:57:32: Server cvar "sv_maxspeed" = "320"
L 26/01/2020 - 00:57:32: Server cvar "sv_minrate" = "0"
L 26/01/2020 - 00:57:32: Server cvar "sv_password" = ""
L 26/01/2020 - 00:57:32: Server cvar "sv_proxies" = "1"
L 26/01/2020 - 00:57:32: Server cvar "sv_stepsize" = "18"
L 26/01/2020 - 00:57:32: Server cvar "sv_stopspeed" = "100"
L 26/01/2020 - 00:57:32: Server cvar "sv_uploadmax" = "0.5"
L 26/01/2020 - 00:57:32: Server cvar "sv_voiceenable" = "1"
L 26/01/2020 - 00:57:32: Server cvar "sv_wateraccelerate" = "10"
L 26/01/2020 - 00:57:32: Server cvar "sv_waterfriction" = "1"
L 26/01/2020 - 00:57:32: Server cvars end
L 26/01/2020 - 00:57:32: Server cvar "mp_consistency" = "0"
L 26/01/2020 - 00:57:32: Log file closed
L 26/01/2020 - 00:57:32: Log file started (file "logs\2020-01-26.log") (game "svencoop") (version "48/5.0.1.4/8458")
L 26/01/2020 - 00:57:32: Server cvar "sv_maxrate" = "100000"
L 26/01/2020 - 00:57:32: Server cvar "sv_aim" = "0"
L 26/01/2020 - 00:57:32: Server cvar "mp_banana" = "1"
L 26/01/2020 - 00:57:32: Server cvar "sv_maxspeed" = "270"
L 26/01/2020 - 00:57:32: Server cvar "sv_airaccelerate" = "2"
L 26/01/2020 - 00:57:32: Started map "rust_lobby" (CRC "1393645788")
L 26/01/2020 - 00:57:32: Log file closed
L 26/01/2020 - 00:57:32: Log file started (file "logs\2020-01-26.log") (game "svencoop") (version "48/5.0.1.4/8458")
L 26/01/2020 - 00:57:56: "Kaleun<1><STEAM_0:1:529092><>" connected, address "155.133.254.133:27005"
L 26/01/2020 - 00:57:56: "Kaleun<1><STEAM_0:1:529092><>" STEAM USERID validated
L 26/01/2020 - 00:58:02: "Kaleun<2><STEAM_0:1:529092><>" connected, address "155.133.254.133:27005"
L 26/01/2020 - 01:04:42: Log file started (file "logs\2020-01-26.log") (game "svencoop") (version "48/5.0.1.4/8458")
L 26/01/2020 - 01:04:42: Log file closed
L 26/01/2020 - 01:04:42: Log file started (file "logs\2020-01-26.log") (game "svencoop") (version "48/5.0.1.4/8458")
L 26/01/2020 - 01:04:42: Loading map "rust_lobby"
L 26/01/2020 - 01:04:42: Server cvars start
L 26/01/2020 - 01:04:42: Server cvar "adminsfile" = "admins.txt"
L 26/01/2020 - 01:04:42: Server cvar "allow_spectators" = "1.0"
L 26/01/2020 - 01:04:42: Server cvar "coop" = "0"
L 26/01/2020 - 01:04:42: Server cvar "deathmatch" = "1"
L 26/01/2020 - 01:04:42: Server cvar "edgefriction" = "2"
L 26/01/2020 - 01:04:42: Server cvar "gamebuild" = "6397"
L 26/01/2020 - 01:04:42: Server cvar "gamename" = "Sven Co-op"
L 26/01/2020 - 01:04:42: Server cvar "gameversion" = "5.22"
L 26/01/2020 - 01:04:42: Server cvar "gameversionnum" = "5.22"
L 26/01/2020 - 01:04:42: Server cvar "mapvotecfgfile" = "mapvote.cfg"
L 26/01/2020 - 01:04:42: Server cvar "max_queries_sec" = "3.0"
L 26/01/2020 - 01:04:42: Server cvar "max_queries_sec_global" = "30"
L 26/01/2020 - 01:04:42: Server cvar "max_queries_window" = "60"
L 26/01/2020 - 01:04:42: Server cvar "mp_banana" = "1.0"
L 26/01/2020 - 01:04:42: Server cvar "mp_consistency" = "1"
L 26/01/2020 - 01:04:42: Server cvar "mp_footsteps" = "1"
L 26/01/2020 - 01:04:42: Server cvar "mp_logfile" = "1"
L 26/01/2020 - 01:04:42: Server cvar "mp_nextmap_cycle" = ""
L 26/01/2020 - 01:04:42: Server cvar "mp_notimelimit" = "0.0"
L 26/01/2020 - 01:04:42: Server cvar "pausable" = "0"
L 26/01/2020 - 01:04:42: Server cvar "skillcfgfile" = "skill.cfg"
L 26/01/2020 - 01:04:42: Server cvar "sv_accelerate" = "10"
L 26/01/2020 - 01:04:42: Server cvar "sv_admin_icon" = "gfx/icons/admin.tga"
L 26/01/2020 - 01:04:42: Server cvar "sv_aim" = "1"
L 26/01/2020 - 01:04:42: Server cvar "sv_airaccelerate" = "10"
L 26/01/2020 - 01:04:42: Server cvar "sv_allowupload" = "1"
L 26/01/2020 - 01:04:42: Server cvar "sv_bounce" = "1"
L 26/01/2020 - 01:04:42: Server cvar "sv_cheats" = "0"
L 26/01/2020 - 01:04:42: Server cvar "sv_clienttrace" = "1"
L 26/01/2020 - 01:04:42: Server cvar "sv_contact" = ""
L 26/01/2020 - 01:04:42: Server cvar "sv_friction" = "4"
L 26/01/2020 - 01:04:42: Server cvar "sv_gravity" = "800"
L 26/01/2020 - 01:04:42: Server cvar "sv_logblocks" = "0"
L 26/01/2020 - 01:04:42: Server cvar "sv_maxrate" = "0"
L 26/01/2020 - 01:04:42: Server cvar "sv_maxspeed" = "320"
L 26/01/2020 - 01:04:42: Server cvar "sv_minrate" = "0"
L 26/01/2020 - 01:04:42: Server cvar "sv_password" = ""
L 26/01/2020 - 01:04:42: Server cvar "sv_proxies" = "1"
L 26/01/2020 - 01:04:42: Server cvar "sv_stepsize" = "18"
L 26/01/2020 - 01:04:42: Server cvar "sv_stopspeed" = "100"
L 26/01/2020 - 01:04:42: Server cvar "sv_uploadmax" = "0.5"
L 26/01/2020 - 01:04:42: Server cvar "sv_voiceenable" = "1"
L 26/01/2020 - 01:04:42: Server cvar "sv_wateraccelerate" = "10"
L 26/01/2020 - 01:04:42: Server cvar "sv_waterfriction" = "1"
L 26/01/2020 - 01:04:42: Server cvars end
L 26/01/2020 - 01:04:42: Server cvar "mp_consistency" = "0"
L 26/01/2020 - 01:04:42: Log file closed
L 26/01/2020 - 01:04:42: Log file started (file "logs\2020-01-26.log") (game "svencoop") (version "48/5.0.1.4/8458")
L 26/01/2020 - 01:04:42: Server cvar "sv_maxrate" = "100000"
L 26/01/2020 - 01:04:42: Server cvar "sv_aim" = "0"
L 26/01/2020 - 01:04:42: Server cvar "mp_banana" = "1"
L 26/01/2020 - 01:04:42: Server cvar "sv_maxspeed" = "270"
L 26/01/2020 - 01:04:42: Server cvar "sv_airaccelerate" = "2"
L 26/01/2020 - 01:04:42: Started map "rust_lobby" (CRC "1393645788")
L 26/01/2020 - 01:04:42: Log file closed
L 26/01/2020 - 01:14:38: Log file started (file "logs\2020-01-26.log") (game "svencoop") (version "48/5.0.1.4/8458")
L 26/01/2020 - 01:14:38: Log file closed
L 26/01/2020 - 01:14:38: Log file started (file "logs\2020-01-26.log") (game "svencoop") (version "48/5.0.1.4/8458")
L 26/01/2020 - 01:14:38: Loading map "rust_lobby"
L 26/01/2020 - 01:14:38: Server cvars start
L 26/01/2020 - 01:14:38: Server cvar "adminsfile" = "admins.txt"
L 26/01/2020 - 01:14:38: Server cvar "allow_spectators" = "1.0"
L 26/01/2020 - 01:14:38: Server cvar "coop" = "0"
L 26/01/2020 - 01:14:38: Server cvar "deathmatch" = "1"
L 26/01/2020 - 01:14:38: Server cvar "edgefriction" = "2"
L 26/01/2020 - 01:14:38: Server cvar "gamebuild" = "6397"
L 26/01/2020 - 01:14:38: Server cvar "gamename" = "Sven Co-op"
L 26/01/2020 - 01:14:38: Server cvar "gameversion" = "5.22"
L 26/01/2020 - 01:14:38: Server cvar "gameversionnum" = "5.22"
L 26/01/2020 - 01:14:38: Server cvar "mapvotecfgfile" = "mapvote.cfg"
L 26/01/2020 - 01:14:38: Server cvar "max_queries_sec" = "3.0"
L 26/01/2020 - 01:14:38: Server cvar "max_queries_sec_global" = "30"
L 26/01/2020 - 01:14:38: Server cvar "max_queries_window" = "60"
L 26/01/2020 - 01:14:38: Server cvar "mp_banana" = "1.0"
L 26/01/2020 - 01:14:38: Server cvar "mp_consistency" = "1"
L 26/01/2020 - 01:14:38: Server cvar "mp_footsteps" = "1"
L 26/01/2020 - 01:14:38: Server cvar "mp_logfile" = "1"
L 26/01/2020 - 01:14:38: Server cvar "mp_nextmap_cycle" = ""
L 26/01/2020 - 01:14:38: Server cvar "mp_notimelimit" = "0.0"
L 26/01/2020 - 01:14:38: Server cvar "pausable" = "0"
L 26/01/2020 - 01:14:38: Server cvar "skillcfgfile" = "skill.cfg"
L 26/01/2020 - 01:14:38: Server cvar "sv_accelerate" = "10"
L 26/01/2020 - 01:14:38: Server cvar "sv_admin_icon" = "gfx/icons/admin.tga"
L 26/01/2020 - 01:14:38: Server cvar "sv_aim" = "1"
L 26/01/2020 - 01:14:38: Server cvar "sv_airaccelerate" = "10"
L 26/01/2020 - 01:14:38: Server cvar "sv_allowupload" = "1"
L 26/01/2020 - 01:14:38: Server cvar "sv_bounce" = "1"
L 26/01/2020 - 01:14:38: Server cvar "sv_cheats" = "0"
L 26/01/2020 - 01:14:38: Server cvar "sv_clienttrace" = "1"
L 26/01/2020 - 01:14:38: Server cvar "sv_contact" = ""
L 26/01/2020 - 01:14:38: Server cvar "sv_friction" = "4"
L 26/01/2020 - 01:14:38: Server cvar "sv_gravity" = "800"
L 26/01/2020 - 01:14:38: Server cvar "sv_logblocks" = "0"
L 26/01/2020 - 01:14:38: Server cvar "sv_maxrate" = "0"
L 26/01/2020 - 01:14:38: Server cvar "sv_maxspeed" = "320"
L 26/01/2020 - 01:14:38: Server cvar "sv_minrate" = "0"
L 26/01/2020 - 01:14:38: Server cvar "sv_password" = ""
L 26/01/2020 - 01:14:38: Server cvar "sv_proxies" = "1"
L 26/01/2020 - 01:14:38: Server cvar "sv_stepsize" = "18"
L 26/01/2020 - 01:14:38: Server cvar "sv_stopspeed" = "100"
L 26/01/2020 - 01:14:38: Server cvar "sv_uploadmax" = "0.5"
L 26/01/2020 - 01:14:38: Server cvar "sv_voiceenable" = "1"
L 26/01/2020 - 01:14:38: Server cvar "sv_wateraccelerate" = "10"
L 26/01/2020 - 01:14:38: Server cvar "sv_waterfriction" = "1"
L 26/01/2020 - 01:14:38: Server cvars end
L 26/01/2020 - 01:14:39: Server cvar "mp_consistency" = "0"
L 26/01/2020 - 01:14:39: Log file closed
L 26/01/2020 - 01:14:39: Log file started (file "logs\2020-01-26.log") (game "svencoop") (version "48/5.0.1.4/8458")
L 26/01/2020 - 01:14:39: Server cvar "sv_maxrate" = "100000"
L 26/01/2020 - 01:14:39: Server cvar "sv_aim" = "0"
L 26/01/2020 - 01:14:39: Server cvar "mp_banana" = "1"
L 26/01/2020 - 01:14:39: Server cvar "sv_maxspeed" = "270"
L 26/01/2020 - 01:14:39: Server cvar "sv_airaccelerate" = "2"
L 26/01/2020 - 01:14:39: Started map "rust_lobby" (CRC "1393645788")
L 26/01/2020 - 01:14:39: Log file closed
L 26/01/2020 - 01:14:39: Log file started (file "logs\2020-01-26.log") (game "svencoop") (version "48/5.0.1.4/8458")
L 26/01/2020 - 01:14:57: "Kaleun<1><STEAM_0:1:529092><>" connected, address "155.133.254.133:27005"
L 26/01/2020 - 01:14:57: "Kaleun<1><STEAM_0:1:529092><>" STEAM USERID validated
L 26/01/2020 - 01:14:59: "Kaleun<2><STEAM_0:1:529092><>" connected, address "155.133.254.133:27005"
L 26/01/2020 - 01:15:00: "Kaleun<2><STEAM_0:1:529092><>" STEAM USERID validated
L 26/01/2020 - 01:15:04: "Kaleun<2><STEAM_0:1:529092><players>" has entered the game
L 26/01/2020 - 01:15:34: "Kaleun<2><STEAM_0:1:529092><players>" stats: frags="0.00" deaths="0" health="100" 
L 26/01/2020 - 01:15:59: "Kaleun<2><STEAM_0:1:529092><players>" say "stfu3"
L 26/01/2020 - 01:16:04: "Kaleun<2><STEAM_0:1:529092><players>" stats: frags="0.00" deaths="0" health="100" 
L 26/01/2020 - 01:16:34: "Kaleun<2><STEAM_0:1:529092><players>" stats: frags="0.00" deaths="0" health="100" 
L 26/01/2020 - 01:17:04: "Kaleun<2><STEAM_0:1:529092><players>" stats: frags="0.00" deaths="0" health="100" 
L 26/01/2020 - 01:17:34: "Kaleun<2><STEAM_0:1:529092><players>" stats: frags="0.00" deaths="0" health="100" 
L 26/01/2020 - 01:18:04: "Kaleun<2><STEAM_0:1:529092><players>" stats: frags="0.00" deaths="0" health="100" 
L 26/01/2020 - 01:18:34: "Kaleun<2><STEAM_0:1:529092><players>" stats: frags="0.00" deaths="0" health="100" 
L 26/01/2020 - 01:19:04: "Kaleun<2><STEAM_0:1:529092><players>" stats: frags="0.00" deaths="0" health="100" 
L 26/01/2020 - 01:19:34: "Kaleun<2><STEAM_0:1:529092><players>" stats: frags="0.00" deaths="0" health="100" 
L 26/01/2020 - 01:20:04: "Kaleun<2><STEAM_0:1:529092><players>" stats: frags="0.00" deaths="0" health="100" 
L 26/01/2020 - 01:20:34: "Kaleun<2><STEAM_0:1:529092><players>" stats: frags="0.00" deaths="0" health="100" 
L 26/01/2020 - 01:21:04: "Kaleun<2><STEAM_0:1:529092><players>" stats: frags="0.00" deaths="0" health="100" 
L 26/01/2020 - 01:24:05: Log file started (file "logs\2020-01-26.log") (game "svencoop") (version "48/5.0.1.4/8458")
L 26/01/2020 - 01:24:05: Log file closed
L 26/01/2020 - 01:24:05: Log file started (file "logs\2020-01-26.log") (game "svencoop") (version "48/5.0.1.4/8458")
L 26/01/2020 - 01:24:05: Loading map "rust_lobby"
L 26/01/2020 - 01:24:05: Server cvars start
L 26/01/2020 - 01:24:05: Server cvar "adminsfile" = "admins.txt"
L 26/01/2020 - 01:24:05: Server cvar "allow_spectators" = "1.0"
L 26/01/2020 - 01:24:05: Server cvar "coop" = "0"
L 26/01/2020 - 01:24:05: Server cvar "deathmatch" = "1"
L 26/01/2020 - 01:24:05: Server cvar "edgefriction" = "2"
L 26/01/2020 - 01:24:05: Server cvar "gamebuild" = "6397"
L 26/01/2020 - 01:24:05: Server cvar "gamename" = "Sven Co-op"
L 26/01/2020 - 01:24:05: Server cvar "gameversion" = "5.22"
L 26/01/2020 - 01:24:05: Server cvar "gameversionnum" = "5.22"
L 26/01/2020 - 01:24:05: Server cvar "mapvotecfgfile" = "mapvote.cfg"
L 26/01/2020 - 01:24:05: Server cvar "max_queries_sec" = "3.0"
L 26/01/2020 - 01:24:05: Server cvar "max_queries_sec_global" = "30"
L 26/01/2020 - 01:24:05: Server cvar "max_queries_window" = "60"
L 26/01/2020 - 01:24:05: Server cvar "mp_banana" = "1.0"
L 26/01/2020 - 01:24:05: Server cvar "mp_consistency" = "1"
L 26/01/2020 - 01:24:05: Server cvar "mp_footsteps" = "1"
L 26/01/2020 - 01:24:05: Server cvar "mp_logfile" = "1"
L 26/01/2020 - 01:24:05: Server cvar "mp_nextmap_cycle" = ""
L 26/01/2020 - 01:24:05: Server cvar "mp_notimelimit" = "0.0"
L 26/01/2020 - 01:24:05: Server cvar "pausable" = "0"
L 26/01/2020 - 01:24:05: Server cvar "skillcfgfile" = "skill.cfg"
L 26/01/2020 - 01:24:05: Server cvar "sv_accelerate" = "10"
L 26/01/2020 - 01:24:05: Server cvar "sv_admin_icon" = "gfx/icons/admin.tga"
L 26/01/2020 - 01:24:05: Server cvar "sv_aim" = "1"
L 26/01/2020 - 01:24:05: Server cvar "sv_airaccelerate" = "10"
L 26/01/2020 - 01:24:05: Server cvar "sv_allowupload" = "1"
L 26/01/2020 - 01:24:05: Server cvar "sv_bounce" = "1"
L 26/01/2020 - 01:24:05: Server cvar "sv_cheats" = "0"
L 26/01/2020 - 01:24:05: Server cvar "sv_clienttrace" = "1"
L 26/01/2020 - 01:24:05: Server cvar "sv_contact" = ""
L 26/01/2020 - 01:24:05: Server cvar "sv_friction" = "4"
L 26/01/2020 - 01:24:05: Server cvar "sv_gravity" = "800"
L 26/01/2020 - 01:24:05: Server cvar "sv_logblocks" = "0"
L 26/01/2020 - 01:24:05: Server cvar "sv_maxrate" = "0"
L 26/01/2020 - 01:24:05: Server cvar "sv_maxspeed" = "320"
L 26/01/2020 - 01:24:05: Server cvar "sv_minrate" = "0"
L 26/01/2020 - 01:24:05: Server cvar "sv_password" = ""
L 26/01/2020 - 01:24:05: Server cvar "sv_proxies" = "1"
L 26/01/2020 - 01:24:05: Server cvar "sv_stepsize" = "18"
L 26/01/2020 - 01:24:05: Server cvar "sv_stopspeed" = "100"
L 26/01/2020 - 01:24:05: Server cvar "sv_uploadmax" = "0.5"
L 26/01/2020 - 01:24:05: Server cvar "sv_voiceenable" = "1"
L 26/01/2020 - 01:24:05: Server cvar "sv_wateraccelerate" = "10"
L 26/01/2020 - 01:24:05: Server cvar "sv_waterfriction" = "1"
L 26/01/2020 - 01:24:05: Server cvars end
L 26/01/2020 - 01:24:05: Server cvar "mp_consistency" = "0"
L 26/01/2020 - 01:24:05: Log file closed
L 26/01/2020 - 01:24:05: Log file started (file "logs\2020-01-26.log") (game "svencoop") (version "48/5.0.1.4/8458")
L 26/01/2020 - 01:24:05: Server cvar "sv_maxrate" = "100000"
L 26/01/2020 - 01:24:05: Server cvar "sv_aim" = "0"
L 26/01/2020 - 01:24:05: Server cvar "mp_banana" = "1"
L 26/01/2020 - 01:24:05: Server cvar "sv_maxspeed" = "270"
L 26/01/2020 - 01:24:05: Server cvar "sv_airaccelerate" = "2"
L 26/01/2020 - 01:24:06: Started map "rust_lobby" (CRC "1393645788")
L 26/01/2020 - 01:24:06: Log file closed
L 26/01/2020 - 01:24:06: Log file started (file "logs\2020-01-26.log") (game "svencoop") (version "48/5.0.1.4/8458")
L 26/01/2020 - 01:24:10: "Kaleun<1><STEAM_0:1:529092><>" connected, address "155.133.254.133:27005"
L 26/01/2020 - 01:24:11: "Kaleun<1><STEAM_0:1:529092><>" STEAM USERID validated
L 26/01/2020 - 01:25:05: "Kaleun<1><STEAM_0:1:529092><players>" has entered the game
L 26/01/2020 - 01:26:31: Log file started (file "logs\2020-01-26.log") (game "svencoop") (version "48/5.0.1.4/8458")
L 26/01/2020 - 01:26:31: Log file closed
L 26/01/2020 - 01:26:31: Log file started (file "logs\2020-01-26.log") (game "svencoop") (version "48/5.0.1.4/8458")
L 26/01/2020 - 01:26:31: Loading map "rust_lobby"
L 26/01/2020 - 01:26:31: Server cvars start
L 26/01/2020 - 01:26:31: Server cvar "adminsfile" = "admins.txt"
L 26/01/2020 - 01:26:31: Server cvar "allow_spectators" = "1.0"
L 26/01/2020 - 01:26:31: Server cvar "coop" = "0"
L 26/01/2020 - 01:26:31: Server cvar "deathmatch" = "1"
L 26/01/2020 - 01:26:31: Server cvar "edgefriction" = "2"
L 26/01/2020 - 01:26:31: Server cvar "gamebuild" = "6397"
L 26/01/2020 - 01:26:31: Server cvar "gamename" = "Sven Co-op"
L 26/01/2020 - 01:26:31: Server cvar "gameversion" = "5.22"
L 26/01/2020 - 01:26:31: Server cvar "gameversionnum" = "5.22"
L 26/01/2020 - 01:26:31: Server cvar "mapvotecfgfile" = "mapvote.cfg"
L 26/01/2020 - 01:26:31: Server cvar "max_queries_sec" = "3.0"
L 26/01/2020 - 01:26:31: Server cvar "max_queries_sec_global" = "30"
L 26/01/2020 - 01:26:31: Server cvar "max_queries_window" = "60"
L 26/01/2020 - 01:26:31: Server cvar "mp_banana" = "1.0"
L 26/01/2020 - 01:26:31: Server cvar "mp_consistency" = "1"
L 26/01/2020 - 01:26:31: Server cvar "mp_footsteps" = "1"
L 26/01/2020 - 01:26:31: Server cvar "mp_logfile" = "1"
L 26/01/2020 - 01:26:31: Server cvar "mp_nextmap_cycle" = ""
L 26/01/2020 - 01:26:31: Server cvar "mp_notimelimit" = "0.0"
L 26/01/2020 - 01:26:31: Server cvar "pausable" = "0"
L 26/01/2020 - 01:26:31: Server cvar "skillcfgfile" = "skill.cfg"
L 26/01/2020 - 01:26:31: Server cvar "sv_accelerate" = "10"
L 26/01/2020 - 01:26:31: Server cvar "sv_admin_icon" = "gfx/icons/admin.tga"
L 26/01/2020 - 01:26:31: Server cvar "sv_aim" = "1"
L 26/01/2020 - 01:26:31: Server cvar "sv_airaccelerate" = "10"
L 26/01/2020 - 01:26:31: Server cvar "sv_allowupload" = "1"
L 26/01/2020 - 01:26:31: Server cvar "sv_bounce" = "1"
L 26/01/2020 - 01:26:31: Server cvar "sv_cheats" = "0"
L 26/01/2020 - 01:26:31: Server cvar "sv_clienttrace" = "1"
L 26/01/2020 - 01:26:31: Server cvar "sv_contact" = ""
L 26/01/2020 - 01:26:31: Server cvar "sv_friction" = "4"
L 26/01/2020 - 01:26:31: Server cvar "sv_gravity" = "800"
L 26/01/2020 - 01:26:31: Server cvar "sv_logblocks" = "0"
L 26/01/2020 - 01:26:31: Server cvar "sv_maxrate" = "0"
L 26/01/2020 - 01:26:31: Server cvar "sv_maxspeed" = "320"
L 26/01/2020 - 01:26:31: Server cvar "sv_minrate" = "0"
L 26/01/2020 - 01:26:31: Server cvar "sv_password" = ""
L 26/01/2020 - 01:26:31: Server cvar "sv_proxies" = "1"
L 26/01/2020 - 01:26:31: Server cvar "sv_stepsize" = "18"
L 26/01/2020 - 01:26:31: Server cvar "sv_stopspeed" = "100"
L 26/01/2020 - 01:26:31: Server cvar "sv_uploadmax" = "0.5"
L 26/01/2020 - 01:26:31: Server cvar "sv_voiceenable" = "1"
L 26/01/2020 - 01:26:31: Server cvar "sv_wateraccelerate" = "10"
L 26/01/2020 - 01:26:31: Server cvar "sv_waterfriction" = "1"
L 26/01/2020 - 01:26:31: Server cvars end
L 26/01/2020 - 01:26:31: Server cvar "mp_consistency" = "0"
L 26/01/2020 - 01:26:31: Log file closed
L 26/01/2020 - 01:26:31: Log file started (file "logs\2020-01-26.log") (game "svencoop") (version "48/5.0.1.4/8458")
L 26/01/2020 - 01:26:31: Server cvar "sv_maxrate" = "100000"
L 26/01/2020 - 01:26:31: Server cvar "sv_aim" = "0"
L 26/01/2020 - 01:26:32: Server cvar "mp_banana" = "1"
L 26/01/2020 - 01:26:32: Server cvar "sv_maxspeed" = "270"
L 26/01/2020 - 01:26:32: Server cvar "sv_airaccelerate" = "2"
L 26/01/2020 - 01:26:32: Started map "rust_lobby" (CRC "1393645788")
L 26/01/2020 - 01:26:32: Log file closed
L 26/01/2020 - 01:26:32: Log file started (file "logs\2020-01-26.log") (game "svencoop") (version "48/5.0.1.4/8458")
L 26/01/2020 - 01:26:42: "Kaleun<1><STEAM_0:1:529092><>" connected, address "192.168.254.12:27005"
L 26/01/2020 - 01:26:42: "Kaleun<1><STEAM_0:1:529092><>" STEAM USERID validated
L 26/01/2020 - 01:26:44: "Kaleun<2><STEAM_0:1:529092><>" connected, address "192.168.254.12:27005"
L 26/01/2020 - 01:26:44: "Kaleun<2><STEAM_0:1:529092><>" STEAM USERID validated
L 26/01/2020 - 01:26:49: "Kaleun<2><STEAM_0:1:529092><players>" has entered the game
L 26/01/2020 - 01:27:19: "Kaleun<2><STEAM_0:1:529092><players>" stats: frags="0.00" deaths="0" health="100" 
L 26/01/2020 - 02:17:30: Log file started (file "logs\2020-01-26.log") (game "svencoop") (version "48/5.0.1.4/8458")
L 26/01/2020 - 02:17:30: Log file closed
L 26/01/2020 - 02:17:30: Log file started (file "logs\2020-01-26.log") (game "svencoop") (version "48/5.0.1.4/8458")
L 26/01/2020 - 02:17:30: Loading map "rust_lobby"
L 26/01/2020 - 02:17:30: Server cvars start
L 26/01/2020 - 02:17:30: Server cvar "adminsfile" = "admins.txt"
L 26/01/2020 - 02:17:30: Server cvar "allow_spectators" = "1.0"
L 26/01/2020 - 02:17:30: Server cvar "coop" = "0"
L 26/01/2020 - 02:17:30: Server cvar "deathmatch" = "1"
L 26/01/2020 - 02:17:30: Server cvar "edgefriction" = "2"
L 26/01/2020 - 02:17:30: Server cvar "gamebuild" = "6397"
L 26/01/2020 - 02:17:30: Server cvar "gamename" = "Sven Co-op"
L 26/01/2020 - 02:17:30: Server cvar "gameversion" = "5.22"
L 26/01/2020 - 02:17:30: Server cvar "gameversionnum" = "5.22"
L 26/01/2020 - 02:17:30: Server cvar "mapvotecfgfile" = "mapvote.cfg"
L 26/01/2020 - 02:17:30: Server cvar "max_queries_sec" = "3.0"
L 26/01/2020 - 02:17:30: Server cvar "max_queries_sec_global" = "30"
L 26/01/2020 - 02:17:30: Server cvar "max_queries_window" = "60"
L 26/01/2020 - 02:17:30: Server cvar "mp_banana" = "1.0"
L 26/01/2020 - 02:17:30: Server cvar "mp_consistency" = "1"
L 26/01/2020 - 02:17:30: Server cvar "mp_footsteps" = "1"
L 26/01/2020 - 02:17:30: Server cvar "mp_logfile" = "1"
L 26/01/2020 - 02:17:30: Server cvar "mp_nextmap_cycle" = ""
L 26/01/2020 - 02:17:30: Server cvar "mp_notimelimit" = "0.0"
L 26/01/2020 - 02:17:30: Server cvar "pausable" = "0"
L 26/01/2020 - 02:17:30: Server cvar "skillcfgfile" = "skill.cfg"
L 26/01/2020 - 02:17:30: Server cvar "sv_accelerate" = "10"
L 26/01/2020 - 02:17:30: Server cvar "sv_admin_icon" = "gfx/icons/admin.tga"
L 26/01/2020 - 02:17:30: Server cvar "sv_aim" = "1"
L 26/01/2020 - 02:17:30: Server cvar "sv_airaccelerate" = "10"
L 26/01/2020 - 02:17:30: Server cvar "sv_allowupload" = "1"
L 26/01/2020 - 02:17:30: Server cvar "sv_bounce" = "1"
L 26/01/2020 - 02:17:30: Server cvar "sv_cheats" = "0"
L 26/01/2020 - 02:17:30: Server cvar "sv_clienttrace" = "1"
L 26/01/2020 - 02:17:30: Server cvar "sv_contact" = ""
L 26/01/2020 - 02:17:30: Server cvar "sv_friction" = "4"
L 26/01/2020 - 02:17:30: Server cvar "sv_gravity" = "800"
L 26/01/2020 - 02:17:30: Server cvar "sv_logblocks" = "0"
L 26/01/2020 - 02:17:30: Server cvar "sv_maxrate" = "0"
L 26/01/2020 - 02:17:30: Server cvar "sv_maxspeed" = "320"
L 26/01/2020 - 02:17:30: Server cvar "sv_minrate" = "0"
L 26/01/2020 - 02:17:30: Server cvar "sv_password" = ""
L 26/01/2020 - 02:17:30: Server cvar "sv_proxies" = "1"
L 26/01/2020 - 02:17:30: Server cvar "sv_stepsize" = "18"
L 26/01/2020 - 02:17:30: Server cvar "sv_stopspeed" = "100"
L 26/01/2020 - 02:17:30: Server cvar "sv_uploadmax" = "0.5"
L 26/01/2020 - 02:17:30: Server cvar "sv_voiceenable" = "1"
L 26/01/2020 - 02:17:30: Server cvar "sv_wateraccelerate" = "10"
L 26/01/2020 - 02:17:30: Server cvar "sv_waterfriction" = "1"
L 26/01/2020 - 02:17:30: Server cvars end
L 26/01/2020 - 02:17:30: Server cvar "mp_consistency" = "0"
L 26/01/2020 - 02:17:30: Log file closed
L 26/01/2020 - 02:17:30: Log file started (file "logs\2020-01-26.log") (game "svencoop") (version "48/5.0.1.4/8458")
L 26/01/2020 - 02:17:30: Server cvar "sv_maxrate" = "100000"
L 26/01/2020 - 02:17:30: Server cvar "sv_aim" = "0"
L 26/01/2020 - 02:17:30: Server cvar "mp_banana" = "1"
L 26/01/2020 - 02:17:30: Server cvar "sv_maxspeed" = "270"
L 26/01/2020 - 02:17:30: Server cvar "sv_airaccelerate" = "2"
L 26/01/2020 - 02:17:30: Started map "rust_lobby" (CRC "1393645788")
L 26/01/2020 - 02:17:30: Log file closed
L 26/01/2020 - 02:17:30: Log file started (file "logs\2020-01-26.log") (game "svencoop") (version "48/5.0.1.4/8458")
L 26/01/2020 - 02:17:47: "Kaleun<1><STEAM_0:1:529092><>" connected, address "192.168.254.12:27005"
L 26/01/2020 - 02:17:47: "Kaleun<1><STEAM_0:1:529092><>" STEAM USERID validated
L 26/01/2020 - 02:17:48: "Kaleun<2><STEAM_0:1:529092><>" connected, address "192.168.254.12:27005"
L 26/01/2020 - 02:17:49: "Kaleun<2><STEAM_0:1:529092><>" STEAM USERID validated
L 26/01/2020 - 02:17:52: "Kaleun<2><STEAM_0:1:529092><players>" has entered the game
L 26/01/2020 - 02:18:22: "Kaleun<2><STEAM_0:1:529092><players>" stats: frags="0.00" deaths="0" health="100" 
L 26/01/2020 - 02:18:26: map<rust_lobby> ended, going to new level: rust_mini_b9
L 26/01/2020 - 02:18:26: Log file closed
L 26/01/2020 - 02:18:26: Log file started (file "logs\2020-01-26.log") (game "svencoop") (version "48/5.0.1.4/8458")
L 26/01/2020 - 02:18:26: Loading map "rust_mini_b9"
L 26/01/2020 - 02:18:26: Server cvars start
L 26/01/2020 - 02:18:26: Server cvar "adminsfile" = "admins.txt"
L 26/01/2020 - 02:18:26: Server cvar "allow_spectators" = "1.0"
L 26/01/2020 - 02:18:26: Server cvar "coop" = "0"
L 26/01/2020 - 02:18:26: Server cvar "deathmatch" = "1"
L 26/01/2020 - 02:18:26: Server cvar "edgefriction" = "2"
L 26/01/2020 - 02:18:26: Server cvar "gamebuild" = "6397"
L 26/01/2020 - 02:18:26: Server cvar "gamename" = "Sven Co-op"
L 26/01/2020 - 02:18:26: Server cvar "gameversion" = "5.22"
L 26/01/2020 - 02:18:26: Server cvar "gameversionnum" = "5.22"
L 26/01/2020 - 02:18:26: Server cvar "mapvotecfgfile" = "mapvote.cfg"
L 26/01/2020 - 02:18:26: Server cvar "max_queries_sec" = "3.0"
L 26/01/2020 - 02:18:26: Server cvar "max_queries_sec_global" = "30"
L 26/01/2020 - 02:18:26: Server cvar "max_queries_window" = "60"
L 26/01/2020 - 02:18:26: Server cvar "mp_banana" = "1"
L 26/01/2020 - 02:18:26: Server cvar "mp_consistency" = "0"
L 26/01/2020 - 02:18:26: Server cvar "mp_footsteps" = "1"
L 26/01/2020 - 02:18:26: Server cvar "mp_logfile" = "1"
L 26/01/2020 - 02:18:26: Server cvar "mp_nextmap_cycle" = "rust_lobby"
L 26/01/2020 - 02:18:26: Server cvar "mp_notimelimit" = "0.0"
L 26/01/2020 - 02:18:26: Server cvar "pausable" = "0"
L 26/01/2020 - 02:18:26: Server cvar "skillcfgfile" = "skill.cfg"
L 26/01/2020 - 02:18:26: Server cvar "sv_accelerate" = "10"
L 26/01/2020 - 02:18:26: Server cvar "sv_admin_icon" = "gfx/icons/admin.tga"
L 26/01/2020 - 02:18:26: Server cvar "sv_aim" = "0"
L 26/01/2020 - 02:18:26: Server cvar "sv_airaccelerate" = "2"
L 26/01/2020 - 02:18:26: Server cvar "sv_allowupload" = "1"
L 26/01/2020 - 02:18:26: Server cvar "sv_alltalk" = "0"
L 26/01/2020 - 02:18:26: Server cvar "sv_bounce" = "1"
L 26/01/2020 - 02:18:26: Server cvar "sv_cheats" = "0"
L 26/01/2020 - 02:18:26: Server cvar "sv_clienttrace" = "1"
L 26/01/2020 - 02:18:26: Server cvar "sv_contact" = ""
L 26/01/2020 - 02:18:26: Server cvar "sv_friction" = "4"
L 26/01/2020 - 02:18:26: Server cvar "sv_gravity" = "800"
L 26/01/2020 - 02:18:26: Server cvar "sv_logblocks" = "0"
L 26/01/2020 - 02:18:26: Server cvar "sv_maxrate" = "100000"
L 26/01/2020 - 02:18:26: Server cvar "sv_maxspeed" = "270"
L 26/01/2020 - 02:18:26: Server cvar "sv_minrate" = "0"
L 26/01/2020 - 02:18:26: Server cvar "sv_password" = ""
L 26/01/2020 - 02:18:26: Server cvar "sv_proxies" = "1"
L 26/01/2020 - 02:18:26: Server cvar "sv_stepsize" = "18"
L 26/01/2020 - 02:18:26: Server cvar "sv_stopspeed" = "100"
L 26/01/2020 - 02:18:26: Server cvar "sv_uploadmax" = "0.5"
L 26/01/2020 - 02:18:26: Server cvar "sv_voiceenable" = "1"
L 26/01/2020 - 02:18:26: Server cvar "sv_wateraccelerate" = "10"
L 26/01/2020 - 02:18:26: Server cvar "sv_waterfriction" = "1"
L 26/01/2020 - 02:18:26: Server cvars end
L 26/01/2020 - 02:18:27: Log file closed
L 26/01/2020 - 02:19:37: Log file started (file "logs\2020-01-26.log") (game "svencoop") (version "48/5.0.1.4/8458")
L 26/01/2020 - 02:19:37: Log file closed
L 26/01/2020 - 02:19:37: Log file started (file "logs\2020-01-26.log") (game "svencoop") (version "48/5.0.1.4/8458")
L 26/01/2020 - 02:19:37: Loading map "rust_lobby"
L 26/01/2020 - 02:19:37: Server cvars start
L 26/01/2020 - 02:19:37: Server cvar "adminsfile" = "admins.txt"
L 26/01/2020 - 02:19:37: Server cvar "allow_spectators" = "1.0"
L 26/01/2020 - 02:19:37: Server cvar "coop" = "0"
L 26/01/2020 - 02:19:37: Server cvar "deathmatch" = "1"
L 26/01/2020 - 02:19:37: Server cvar "edgefriction" = "2"
L 26/01/2020 - 02:19:37: Server cvar "gamebuild" = "6397"
L 26/01/2020 - 02:19:37: Server cvar "gamename" = "Sven Co-op"
L 26/01/2020 - 02:19:37: Server cvar "gameversion" = "5.22"
L 26/01/2020 - 02:19:37: Server cvar "gameversionnum" = "5.22"
L 26/01/2020 - 02:19:37: Server cvar "mapvotecfgfile" = "mapvote.cfg"
L 26/01/2020 - 02:19:37: Server cvar "max_queries_sec" = "3.0"
L 26/01/2020 - 02:19:37: Server cvar "max_queries_sec_global" = "30"
L 26/01/2020 - 02:19:37: Server cvar "max_queries_window" = "60"
L 26/01/2020 - 02:19:37: Server cvar "mp_banana" = "1.0"
L 26/01/2020 - 02:19:37: Server cvar "mp_consistency" = "1"
L 26/01/2020 - 02:19:37: Server cvar "mp_footsteps" = "1"
L 26/01/2020 - 02:19:37: Server cvar "mp_logfile" = "1"
L 26/01/2020 - 02:19:37: Server cvar "mp_nextmap_cycle" = ""
L 26/01/2020 - 02:19:37: Server cvar "mp_notimelimit" = "0.0"
L 26/01/2020 - 02:19:37: Server cvar "pausable" = "0"
L 26/01/2020 - 02:19:37: Server cvar "skillcfgfile" = "skill.cfg"
L 26/01/2020 - 02:19:37: Server cvar "sv_accelerate" = "10"
L 26/01/2020 - 02:19:37: Server cvar "sv_admin_icon" = "gfx/icons/admin.tga"
L 26/01/2020 - 02:19:37: Server cvar "sv_aim" = "1"
L 26/01/2020 - 02:19:37: Server cvar "sv_airaccelerate" = "10"
L 26/01/2020 - 02:19:37: Server cvar "sv_allowupload" = "1"
L 26/01/2020 - 02:19:37: Server cvar "sv_bounce" = "1"
L 26/01/2020 - 02:19:37: Server cvar "sv_cheats" = "0"
L 26/01/2020 - 02:19:37: Server cvar "sv_clienttrace" = "1"
L 26/01/2020 - 02:19:37: Server cvar "sv_contact" = ""
L 26/01/2020 - 02:19:37: Server cvar "sv_friction" = "4"
L 26/01/2020 - 02:19:37: Server cvar "sv_gravity" = "800"
L 26/01/2020 - 02:19:37: Server cvar "sv_logblocks" = "0"
L 26/01/2020 - 02:19:37: Server cvar "sv_maxrate" = "0"
L 26/01/2020 - 02:19:37: Server cvar "sv_maxspeed" = "320"
L 26/01/2020 - 02:19:37: Server cvar "sv_minrate" = "0"
L 26/01/2020 - 02:19:37: Server cvar "sv_password" = ""
L 26/01/2020 - 02:19:37: Server cvar "sv_proxies" = "1"
L 26/01/2020 - 02:19:37: Server cvar "sv_stepsize" = "18"
L 26/01/2020 - 02:19:37: Server cvar "sv_stopspeed" = "100"
L 26/01/2020 - 02:19:37: Server cvar "sv_uploadmax" = "0.5"
L 26/01/2020 - 02:19:37: Server cvar "sv_voiceenable" = "1"
L 26/01/2020 - 02:19:37: Server cvar "sv_wateraccelerate" = "10"
L 26/01/2020 - 02:19:37: Server cvar "sv_waterfriction" = "1"
L 26/01/2020 - 02:19:37: Server cvars end
L 26/01/2020 - 02:19:37: Server cvar "mp_consistency" = "0"
L 26/01/2020 - 02:19:37: Log file closed
L 26/01/2020 - 02:19:37: Log file started (file "logs\2020-01-26.log") (game "svencoop") (version "48/5.0.1.4/8458")
L 26/01/2020 - 02:19:37: Server cvar "sv_maxrate" = "100000"
L 26/01/2020 - 02:19:37: Server cvar "sv_aim" = "0"
L 26/01/2020 - 02:19:37: Server cvar "mp_banana" = "1"
L 26/01/2020 - 02:19:37: Server cvar "sv_maxspeed" = "270"
L 26/01/2020 - 02:19:37: Server cvar "sv_airaccelerate" = "2"
L 26/01/2020 - 02:19:37: Started map "rust_lobby" (CRC "1393645788")
L 26/01/2020 - 02:19:37: Log file closed
L 26/01/2020 - 02:19:37: Log file started (file "logs\2020-01-26.log") (game "svencoop") (version "48/5.0.1.4/8458")
L 26/01/2020 - 02:19:45: "Kaleun<1><STEAM_0:1:529092><>" connected, address "192.168.254.12:27005"
L 26/01/2020 - 02:19:46: "Kaleun<1><STEAM_0:1:529092><>" STEAM USERID validated
L 26/01/2020 - 02:19:48: "Kaleun<1><STEAM_0:1:529092><players>" has entered the game
L 26/01/2020 - 02:20:06: map<rust_lobby> ended, going to new level: rust_mini_b9
L 26/01/2020 - 02:20:06: Log file closed
L 26/01/2020 - 02:20:06: Log file started (file "logs\2020-01-26.log") (game "svencoop") (version "48/5.0.1.4/8458")
L 26/01/2020 - 02:20:06: Loading map "rust_mini_b9"
L 26/01/2020 - 02:20:06: Server cvars start
L 26/01/2020 - 02:20:06: Server cvar "adminsfile" = "admins.txt"
L 26/01/2020 - 02:20:06: Server cvar "allow_spectators" = "1.0"
L 26/01/2020 - 02:20:06: Server cvar "coop" = "0"
L 26/01/2020 - 02:20:06: Server cvar "deathmatch" = "1"
L 26/01/2020 - 02:20:06: Server cvar "edgefriction" = "2"
L 26/01/2020 - 02:20:06: Server cvar "gamebuild" = "6397"
L 26/01/2020 - 02:20:06: Server cvar "gamename" = "Sven Co-op"
L 26/01/2020 - 02:20:06: Server cvar "gameversion" = "5.22"
L 26/01/2020 - 02:20:06: Server cvar "gameversionnum" = "5.22"
L 26/01/2020 - 02:20:06: Server cvar "mapvotecfgfile" = "mapvote.cfg"
L 26/01/2020 - 02:20:06: Server cvar "max_queries_sec" = "3.0"
L 26/01/2020 - 02:20:06: Server cvar "max_queries_sec_global" = "30"
L 26/01/2020 - 02:20:06: Server cvar "max_queries_window" = "60"
L 26/01/2020 - 02:20:06: Server cvar "mp_banana" = "1"
L 26/01/2020 - 02:20:06: Server cvar "mp_consistency" = "0"
L 26/01/2020 - 02:20:06: Server cvar "mp_footsteps" = "1"
L 26/01/2020 - 02:20:06: Server cvar "mp_logfile" = "1"
L 26/01/2020 - 02:20:06: Server cvar "mp_nextmap_cycle" = "rust_lobby"
L 26/01/2020 - 02:20:06: Server cvar "mp_notimelimit" = "0.0"
L 26/01/2020 - 02:20:06: Server cvar "pausable" = "0"
L 26/01/2020 - 02:20:06: Server cvar "skillcfgfile" = "skill.cfg"
L 26/01/2020 - 02:20:06: Server cvar "sv_accelerate" = "10"
L 26/01/2020 - 02:20:06: Server cvar "sv_admin_icon" = "gfx/icons/admin.tga"
L 26/01/2020 - 02:20:06: Server cvar "sv_aim" = "0"
L 26/01/2020 - 02:20:06: Server cvar "sv_airaccelerate" = "2"
L 26/01/2020 - 02:20:06: Server cvar "sv_allowupload" = "1"
L 26/01/2020 - 02:20:06: Server cvar "sv_alltalk" = "0"
L 26/01/2020 - 02:20:06: Server cvar "sv_bounce" = "1"
L 26/01/2020 - 02:20:06: Server cvar "sv_cheats" = "0"
L 26/01/2020 - 02:20:06: Server cvar "sv_clienttrace" = "1"
L 26/01/2020 - 02:20:06: Server cvar "sv_contact" = ""
L 26/01/2020 - 02:20:06: Server cvar "sv_friction" = "4"
L 26/01/2020 - 02:20:06: Server cvar "sv_gravity" = "800"
L 26/01/2020 - 02:20:06: Server cvar "sv_logblocks" = "0"
L 26/01/2020 - 02:20:06: Server cvar "sv_maxrate" = "100000"
L 26/01/2020 - 02:20:06: Server cvar "sv_maxspeed" = "270"
L 26/01/2020 - 02:20:06: Server cvar "sv_minrate" = "0"
L 26/01/2020 - 02:20:06: Server cvar "sv_password" = ""
L 26/01/2020 - 02:20:06: Server cvar "sv_proxies" = "1"
L 26/01/2020 - 02:20:06: Server cvar "sv_stepsize" = "18"
L 26/01/2020 - 02:20:06: Server cvar "sv_stopspeed" = "100"
L 26/01/2020 - 02:20:06: Server cvar "sv_uploadmax" = "0.5"
L 26/01/2020 - 02:20:06: Server cvar "sv_voiceenable" = "1"
L 26/01/2020 - 02:20:06: Server cvar "sv_wateraccelerate" = "10"
L 26/01/2020 - 02:20:06: Server cvar "sv_waterfriction" = "1"
L 26/01/2020 - 02:20:06: Server cvars end
L 26/01/2020 - 02:20:07: Log file closed
L 26/01/2020 - 02:20:07: Log file started (file "logs\2020-01-26.log") (game "svencoop") (version "48/5.0.1.4/8458")
L 26/01/2020 - 02:20:07: Server cvar "sv_airaccelerate" = "10"
L 26/01/2020 - 02:20:15: Started map "rust_mini_b9" (CRC "1315445642")
L 26/01/2020 - 02:20:21: "Kaleun<1><STEAM_0:1:529092><players>" has entered the game
L 26/01/2020 - 02:20:37: "Kaleun<1><STEAM_0:1:529092><players>" say "ak47"
L 26/01/2020 - 02:20:43: "Kaleun<1><STEAM_0:1:529092><players>" say "ambience"
L 26/01/2020 - 02:20:49: "Kaleun<1><STEAM_0:1:529092><players>" say "ambience2"
L 26/01/2020 - 02:20:51: "Kaleun<1><STEAM_0:1:529092><players>" stats: frags="0.00" deaths="0" health="100" 
L 26/01/2020 - 02:20:54: "Kaleun<1><STEAM_0:1:529092><players>" say "arrow"
L 26/01/2020 - 02:20:58: "Kaleun<1><STEAM_0:1:529092><players>" say "acension"
L 26/01/2020 - 02:21:04: "Kaleun<1><STEAM_0:1:529092><players>" say "ascension"
L 26/01/2020 - 02:21:08: "Kaleun<1><STEAM_0:1:529092><players>" say "beanos"
L 26/01/2020 - 02:21:12: "Kaleun<1><STEAM_0:1:529092><players>" say "bhop"
L 26/01/2020 - 02:21:21: "Kaleun<1><STEAM_0:1:529092><players>" stats: frags="0.00" deaths="0" health="100" 
L 26/01/2020 - 02:21:21: "Kaleun<1><STEAM_0:1:529092><players>" say "bird"
L 26/01/2020 - 02:21:26: "Kaleun<1><STEAM_0:1:529092><players>" say "blacklung"
L 26/01/2020 - 02:21:29: "Kaleun<1><STEAM_0:1:529092><players>" say "boom"
L 26/01/2020 - 02:21:33: "Kaleun<1><STEAM_0:1:529092><players>" say "boooom"
L 26/01/2020 - 02:21:38: "Kaleun<1><STEAM_0:1:529092><players>" say "boss2"
L 26/01/2020 - 02:21:42: "Kaleun<1><STEAM_0:1:529092><players>" say "boss3"
L 26/01/2020 - 02:21:51: "Kaleun<1><STEAM_0:1:529092><players>" stats: frags="0.00" deaths="0" health="100" 
L 26/01/2020 - 02:22:21: "Kaleun<1><STEAM_0:1:529092><players>" stats: frags="0.00" deaths="0" health="100" 
L 26/01/2020 - 02:22:25: "Kaleun<1><STEAM_0:1:529092><players>" say "boss4"
L 26/01/2020 - 02:22:31: "Kaleun<1><STEAM_0:1:529092><players>" say "chrischan"
L 26/01/2020 - 02:22:36: "Kaleun<1><STEAM_0:1:529092><players>" say "coffee"
L 26/01/2020 - 02:22:42: "Kaleun<1><STEAM_0:1:529092><players>" say "coffee1"
L 26/01/2020 - 02:22:47: "Kaleun<1><STEAM_0:1:529092><players>" say "coffee1"
L 26/01/2020 - 02:22:51: "Kaleun<1><STEAM_0:1:529092><players>" stats: frags="0.00" deaths="0" health="100" 
L 26/01/2020 - 02:22:55: "Kaleun<1><STEAM_0:1:529092><players>" say "coffee1"
L 26/01/2020 - 02:23:01: "Kaleun<1><STEAM_0:1:529092><players>" say "coffee2"
L 26/01/2020 - 02:23:08: "Kaleun<1><STEAM_0:1:529092><players>" say "colonel"
L 26/01/2020 - 02:23:16: "Kaleun<1><STEAM_0:1:529092><players>" say "denial"
L 26/01/2020 - 02:23:20: "Kaleun<1><STEAM_0:1:529092><players>" say "die1"
L 26/01/2020 - 02:23:21: "Kaleun<1><STEAM_0:1:529092><players>" stats: frags="0.00" deaths="0" health="100" 
L 26/01/2020 - 02:23:23: "Kaleun<1><STEAM_0:1:529092><players>" say "door1"
L 26/01/2020 - 02:23:25: "Kaleun<1><STEAM_0:1:529092><players>" say "door1"
L 26/01/2020 - 02:23:29: "Kaleun<1><STEAM_0:1:529092><players>" say "doot"
L 26/01/2020 - 02:23:33: "Kaleun<1><STEAM_0:1:529092><players>" say "dying"
L 26/01/2020 - 02:23:38: "Kaleun<1><STEAM_0:1:529092><players>" say "ending"
L 26/01/2020 - 02:23:41: "Kaleun<1><STEAM_0:1:529092><players>" say "freeman"
L 26/01/2020 - 02:23:47: "Kaleun<1><STEAM_0:1:529092><players>" say "freeman1"
L 26/01/2020 - 02:23:51: "Kaleun<1><STEAM_0:1:529092><players>" stats: frags="0.00" deaths="0" health="100" 
L 26/01/2020 - 02:23:56: "Kaleun<1><STEAM_0:1:529092><players>" say "gayluigu"
L 26/01/2020 - 02:23:59: "Kaleun<1><STEAM_0:1:529092><players>" say "gayluigi"
L 26/01/2020 - 02:24:07: "Kaleun<1><STEAM_0:1:529092><players>" say "glocks"
L 26/01/2020 - 02:24:09: "Kaleun<1><STEAM_0:1:529092><players>" say "glock2"
L 26/01/2020 - 02:24:12: "Kaleun<1><STEAM_0:1:529092><players>" say "glocks2"
L 26/01/2020 - 02:24:14: "Kaleun<1><STEAM_0:1:529092><players>" say "green2"
L 26/01/2020 - 02:24:18: "Kaleun<1><STEAM_0:1:529092><players>" say "green3"
L 26/01/2020 - 02:24:21: "Kaleun<1><STEAM_0:1:529092><players>" stats: frags="0.00" deaths="0" health="100" 
L 26/01/2020 - 02:24:21: "Kaleun<1><STEAM_0:1:529092><players>" say "green3"
L 26/01/2020 - 02:24:36: "Kaleun<1><STEAM_0:1:529092><players>" say "hahaha"
L 26/01/2020 - 02:24:43: "Kaleun<1><STEAM_0:1:529092><players>" say "highground"
L 26/01/2020 - 02:24:51: "Kaleun<1><STEAM_0:1:529092><players>" stats: frags="0.00" deaths="0" health="100" 
L 26/01/2020 - 02:24:53: "Kaleun<1><STEAM_0:1:529092><players>" say "holyshit5"
L 26/01/2020 - 02:24:59: "Kaleun<1><STEAM_0:1:529092><players>" say "horror1"
L 26/01/2020 - 02:25:15: "Kaleun<1><STEAM_0:1:529092><players>" say "huegh"
L 26/01/2020 - 02:25:21: "Kaleun<1><STEAM_0:1:529092><players>" say "imonfire"
L 26/01/2020 - 02:25:21: "Kaleun<1><STEAM_0:1:529092><players>" stats: frags="0.00" deaths="0" health="100" 
L 26/01/2020 - 02:25:26: "Kaleun<1><STEAM_0:1:529092><players>" say "jajajaja"
L 26/01/2020 - 02:25:31: "Kaleun<1><STEAM_0:1:529092><players>" say "lift2"
L 26/01/2020 - 02:25:39: "Kaleun<1><STEAM_0:1:529092><players>" say "lolcough"
L 26/01/2020 - 02:25:45: "Kaleun<1><STEAM_0:1:529092><players>" say "loud"
L 26/01/2020 - 02:25:51: "Kaleun<1><STEAM_0:1:529092><players>" say "mariachi"
L 26/01/2020 - 02:25:51: "Kaleun<1><STEAM_0:1:529092><players>" stats: frags="0.00" deaths="0" health="100" 
L 26/01/2020 - 02:25:59: "Kaleun<1><STEAM_0:1:529092><players>" say "monke"
L 26/01/2020 - 02:26:05: "Kaleun<1><STEAM_0:1:529092><players>" say "okboomer"
L 26/01/2020 - 02:26:18: "Kaleun<1><STEAM_0:1:529092><players>" say "omg5"
L 26/01/2020 - 02:26:21: "Kaleun<1><STEAM_0:1:529092><players>" stats: frags="0.00" deaths="0" health="100" 
L 26/01/2020 - 02:26:26: "Kaleun<1><STEAM_0:1:529092><players>" say "onekill"
L 26/01/2020 - 02:26:33: "Kaleun<1><STEAM_0:1:529092><players>" say "open"
L 26/01/2020 - 02:26:39: "Kaleun<1><STEAM_0:1:529092><players>" say "parararam"
L 26/01/2020 - 02:26:44: "Kaleun<1><STEAM_0:1:529092><players>" say "party2"
L 26/01/2020 - 02:26:44: "Mauro<2><STEAM_0:0:168690026><>" connected, address "155.133.254.133:54458"
L 26/01/2020 - 02:26:45: "Mauro<2><STEAM_0:0:168690026><>" STEAM USERID validated
L 26/01/2020 - 02:26:51: "Kaleun<1><STEAM_0:1:529092><players>" stats: frags="0.00" deaths="0" health="100" 
L 26/01/2020 - 02:26:53: "Kaleun<1><STEAM_0:1:529092><players>" say "pingu"
L 26/01/2020 - 02:26:57: "Kaleun<1><STEAM_0:1:529092><players>" say "purple"
L 26/01/2020 - 02:27:02: "Kaleun<1><STEAM_0:1:529092><players>" say "putos"
L 26/01/2020 - 02:27:03: "Mauro<3><STEAM_0:0:168690026><>" connected, address "155.133.254.133:54458"
L 26/01/2020 - 02:27:03: "Mauro<3><STEAM_0:0:168690026><>" STEAM USERID validated
L 26/01/2020 - 02:27:06: "Kaleun<1><STEAM_0:1:529092><players>" say "quad"
L 26/01/2020 - 02:27:09: "Kaleun<1><STEAM_0:1:529092><players>" say "rust"
L 26/01/2020 - 02:27:13: "Kaleun<1><STEAM_0:1:529092><players>" say "scaped"
L 26/01/2020 - 02:27:16: "Kaleun<1><STEAM_0:1:529092><players>" say "COMMIT RITUAL SUICIDE"
L 26/01/2020 - 02:27:21: "Kaleun<1><STEAM_0:1:529092><players>" stats: frags="0.00" deaths="0" health="100" 
L 26/01/2020 - 02:27:22: "Kaleun<1><STEAM_0:1:529092><players>" say "sniper1"
L 26/01/2020 - 02:27:25: "Kaleun<1><STEAM_0:1:529092><players>" say "st"
L 26/01/2020 - 02:27:26: "Mauro<3><STEAM_0:0:168690026><players>" has entered the game
L 26/01/2020 - 02:27:37: "Kaleun<1><STEAM_0:1:529092><players>" say "stereobruh"
L 26/01/2020 - 02:27:44: "Kaleun<1><STEAM_0:1:529092><players>" say "texto"
L 26/01/2020 - 02:27:51: "Kaleun<1><STEAM_0:1:529092><players>" stats: frags="0.00" deaths="0" health="100" 
L 26/01/2020 - 02:27:51: "Kaleun<1><STEAM_0:1:529092><players>" say "uganda1"
L 26/01/2020 - 02:27:56: "Mauro<3><STEAM_0:0:168690026><players>" stats: frags="0.00" deaths="0" health="60" 
L 26/01/2020 - 02:27:57: "Kaleun<1><STEAM_0:1:529092><players>" say "uwaa"
L 26/01/2020 - 02:28:00: "Kaleun<1><STEAM_0:1:529092><players>" say "uwaaa"
L 26/01/2020 - 02:28:05: "Kaleun<1><STEAM_0:1:529092><players>" say "voxnumber9"
L 26/01/2020 - 02:28:14: "Kaleun<1><STEAM_0:1:529092><players>" say "wafn"
L 26/01/2020 - 02:28:19: "Kaleun<1><STEAM_0:1:529092><players>" say "weakshit"
L 26/01/2020 - 02:28:21: "Kaleun<1><STEAM_0:1:529092><players>" stats: frags="0.00" deaths="0" health="100" 
L 26/01/2020 - 02:28:24: "Mauro<3><STEAM_0:0:168690026><players>" say "hello"
L 26/01/2020 - 02:28:26: "Kaleun<1><STEAM_0:1:529092><players>" say "whatyousaid"
L 26/01/2020 - 02:28:26: "Mauro<3><STEAM_0:0:168690026><players>" stats: frags="0.00" deaths="0" health="60" 
L 26/01/2020 - 02:28:32: "Kaleun<1><STEAM_0:1:529092><players>" say "wheeze"
L 26/01/2020 - 02:28:36: "Kaleun<1><STEAM_0:1:529092><players>" say "wtf4"
L 26/01/2020 - 02:28:40: "Kaleun<1><STEAM_0:1:529092><players>" say "yeet"
L 26/01/2020 - 02:28:44: "Kaleun<1><STEAM_0:1:529092><players>" say "yeit"
L 26/01/2020 - 02:28:48: "Kaleun<1><STEAM_0:1:529092><players>" say "yoda"
L 26/01/2020 - 02:28:51: "Kaleun<1><STEAM_0:1:529092><players>" stats: frags="0.00" deaths="0" health="100" 
L 26/01/2020 - 02:28:56: "Mauro<3><STEAM_0:0:168690026><players>" stats: frags="0.00" deaths="0" health="60" 
L 26/01/2020 - 02:29:00: "Kaleun<1><STEAM_0:1:529092><players>" say "youwhat"
L 26/01/2020 - 02:29:21: "Kaleun<1><STEAM_0:1:529092><players>" stats: frags="0.00" deaths="0" health="100" 
L 26/01/2020 - 02:29:26: "Mauro<3><STEAM_0:0:168690026><players>" stats: frags="0.00" deaths="0" health="60" 
L 26/01/2020 - 02:29:51: "Kaleun<1><STEAM_0:1:529092><players>" stats: frags="0.00" deaths="0" health="100" 
L 26/01/2020 - 02:29:56: "Mauro<3><STEAM_0:0:168690026><players>" stats: frags="0.00" deaths="0" health="60" 
L 26/01/2020 - 02:30:21: "Kaleun<1><STEAM_0:1:529092><players>" stats: frags="0.00" deaths="0" health="100" 
L 26/01/2020 - 02:30:26: "Mauro<3><STEAM_0:0:168690026><players>" stats: frags="0.00" deaths="0" health="60" 
L 26/01/2020 - 02:30:51: "Kaleun<1><STEAM_0:1:529092><players>" stats: frags="0.00" deaths="0" health="100" 
L 26/01/2020 - 02:30:56: "Mauro<3><STEAM_0:0:168690026><players>" stats: frags="0.00" deaths="0" health="60" 
L 26/01/2020 - 02:31:21: "Kaleun<1><STEAM_0:1:529092><players>" stats: frags="0.00" deaths="0" health="100" 
L 26/01/2020 - 02:31:26: "Mauro<3><STEAM_0:0:168690026><players>" stats: frags="0.00" deaths="0" health="60" 
L 26/01/2020 - 02:31:51: "Kaleun<1><STEAM_0:1:529092><players>" stats: frags="0.00" deaths="0" health="100" 
L 26/01/2020 - 02:31:56: "Mauro<3><STEAM_0:0:168690026><players>" stats: frags="0.00" deaths="0" health="60" 
L 26/01/2020 - 02:32:21: "Kaleun<1><STEAM_0:1:529092><players>" stats: frags="0.00" deaths="0" health="100" 
L 26/01/2020 - 02:32:26: "Mauro<3><STEAM_0:0:168690026><players>" stats: frags="0.00" deaths="0" health="60" 
L 26/01/2020 - 02:32:45: "Mauro<3><STEAM_0:0:168690026><players>" killed "Kaleun<1><STEAM_0:1:529092><players>" with "weapon_stone_pickaxe"
L 26/01/2020 - 02:32:51: "Kaleun<1><STEAM_0:1:529092><players>" stats: frags="0.00" deaths="0" health="0" 
L 26/01/2020 - 02:32:56: "Mauro<3><STEAM_0:0:168690026><players>" stats: frags="1.00" deaths="0" health="60" 
L 26/01/2020 - 02:33:21: "Kaleun<1><STEAM_0:1:529092><players>" stats: frags="0.00" deaths="0" health="60" 
L 26/01/2020 - 02:33:27: "Mauro<3><STEAM_0:0:168690026><players>" stats: frags="1.00" deaths="0" health="60" 
L 26/01/2020 - 02:33:51: "Kaleun<1><STEAM_0:1:529092><players>" stats: frags="0.00" deaths="0" health="60" 
L 26/01/2020 - 02:33:57: "Mauro<3><STEAM_0:0:168690026><players>" stats: frags="1.00" deaths="0" health="60" 
L 26/01/2020 - 02:34:21: "Kaleun<1><STEAM_0:1:529092><players>" stats: frags="0.00" deaths="0" health="60" 
L 26/01/2020 - 02:34:27: "Mauro<3><STEAM_0:0:168690026><players>" stats: frags="1.00" deaths="0" health="26" 
L 26/01/2020 - 02:34:51: "Kaleun<1><STEAM_0:1:529092><players>" stats: frags="0.00" deaths="0" health="60" 
L 26/01/2020 - 02:35:21: "Kaleun<1><STEAM_0:1:529092><players>" stats: frags="0.00" deaths="0" health="60" 
L 26/01/2020 - 02:35:36: "Mauro<3><STEAM_0:0:168690026><players>" stats: frags="2.47" deaths="2" health="60" 
L 26/01/2020 - 02:35:51: "Kaleun<1><STEAM_0:1:529092><players>" stats: frags="0.00" deaths="0" health="60" 
L 26/01/2020 - 02:36:06: "Kaleun<1><STEAM_0:1:529092><players>" killed "Mauro<3><STEAM_0:0:168690026><players>" with "weapon_bow"
L 26/01/2020 - 02:36:06: "Mauro<3><STEAM_0:0:168690026><players>" stats: frags="2.47" deaths="2" health="0" 
L 26/01/2020 - 02:36:38: "Mauro<3><STEAM_0:0:168690026><players>" stats: frags="2.47" deaths="2" health="60" 
L 26/01/2020 - 02:36:42: "Kaleun<1><STEAM_0:1:529092><players>" stats: frags="1.00" deaths="1" health="30" 
L 26/01/2020 - 02:36:49: "Mauro<3><STEAM_0:0:168690026><players>" killed "Kaleun<1><STEAM_0:1:529092><players>" with "weapon_rock"
L 26/01/2020 - 02:37:08: "Mauro<3><STEAM_0:0:168690026><players>" stats: frags="3.47" deaths="2" health="60" 
L 26/01/2020 - 02:37:25: "Kaleun<1><STEAM_0:1:529092><players>" stats: frags="1.00" deaths="1" health="60" 
L 26/01/2020 - 02:37:38: "Mauro<3><STEAM_0:0:168690026><players>" stats: frags="3.47" deaths="2" health="60" 
L 26/01/2020 - 02:37:55: "Kaleun<1><STEAM_0:1:529092><players>" stats: frags="1.00" deaths="1" health="22" 
L 26/01/2020 - 02:38:08: "Mauro<3><STEAM_0:0:168690026><players>" stats: frags="3.47" deaths="2" health="60" 
L 26/01/2020 - 02:38:25: "Kaleun<1><STEAM_0:1:529092><players>" stats: frags="1.00" deaths="1" health="22" 
L 26/01/2020 - 02:38:38: "Mauro<3><STEAM_0:0:168690026><players>" stats: frags="3.47" deaths="2" health="60" 
L 26/01/2020 - 02:38:56: "Kaleun<1><STEAM_0:1:529092><players>" killed "Kaleun<1><STEAM_0:1:529092><players>" with "world"
L 26/01/2020 - 02:38:59: "Kaleun<1><STEAM_0:1:529092><players>" stats: frags="0.00" deaths="3" health="0" 
L 26/01/2020 - 02:39:07: Rcon: "rcon 1352855341 "goldeneye" impulse101" from "192.168.254.12:27005"
L 26/01/2020 - 02:39:08: "Mauro<3><STEAM_0:0:168690026><players>" stats: frags="3.47" deaths="2" health="60" 
L 26/01/2020 - 02:39:36: "Kaleun<1><STEAM_0:1:529092><players>" stats: frags="0.00" deaths="3" health="37" 
L 26/01/2020 - 02:39:38: "Mauro<3><STEAM_0:0:168690026><players>" stats: frags="3.47" deaths="2" health="60" 
L 26/01/2020 - 02:40:06: "Kaleun<1><STEAM_0:1:529092><players>" stats: frags="0.00" deaths="3" health="37" 
L 26/01/2020 - 02:40:08: "Mauro<3><STEAM_0:0:168690026><players>" stats: frags="3.47" deaths="2" health="39" 
L 26/01/2020 - 02:40:13: "Kaleun<1><STEAM_0:1:529092><players>" killed "Mauro<3><STEAM_0:0:168690026><players>" with "weapon_rock"
L 26/01/2020 - 02:40:36: "Kaleun<1><STEAM_0:1:529092><players>" stats: frags="1.00" deaths="3" health="37" 
L 26/01/2020 - 02:40:36: "Mauro<3><STEAM_0:0:168690026><players>" say "rtv"
L 26/01/2020 - 02:40:45: "Mauro<3><STEAM_0:0:168690026><players>" stats: frags="3.47" deaths="2" health="60" 
L 26/01/2020 - 02:41:06: "Kaleun<1><STEAM_0:1:529092><players>" stats: frags="1.00" deaths="3" health="37" 
L 26/01/2020 - 02:41:15: "Mauro<3><STEAM_0:0:168690026><players>" stats: frags="3.47" deaths="2" health="60" 
L 26/01/2020 - 02:41:36: "Kaleun<1><STEAM_0:1:529092><players>" stats: frags="1.00" deaths="3" health="37" 
L 26/01/2020 - 02:41:44: "Mauro<3><STEAM_0:0:168690026><players>" killed "Kaleun<1><STEAM_0:1:529092><players>" with "weapon_rock"
L 26/01/2020 - 02:41:45: "Mauro<3><STEAM_0:0:168690026><players>" stats: frags="4.47" deaths="2" health="33" 
L 26/01/2020 - 02:42:15: "Mauro<3><STEAM_0:0:168690026><players>" stats: frags="4.47" deaths="2" health="33" 
L 26/01/2020 - 02:42:22: "Kaleun<1><STEAM_0:1:529092><players>" stats: frags="1.00" deaths="3" health="60" 
L 26/01/2020 - 02:42:45: "Mauro<3><STEAM_0:0:168690026><players>" stats: frags="4.47" deaths="2" health="33" 
L 26/01/2020 - 02:43:06: "Kaleun<1><STEAM_0:1:529092><players>" stats: frags="1.00" deaths="4" health="30" 
L 26/01/2020 - 02:43:15: "Mauro<3><STEAM_0:0:168690026><players>" stats: frags="4.47" deaths="2" health="33" 
L 26/01/2020 - 02:43:36: "Kaleun<1><STEAM_0:1:529092><players>" stats: frags="1.00" deaths="4" health="30" 
L 26/01/2020 - 02:43:50: "Kaleun<1><STEAM_0:1:529092><players>" killed "Kaleun<1><STEAM_0:1:529092><players>" with "world"
L 26/01/2020 - 02:44:34: "Mauro<3><STEAM_0:0:168690026><players>" stats: frags="4.47" deaths="4" health="60" 
L 26/01/2020 - 02:45:04: "Mauro<3><STEAM_0:0:168690026><players>" stats: frags="4.47" deaths="4" health="6" 
L 26/01/2020 - 02:45:08: "Kaleun<1><STEAM_0:1:529092><players>" stats: frags="1.50" deaths="7" health="33" 
L 26/01/2020 - 02:45:15: "Kaleun<1><STEAM_0:1:529092><players>" killed "Mauro<3><STEAM_0:0:168690026><players>" with "weapon_rock"
L 26/01/2020 - 02:45:38: "Kaleun<1><STEAM_0:1:529092><players>" stats: frags="2.50" deaths="7" health="6" 
L 26/01/2020 - 02:45:40: "Kaleun<1><STEAM_0:1:529092><players>" killed "Mauro<3><STEAM_0:0:168690026><players>" with "weapon_rock"
L 26/01/2020 - 02:46:08: "Kaleun<1><STEAM_0:1:529092><players>" stats: frags="3.50" deaths="7" health="6" 
L 26/01/2020 - 02:46:12: "Mauro<3><STEAM_0:0:168690026><players>" stats: frags="4.47" deaths="4" health="60" 
L 26/01/2020 - 02:46:19: "Mauro<3><STEAM_0:0:168690026><players>" killed "Kaleun<1><STEAM_0:1:529092><players>" with "weapon_rock"
L 26/01/2020 - 02:46:36: "Mauro<3><STEAM_0:0:168690026><players>" say "wait"
L 26/01/2020 - 02:46:45: "Mauro<3><STEAM_0:0:168690026><players>" say "we must  work toqgether"
L 26/01/2020 - 02:47:19: "Mauro<3><STEAM_0:0:168690026><players>" stats: frags="5.47" deaths="6" health="60" 
L 26/01/2020 - 02:47:35: "Kaleun<1><STEAM_0:1:529092><players>" stats: frags="3.50" deaths="9" health="60" 
L 26/01/2020 - 02:48:05: "Kaleun<1><STEAM_0:1:529092><players>" stats: frags="3.50" deaths="9" health="60" 
L 26/01/2020 - 02:48:18: "Mauro<3><STEAM_0:0:168690026><players>" stats: frags="5.47" deaths="7" health="60" 
L 26/01/2020 - 02:48:35: "Kaleun<1><STEAM_0:1:529092><players>" stats: frags="3.50" deaths="9" health="60" 
L 26/01/2020 - 02:48:48: "Mauro<3><STEAM_0:0:168690026><players>" stats: frags="5.47" deaths="7" health="60" 
L 26/01/2020 - 02:49:11: "Kaleun<1><STEAM_0:1:529092><players>" stats: frags="3.50" deaths="10" health="60" 
L 26/01/2020 - 02:49:19: "Mauro<3><STEAM_0:0:168690026><players>" stats: frags="5.47" deaths="7" health="60" 
L 26/01/2020 - 02:49:41: "Kaleun<1><STEAM_0:1:529092><players>" stats: frags="3.50" deaths="10" health="60" 
L 26/01/2020 - 02:49:48: "Mauro<3><STEAM_0:0:168690026><players>" stats: frags="5.47" deaths="7" health="60" 
L 26/01/2020 - 02:50:11: "Kaleun<1><STEAM_0:1:529092><players>" stats: frags="3.50" deaths="10" health="60" 
L 26/01/2020 - 02:50:19: "Mauro<3><STEAM_0:0:168690026><players>" stats: frags="5.47" deaths="7" health="60" 
L 26/01/2020 - 02:50:49: "Mauro<3><STEAM_0:0:168690026><players>" stats: frags="5.47" deaths="8" health="0" 
L 26/01/2020 - 02:50:53: "Kaleun<1><STEAM_0:1:529092><players>" stats: frags="3.50" deaths="11" health="48" 
L 26/01/2020 - 02:50:58: "Kaleun<1><STEAM_0:1:529092><players>" killed "Kaleun<1><STEAM_0:1:529092><players>" with "world"
L 26/01/2020 - 02:51:14: "Mauro<3><STEAM_0:0:168690026><players>" killed "Mauro<3><STEAM_0:0:168690026><players>" with "world"
