L 23/01/2020 - 21:58:54: Log file started (file "logs\2020-01-23.log") (game "svencoop") (version "48/5.0.1.4/8458")
L 23/01/2020 - 21:58:55: Log file closed
L 23/01/2020 - 21:58:55: Log file started (file "logs\2020-01-23.log") (game "svencoop") (version "48/5.0.1.4/8458")
L 23/01/2020 - 21:58:55: Loading map "abandoned"
L 23/01/2020 - 21:58:55: Server cvars start
L 23/01/2020 - 21:58:55: Server cvar "adminsfile" = "admins.txt"
L 23/01/2020 - 21:58:55: Server cvar "allow_spectators" = "1.0"
L 23/01/2020 - 21:58:55: Server cvar "coop" = "0"
L 23/01/2020 - 21:58:55: Server cvar "deathmatch" = "1"
L 23/01/2020 - 21:58:55: Server cvar "edgefriction" = "2"
L 23/01/2020 - 21:58:55: Server cvar "gamebuild" = "6397"
L 23/01/2020 - 21:58:55: Server cvar "gamename" = "Sven Co-op"
L 23/01/2020 - 21:58:55: Server cvar "gameversion" = "5.22"
L 23/01/2020 - 21:58:55: Server cvar "gameversionnum" = "5.22"
L 23/01/2020 - 21:58:55: Server cvar "mapvotecfgfile" = "mapvote.cfg"
L 23/01/2020 - 21:58:55: Server cvar "max_queries_sec" = "3.0"
L 23/01/2020 - 21:58:55: Server cvar "max_queries_sec_global" = "30"
L 23/01/2020 - 21:58:55: Server cvar "max_queries_window" = "60"
L 23/01/2020 - 21:58:55: Server cvar "mp_banana" = "1.0"
L 23/01/2020 - 21:58:55: Server cvar "mp_consistency" = "1"
L 23/01/2020 - 21:58:55: Server cvar "mp_footsteps" = "1"
L 23/01/2020 - 21:58:55: Server cvar "mp_logfile" = "1"
L 23/01/2020 - 21:58:55: Server cvar "mp_nextmap_cycle" = ""
L 23/01/2020 - 21:58:55: Server cvar "mp_notimelimit" = "0.0"
L 23/01/2020 - 21:58:55: Server cvar "pausable" = "0"
L 23/01/2020 - 21:58:55: Server cvar "skillcfgfile" = "skill.cfg"
L 23/01/2020 - 21:58:55: Server cvar "sv_accelerate" = "10"
L 23/01/2020 - 21:58:55: Server cvar "sv_admin_icon" = "gfx/icons/admin.tga"
L 23/01/2020 - 21:58:55: Server cvar "sv_aim" = "1"
L 23/01/2020 - 21:58:55: Server cvar "sv_airaccelerate" = "10"
L 23/01/2020 - 21:58:55: Server cvar "sv_allowupload" = "1"
L 23/01/2020 - 21:58:55: Server cvar "sv_bounce" = "1"
L 23/01/2020 - 21:58:55: Server cvar "sv_cheats" = "0"
L 23/01/2020 - 21:58:55: Server cvar "sv_clienttrace" = "1"
L 23/01/2020 - 21:58:55: Server cvar "sv_contact" = ""
L 23/01/2020 - 21:58:55: Server cvar "sv_friction" = "4"
L 23/01/2020 - 21:58:55: Server cvar "sv_gravity" = "800"
L 23/01/2020 - 21:58:55: Server cvar "sv_logblocks" = "0"
L 23/01/2020 - 21:58:55: Server cvar "sv_maxrate" = "0"
L 23/01/2020 - 21:58:55: Server cvar "sv_maxspeed" = "320"
L 23/01/2020 - 21:58:55: Server cvar "sv_minrate" = "0"
L 23/01/2020 - 21:58:55: Server cvar "sv_password" = ""
L 23/01/2020 - 21:58:55: Server cvar "sv_proxies" = "1"
L 23/01/2020 - 21:58:55: Server cvar "sv_stepsize" = "18"
L 23/01/2020 - 21:58:55: Server cvar "sv_stopspeed" = "100"
L 23/01/2020 - 21:58:55: Server cvar "sv_uploadmax" = "0.5"
L 23/01/2020 - 21:58:55: Server cvar "sv_voiceenable" = "1"
L 23/01/2020 - 21:58:55: Server cvar "sv_wateraccelerate" = "10"
L 23/01/2020 - 21:58:55: Server cvar "sv_waterfriction" = "1"
L 23/01/2020 - 21:58:55: Server cvars end
L 23/01/2020 - 21:58:55: Server cvar "mp_consistency" = "0"
L 23/01/2020 - 21:58:55: Log file closed
L 23/01/2020 - 21:58:55: Log file started (file "logs\2020-01-23.log") (game "svencoop") (version "48/5.0.1.4/8458")
L 23/01/2020 - 21:58:55: Server cvar "sv_aim" = "0"
L 23/01/2020 - 21:58:55: Server cvar "mp_banana" = "1"
L 23/01/2020 - 21:58:55: Server cvar "sv_maxspeed" = "270"
L 23/01/2020 - 21:58:55: Server is empty, map will end in 10.00 minute(s) if nobody connects.
L 23/01/2020 - 21:58:56: Started map "abandoned" (CRC "1038585952")
L 23/01/2020 - 21:58:56: Log file closed
L 23/01/2020 - 21:58:56: Log file started (file "logs\2020-01-23.log") (game "svencoop") (version "48/5.0.1.4/8458")
L 23/01/2020 - 21:59:07: "Kaleun<1><STEAM_0:1:529092><>" connected, address "192.168.254.12:27005"
L 23/01/2020 - 22:13:50: Log file started (file "logs\2020-01-23.log") (game "svencoop") (version "48/5.0.1.4/8458")
L 23/01/2020 - 22:13:50: Log file closed
L 23/01/2020 - 22:13:50: Log file started (file "logs\2020-01-23.log") (game "svencoop") (version "48/5.0.1.4/8458")
L 23/01/2020 - 22:13:50: Loading map "abandoned"
L 23/01/2020 - 22:13:50: Server cvars start
L 23/01/2020 - 22:13:50: Server cvar "adminsfile" = "admins.txt"
L 23/01/2020 - 22:13:50: Server cvar "allow_spectators" = "1.0"
L 23/01/2020 - 22:13:50: Server cvar "coop" = "0"
L 23/01/2020 - 22:13:50: Server cvar "deathmatch" = "1"
L 23/01/2020 - 22:13:50: Server cvar "edgefriction" = "2"
L 23/01/2020 - 22:13:50: Server cvar "gamebuild" = "6397"
L 23/01/2020 - 22:13:50: Server cvar "gamename" = "Sven Co-op"
L 23/01/2020 - 22:13:50: Server cvar "gameversion" = "5.22"
L 23/01/2020 - 22:13:50: Server cvar "gameversionnum" = "5.22"
L 23/01/2020 - 22:13:50: Server cvar "mapvotecfgfile" = "mapvote.cfg"
L 23/01/2020 - 22:13:50: Server cvar "max_queries_sec" = "3.0"
L 23/01/2020 - 22:13:50: Server cvar "max_queries_sec_global" = "30"
L 23/01/2020 - 22:13:50: Server cvar "max_queries_window" = "60"
L 23/01/2020 - 22:13:50: Server cvar "mp_banana" = "1.0"
L 23/01/2020 - 22:13:50: Server cvar "mp_consistency" = "1"
L 23/01/2020 - 22:13:50: Server cvar "mp_footsteps" = "1"
L 23/01/2020 - 22:13:50: Server cvar "mp_logfile" = "1"
L 23/01/2020 - 22:13:50: Server cvar "mp_nextmap_cycle" = ""
L 23/01/2020 - 22:13:50: Server cvar "mp_notimelimit" = "0.0"
L 23/01/2020 - 22:13:50: Server cvar "pausable" = "0"
L 23/01/2020 - 22:13:50: Server cvar "skillcfgfile" = "skill.cfg"
L 23/01/2020 - 22:13:50: Server cvar "sv_accelerate" = "10"
L 23/01/2020 - 22:13:50: Server cvar "sv_admin_icon" = "gfx/icons/admin.tga"
L 23/01/2020 - 22:13:50: Server cvar "sv_aim" = "1"
L 23/01/2020 - 22:13:50: Server cvar "sv_airaccelerate" = "10"
L 23/01/2020 - 22:13:50: Server cvar "sv_allowupload" = "1"
L 23/01/2020 - 22:13:50: Server cvar "sv_bounce" = "1"
L 23/01/2020 - 22:13:50: Server cvar "sv_cheats" = "0"
L 23/01/2020 - 22:13:50: Server cvar "sv_clienttrace" = "1"
L 23/01/2020 - 22:13:50: Server cvar "sv_contact" = ""
L 23/01/2020 - 22:13:50: Server cvar "sv_friction" = "4"
L 23/01/2020 - 22:13:50: Server cvar "sv_gravity" = "800"
L 23/01/2020 - 22:13:50: Server cvar "sv_logblocks" = "0"
L 23/01/2020 - 22:13:50: Server cvar "sv_maxrate" = "0"
L 23/01/2020 - 22:13:50: Server cvar "sv_maxspeed" = "320"
L 23/01/2020 - 22:13:50: Server cvar "sv_minrate" = "0"
L 23/01/2020 - 22:13:50: Server cvar "sv_password" = ""
L 23/01/2020 - 22:13:50: Server cvar "sv_proxies" = "1"
L 23/01/2020 - 22:13:50: Server cvar "sv_stepsize" = "18"
L 23/01/2020 - 22:13:50: Server cvar "sv_stopspeed" = "100"
L 23/01/2020 - 22:13:50: Server cvar "sv_uploadmax" = "0.5"
L 23/01/2020 - 22:13:50: Server cvar "sv_voiceenable" = "1"
L 23/01/2020 - 22:13:50: Server cvar "sv_wateraccelerate" = "10"
L 23/01/2020 - 22:13:50: Server cvar "sv_waterfriction" = "1"
L 23/01/2020 - 22:13:50: Server cvars end
L 23/01/2020 - 22:13:51: Server cvar "mp_consistency" = "0"
L 23/01/2020 - 22:13:51: Log file closed
L 23/01/2020 - 22:13:51: Log file started (file "logs\2020-01-23.log") (game "svencoop") (version "48/5.0.1.4/8458")
L 23/01/2020 - 22:13:51: Server cvar "sv_aim" = "0"
L 23/01/2020 - 22:13:51: Server cvar "mp_banana" = "1"
L 23/01/2020 - 22:13:51: Server cvar "sv_maxspeed" = "270"
L 23/01/2020 - 22:13:51: Server is empty, map will end in 10.00 minute(s) if nobody connects.
L 23/01/2020 - 22:13:52: Started map "abandoned" (CRC "1038585952")
L 23/01/2020 - 22:13:52: Log file closed
L 23/01/2020 - 22:13:52: Log file started (file "logs\2020-01-23.log") (game "svencoop") (version "48/5.0.1.4/8458")
L 23/01/2020 - 22:14:29: "Kaleun<1><STEAM_0:1:529092><>" connected, address "192.168.254.12:27005"
L 23/01/2020 - 23:10:12: Log file started (file "logs\2020-01-23.log") (game "svencoop") (version "48/5.0.1.4/8458")
L 23/01/2020 - 23:10:12: Log file closed
L 23/01/2020 - 23:10:12: Log file started (file "logs\2020-01-23.log") (game "svencoop") (version "48/5.0.1.4/8458")
L 23/01/2020 - 23:10:12: Loading map "abandoned"
L 23/01/2020 - 23:10:12: Server cvars start
L 23/01/2020 - 23:10:12: Server cvar "adminsfile" = "admins.txt"
L 23/01/2020 - 23:10:12: Server cvar "allow_spectators" = "1.0"
L 23/01/2020 - 23:10:12: Server cvar "coop" = "0"
L 23/01/2020 - 23:10:12: Server cvar "deathmatch" = "1"
L 23/01/2020 - 23:10:12: Server cvar "edgefriction" = "2"
L 23/01/2020 - 23:10:12: Server cvar "gamebuild" = "6397"
L 23/01/2020 - 23:10:12: Server cvar "gamename" = "Sven Co-op"
L 23/01/2020 - 23:10:12: Server cvar "gameversion" = "5.22"
L 23/01/2020 - 23:10:12: Server cvar "gameversionnum" = "5.22"
L 23/01/2020 - 23:10:12: Server cvar "mapvotecfgfile" = "mapvote.cfg"
L 23/01/2020 - 23:10:12: Server cvar "max_queries_sec" = "3.0"
L 23/01/2020 - 23:10:12: Server cvar "max_queries_sec_global" = "30"
L 23/01/2020 - 23:10:12: Server cvar "max_queries_window" = "60"
L 23/01/2020 - 23:10:12: Server cvar "mp_banana" = "1.0"
L 23/01/2020 - 23:10:12: Server cvar "mp_consistency" = "1"
L 23/01/2020 - 23:10:12: Server cvar "mp_footsteps" = "1"
L 23/01/2020 - 23:10:12: Server cvar "mp_logfile" = "1"
L 23/01/2020 - 23:10:12: Server cvar "mp_nextmap_cycle" = ""
L 23/01/2020 - 23:10:12: Server cvar "mp_notimelimit" = "0.0"
L 23/01/2020 - 23:10:12: Server cvar "pausable" = "0"
L 23/01/2020 - 23:10:12: Server cvar "skillcfgfile" = "skill.cfg"
L 23/01/2020 - 23:10:12: Server cvar "sv_accelerate" = "10"
L 23/01/2020 - 23:10:12: Server cvar "sv_admin_icon" = "gfx/icons/admin.tga"
L 23/01/2020 - 23:10:12: Server cvar "sv_aim" = "1"
L 23/01/2020 - 23:10:12: Server cvar "sv_airaccelerate" = "10"
L 23/01/2020 - 23:10:12: Server cvar "sv_allowupload" = "1"
L 23/01/2020 - 23:10:12: Server cvar "sv_bounce" = "1"
L 23/01/2020 - 23:10:12: Server cvar "sv_cheats" = "0"
L 23/01/2020 - 23:10:12: Server cvar "sv_clienttrace" = "1"
L 23/01/2020 - 23:10:12: Server cvar "sv_contact" = ""
L 23/01/2020 - 23:10:12: Server cvar "sv_friction" = "4"
L 23/01/2020 - 23:10:12: Server cvar "sv_gravity" = "800"
L 23/01/2020 - 23:10:12: Server cvar "sv_logblocks" = "0"
L 23/01/2020 - 23:10:12: Server cvar "sv_maxrate" = "0"
L 23/01/2020 - 23:10:12: Server cvar "sv_maxspeed" = "320"
L 23/01/2020 - 23:10:12: Server cvar "sv_minrate" = "0"
L 23/01/2020 - 23:10:12: Server cvar "sv_password" = ""
L 23/01/2020 - 23:10:12: Server cvar "sv_proxies" = "1"
L 23/01/2020 - 23:10:12: Server cvar "sv_stepsize" = "18"
L 23/01/2020 - 23:10:12: Server cvar "sv_stopspeed" = "100"
L 23/01/2020 - 23:10:12: Server cvar "sv_uploadmax" = "0.5"
L 23/01/2020 - 23:10:12: Server cvar "sv_voiceenable" = "1"
L 23/01/2020 - 23:10:12: Server cvar "sv_wateraccelerate" = "10"
L 23/01/2020 - 23:10:12: Server cvar "sv_waterfriction" = "1"
L 23/01/2020 - 23:10:12: Server cvars end
L 23/01/2020 - 23:10:13: Server cvar "mp_consistency" = "0"
L 23/01/2020 - 23:10:13: Log file closed
L 23/01/2020 - 23:10:13: Log file started (file "logs\2020-01-23.log") (game "svencoop") (version "48/5.0.1.4/8458")
L 23/01/2020 - 23:10:13: Server cvar "sv_aim" = "0"
L 23/01/2020 - 23:10:13: Server cvar "mp_banana" = "1"
L 23/01/2020 - 23:10:13: Server cvar "sv_maxspeed" = "270"
L 23/01/2020 - 23:10:13: Server is empty, map will end in 10.00 minute(s) if nobody connects.
L 23/01/2020 - 23:10:14: Started map "abandoned" (CRC "1038585952")
L 23/01/2020 - 23:10:14: Log file closed
L 23/01/2020 - 23:10:14: Log file started (file "logs\2020-01-23.log") (game "svencoop") (version "48/5.0.1.4/8458")
L 23/01/2020 - 23:10:25: "Kaleun<1><STEAM_0:1:529092><>" connected, address "192.168.254.12:27005"
L 23/01/2020 - 23:10:25: "Kaleun<1><STEAM_0:1:529092><>" STEAM USERID validated
L 23/01/2020 - 23:10:30: Server is no longer empty, idle timer disabled.
L 23/01/2020 - 23:10:30: "Kaleun<1><STEAM_0:1:529092><players>" has entered the game
L 23/01/2020 - 23:11:01: "Kaleun<1><STEAM_0:1:529092><players>" say "hello"
L 23/01/2020 - 23:11:25: "Kaleun<1><STEAM_0:1:529092><players>" stats: frags="4.65" deaths="2" health="1" 
L 23/01/2020 - 23:11:41: Log file closed
L 23/01/2020 - 23:11:41: Log file started (file "logs\2020-01-23.log") (game "svencoop") (version "48/5.0.1.4/8458")
L 23/01/2020 - 23:11:41: Loading map "abandoned"
L 23/01/2020 - 23:11:41: Server cvars start
L 23/01/2020 - 23:11:41: Server cvar "adminsfile" = "admins.txt"
L 23/01/2020 - 23:11:41: Server cvar "allow_spectators" = "1.0"
L 23/01/2020 - 23:11:41: Server cvar "coop" = "0"
L 23/01/2020 - 23:11:41: Server cvar "deathmatch" = "1"
L 23/01/2020 - 23:11:41: Server cvar "edgefriction" = "2"
L 23/01/2020 - 23:11:41: Server cvar "gamebuild" = "6397"
L 23/01/2020 - 23:11:41: Server cvar "gamename" = "Sven Co-op"
L 23/01/2020 - 23:11:41: Server cvar "gameversion" = "5.22"
L 23/01/2020 - 23:11:41: Server cvar "gameversionnum" = "5.22"
L 23/01/2020 - 23:11:41: Server cvar "mapvotecfgfile" = "mapvote.cfg"
L 23/01/2020 - 23:11:41: Server cvar "max_queries_sec" = "3.0"
L 23/01/2020 - 23:11:41: Server cvar "max_queries_sec_global" = "30"
L 23/01/2020 - 23:11:41: Server cvar "max_queries_window" = "60"
L 23/01/2020 - 23:11:41: Server cvar "mp_banana" = "1"
L 23/01/2020 - 23:11:41: Server cvar "mp_consistency" = "0"
L 23/01/2020 - 23:11:41: Server cvar "mp_footsteps" = "1"
L 23/01/2020 - 23:11:41: Server cvar "mp_logfile" = "1"
L 23/01/2020 - 23:11:41: Server cvar "mp_nextmap_cycle" = "-sp_campaign_portal"
L 23/01/2020 - 23:11:41: Server cvar "mp_notimelimit" = "0.0"
L 23/01/2020 - 23:11:41: Server cvar "pausable" = "0"
L 23/01/2020 - 23:11:41: Server cvar "skillcfgfile" = "skill.cfg"
L 23/01/2020 - 23:11:41: Server cvar "sv_accelerate" = "10"
L 23/01/2020 - 23:11:41: Server cvar "sv_admin_icon" = "gfx/icons/admin.tga"
L 23/01/2020 - 23:11:41: Server cvar "sv_aim" = "0"
L 23/01/2020 - 23:11:41: Server cvar "sv_airaccelerate" = "10"
L 23/01/2020 - 23:11:41: Server cvar "sv_allowupload" = "1"
L 23/01/2020 - 23:11:41: Server cvar "sv_alltalk" = "0"
L 23/01/2020 - 23:11:41: Server cvar "sv_bounce" = "1"
L 23/01/2020 - 23:11:41: Server cvar "sv_cheats" = "0"
L 23/01/2020 - 23:11:41: Server cvar "sv_clienttrace" = "1"
L 23/01/2020 - 23:11:41: Server cvar "sv_contact" = ""
L 23/01/2020 - 23:11:41: Server cvar "sv_friction" = "4"
L 23/01/2020 - 23:11:41: Server cvar "sv_gravity" = "800"
L 23/01/2020 - 23:11:41: Server cvar "sv_logblocks" = "0"
L 23/01/2020 - 23:11:41: Server cvar "sv_maxrate" = "0"
L 23/01/2020 - 23:11:41: Server cvar "sv_maxspeed" = "270"
L 23/01/2020 - 23:11:41: Server cvar "sv_minrate" = "0"
L 23/01/2020 - 23:11:41: Server cvar "sv_password" = ""
L 23/01/2020 - 23:11:41: Server cvar "sv_proxies" = "1"
L 23/01/2020 - 23:11:41: Server cvar "sv_stepsize" = "18"
L 23/01/2020 - 23:11:41: Server cvar "sv_stopspeed" = "100"
L 23/01/2020 - 23:11:41: Server cvar "sv_uploadmax" = "0.5"
L 23/01/2020 - 23:11:41: Server cvar "sv_voiceenable" = "1"
L 23/01/2020 - 23:11:41: Server cvar "sv_wateraccelerate" = "10"
L 23/01/2020 - 23:11:41: Server cvar "sv_waterfriction" = "1"
L 23/01/2020 - 23:11:41: Server cvars end
L 23/01/2020 - 23:11:41: Log file closed
L 23/01/2020 - 23:11:41: Log file started (file "logs\2020-01-23.log") (game "svencoop") (version "48/5.0.1.4/8458")
L 23/01/2020 - 23:11:41: Server is empty, map will end in 10.00 minute(s) if nobody connects.
L 23/01/2020 - 23:11:43: Started map "abandoned" (CRC "1038585952")
L 23/01/2020 - 23:11:46: Server is no longer empty, idle timer disabled.
L 23/01/2020 - 23:11:46: "Kaleun<1><STEAM_0:1:529092><players>" has entered the game
L 23/01/2020 - 23:12:16: "Kaleun<1><STEAM_0:1:529092><players>" stats: frags="0.00" deaths="1" health="0" 
L 23/01/2020 - 23:12:36: Last player disconnected, map will end in 10.00 minute(s) if nobody connects.
L 23/01/2020 - 23:12:36: "Kaleun<1><STEAM_0:1:529092><players>" disconnected
L 23/01/2020 - 23:12:36: Log file closed
L 23/01/2020 - 23:12:36: Log file started (file "logs\2020-01-23.log") (game "svencoop") (version "48/5.0.1.4/8458")
L 23/01/2020 - 23:12:36: Loading map "abandoned"
L 23/01/2020 - 23:12:36: Server cvars start
L 23/01/2020 - 23:12:36: Server cvar "adminsfile" = "admins.txt"
L 23/01/2020 - 23:12:36: Server cvar "allow_spectators" = "1.0"
L 23/01/2020 - 23:12:36: Server cvar "coop" = "0"
L 23/01/2020 - 23:12:36: Server cvar "deathmatch" = "1"
L 23/01/2020 - 23:12:36: Server cvar "edgefriction" = "2"
L 23/01/2020 - 23:12:36: Server cvar "gamebuild" = "6397"
L 23/01/2020 - 23:12:36: Server cvar "gamename" = "Sven Co-op"
L 23/01/2020 - 23:12:36: Server cvar "gameversion" = "5.22"
L 23/01/2020 - 23:12:36: Server cvar "gameversionnum" = "5.22"
L 23/01/2020 - 23:12:36: Server cvar "mapvotecfgfile" = "mapvote.cfg"
L 23/01/2020 - 23:12:36: Server cvar "max_queries_sec" = "3.0"
L 23/01/2020 - 23:12:36: Server cvar "max_queries_sec_global" = "30"
L 23/01/2020 - 23:12:36: Server cvar "max_queries_window" = "60"
L 23/01/2020 - 23:12:36: Server cvar "mp_banana" = "1"
L 23/01/2020 - 23:12:36: Server cvar "mp_consistency" = "0"
L 23/01/2020 - 23:12:36: Server cvar "mp_footsteps" = "1"
L 23/01/2020 - 23:12:36: Server cvar "mp_logfile" = "1"
L 23/01/2020 - 23:12:36: Server cvar "mp_nextmap_cycle" = "-sp_campaign_portal"
L 23/01/2020 - 23:12:36: Server cvar "mp_notimelimit" = "0.0"
L 23/01/2020 - 23:12:36: Server cvar "pausable" = "0"
L 23/01/2020 - 23:12:36: Server cvar "skillcfgfile" = "skill.cfg"
L 23/01/2020 - 23:12:36: Server cvar "sv_accelerate" = "10"
L 23/01/2020 - 23:12:36: Server cvar "sv_admin_icon" = "gfx/icons/admin.tga"
L 23/01/2020 - 23:12:36: Server cvar "sv_aim" = "0"
L 23/01/2020 - 23:12:36: Server cvar "sv_airaccelerate" = "10"
L 23/01/2020 - 23:12:36: Server cvar "sv_allowupload" = "1"
L 23/01/2020 - 23:12:36: Server cvar "sv_alltalk" = "0"
L 23/01/2020 - 23:12:36: Server cvar "sv_bounce" = "1"
L 23/01/2020 - 23:12:36: Server cvar "sv_cheats" = "0"
L 23/01/2020 - 23:12:36: Server cvar "sv_clienttrace" = "1"
L 23/01/2020 - 23:12:36: Server cvar "sv_contact" = ""
L 23/01/2020 - 23:12:36: Server cvar "sv_friction" = "4"
L 23/01/2020 - 23:12:36: Server cvar "sv_gravity" = "800"
L 23/01/2020 - 23:12:36: Server cvar "sv_logblocks" = "0"
L 23/01/2020 - 23:12:36: Server cvar "sv_maxrate" = "0"
L 23/01/2020 - 23:12:36: Server cvar "sv_maxspeed" = "270"
L 23/01/2020 - 23:12:36: Server cvar "sv_minrate" = "0"
L 23/01/2020 - 23:12:36: Server cvar "sv_password" = ""
L 23/01/2020 - 23:12:36: Server cvar "sv_proxies" = "1"
L 23/01/2020 - 23:12:36: Server cvar "sv_stepsize" = "18"
L 23/01/2020 - 23:12:36: Server cvar "sv_stopspeed" = "100"
L 23/01/2020 - 23:12:36: Server cvar "sv_uploadmax" = "0.5"
L 23/01/2020 - 23:12:36: Server cvar "sv_voiceenable" = "1"
L 23/01/2020 - 23:12:36: Server cvar "sv_wateraccelerate" = "10"
L 23/01/2020 - 23:12:36: Server cvar "sv_waterfriction" = "1"
L 23/01/2020 - 23:12:36: Server cvars end
L 23/01/2020 - 23:12:36: Log file closed
L 23/01/2020 - 23:14:14: Log file started (file "logs\2020-01-23.log") (game "svencoop") (version "48/5.0.1.4/8458")
L 23/01/2020 - 23:14:14: Log file closed
L 23/01/2020 - 23:14:14: Log file started (file "logs\2020-01-23.log") (game "svencoop") (version "48/5.0.1.4/8458")
L 23/01/2020 - 23:14:14: Loading map "abandoned"
L 23/01/2020 - 23:14:14: Server cvars start
L 23/01/2020 - 23:14:14: Server cvar "adminsfile" = "admins.txt"
L 23/01/2020 - 23:14:14: Server cvar "allow_spectators" = "1.0"
L 23/01/2020 - 23:14:14: Server cvar "coop" = "0"
L 23/01/2020 - 23:14:14: Server cvar "deathmatch" = "1"
L 23/01/2020 - 23:14:14: Server cvar "edgefriction" = "2"
L 23/01/2020 - 23:14:14: Server cvar "gamebuild" = "6397"
L 23/01/2020 - 23:14:14: Server cvar "gamename" = "Sven Co-op"
L 23/01/2020 - 23:14:14: Server cvar "gameversion" = "5.22"
L 23/01/2020 - 23:14:14: Server cvar "gameversionnum" = "5.22"
L 23/01/2020 - 23:14:14: Server cvar "mapvotecfgfile" = "mapvote.cfg"
L 23/01/2020 - 23:14:14: Server cvar "max_queries_sec" = "3.0"
L 23/01/2020 - 23:14:14: Server cvar "max_queries_sec_global" = "30"
L 23/01/2020 - 23:14:14: Server cvar "max_queries_window" = "60"
L 23/01/2020 - 23:14:14: Server cvar "mp_banana" = "1.0"
L 23/01/2020 - 23:14:14: Server cvar "mp_consistency" = "1"
L 23/01/2020 - 23:14:14: Server cvar "mp_footsteps" = "1"
L 23/01/2020 - 23:14:14: Server cvar "mp_logfile" = "1"
L 23/01/2020 - 23:14:14: Server cvar "mp_nextmap_cycle" = ""
L 23/01/2020 - 23:14:14: Server cvar "mp_notimelimit" = "0.0"
L 23/01/2020 - 23:14:14: Server cvar "pausable" = "0"
L 23/01/2020 - 23:14:14: Server cvar "skillcfgfile" = "skill.cfg"
L 23/01/2020 - 23:14:14: Server cvar "sv_accelerate" = "10"
L 23/01/2020 - 23:14:14: Server cvar "sv_admin_icon" = "gfx/icons/admin.tga"
L 23/01/2020 - 23:14:14: Server cvar "sv_aim" = "1"
L 23/01/2020 - 23:14:14: Server cvar "sv_airaccelerate" = "10"
L 23/01/2020 - 23:14:14: Server cvar "sv_allowupload" = "1"
L 23/01/2020 - 23:14:14: Server cvar "sv_bounce" = "1"
L 23/01/2020 - 23:14:14: Server cvar "sv_cheats" = "0"
L 23/01/2020 - 23:14:14: Server cvar "sv_clienttrace" = "1"
L 23/01/2020 - 23:14:14: Server cvar "sv_contact" = ""
L 23/01/2020 - 23:14:14: Server cvar "sv_friction" = "4"
L 23/01/2020 - 23:14:14: Server cvar "sv_gravity" = "800"
L 23/01/2020 - 23:14:14: Server cvar "sv_logblocks" = "0"
L 23/01/2020 - 23:14:14: Server cvar "sv_maxrate" = "0"
L 23/01/2020 - 23:14:14: Server cvar "sv_maxspeed" = "320"
L 23/01/2020 - 23:14:14: Server cvar "sv_minrate" = "0"
L 23/01/2020 - 23:14:14: Server cvar "sv_password" = ""
L 23/01/2020 - 23:14:14: Server cvar "sv_proxies" = "1"
L 23/01/2020 - 23:14:14: Server cvar "sv_stepsize" = "18"
L 23/01/2020 - 23:14:14: Server cvar "sv_stopspeed" = "100"
L 23/01/2020 - 23:14:14: Server cvar "sv_uploadmax" = "0.5"
L 23/01/2020 - 23:14:14: Server cvar "sv_voiceenable" = "1"
L 23/01/2020 - 23:14:14: Server cvar "sv_wateraccelerate" = "10"
L 23/01/2020 - 23:14:14: Server cvar "sv_waterfriction" = "1"
L 23/01/2020 - 23:14:14: Server cvars end
L 23/01/2020 - 23:14:14: Server cvar "mp_consistency" = "0"
L 23/01/2020 - 23:14:14: Log file closed
L 23/01/2020 - 23:14:14: Log file started (file "logs\2020-01-23.log") (game "svencoop") (version "48/5.0.1.4/8458")
L 23/01/2020 - 23:14:14: Server cvar "sv_aim" = "0"
L 23/01/2020 - 23:14:14: Server cvar "mp_banana" = "1"
L 23/01/2020 - 23:14:14: Server cvar "sv_maxspeed" = "270"
L 23/01/2020 - 23:14:14: Server is empty, map will end in 10.00 minute(s) if nobody connects.
L 23/01/2020 - 23:14:16: Started map "abandoned" (CRC "1038585952")
L 23/01/2020 - 23:14:16: Log file closed
L 23/01/2020 - 23:14:16: Log file started (file "logs\2020-01-23.log") (game "svencoop") (version "48/5.0.1.4/8458")
L 23/01/2020 - 23:14:18: "Kaleun<1><STEAM_0:1:529092><>" connected, address "192.168.254.12:27005"
L 23/01/2020 - 23:14:18: "Kaleun<1><STEAM_0:1:529092><>" STEAM USERID validated
L 23/01/2020 - 23:14:20: Server is no longer empty, idle timer disabled.
L 23/01/2020 - 23:14:20: "Kaleun<1><STEAM_0:1:529092><players>" has entered the game
L 23/01/2020 - 23:14:37: Server shutdown
L 23/01/2020 - 23:14:37: Log file closed
L 23/01/2020 - 23:14:37: Log file started (file "logs\2020-01-23.log") (game "svencoop") (version "48/5.0.1.4/8458")
L 23/01/2020 - 23:14:37: Loading map "rust_lobby"
L 23/01/2020 - 23:14:37: Server cvars start
L 23/01/2020 - 23:14:37: Server cvar "adminsfile" = "admins.txt"
L 23/01/2020 - 23:14:37: Server cvar "allow_spectators" = "1.0"
L 23/01/2020 - 23:14:37: Server cvar "coop" = "0"
L 23/01/2020 - 23:14:37: Server cvar "deathmatch" = "1"
L 23/01/2020 - 23:14:37: Server cvar "edgefriction" = "2"
L 23/01/2020 - 23:14:37: Server cvar "gamebuild" = "6397"
L 23/01/2020 - 23:14:37: Server cvar "gamename" = "Sven Co-op"
L 23/01/2020 - 23:14:37: Server cvar "gameversion" = "5.22"
L 23/01/2020 - 23:14:37: Server cvar "gameversionnum" = "5.22"
L 23/01/2020 - 23:14:37: Server cvar "mapvotecfgfile" = "mapvote.cfg"
L 23/01/2020 - 23:14:37: Server cvar "max_queries_sec" = "3.0"
L 23/01/2020 - 23:14:37: Server cvar "max_queries_sec_global" = "30"
L 23/01/2020 - 23:14:37: Server cvar "max_queries_window" = "60"
L 23/01/2020 - 23:14:37: Server cvar "mp_banana" = "1"
L 23/01/2020 - 23:14:37: Server cvar "mp_consistency" = "0"
L 23/01/2020 - 23:14:37: Server cvar "mp_footsteps" = "1"
L 23/01/2020 - 23:14:37: Server cvar "mp_logfile" = "1"
L 23/01/2020 - 23:14:37: Server cvar "mp_nextmap_cycle" = "-sp_campaign_portal"
L 23/01/2020 - 23:14:37: Server cvar "mp_notimelimit" = "0.0"
L 23/01/2020 - 23:14:37: Server cvar "pausable" = "0"
L 23/01/2020 - 23:14:37: Server cvar "skillcfgfile" = "skill.cfg"
L 23/01/2020 - 23:14:37: Server cvar "sv_accelerate" = "10"
L 23/01/2020 - 23:14:37: Server cvar "sv_admin_icon" = "gfx/icons/admin.tga"
L 23/01/2020 - 23:14:37: Server cvar "sv_aim" = "0"
L 23/01/2020 - 23:14:37: Server cvar "sv_airaccelerate" = "10"
L 23/01/2020 - 23:14:37: Server cvar "sv_allowupload" = "1"
L 23/01/2020 - 23:14:37: Server cvar "sv_alltalk" = "0"
L 23/01/2020 - 23:14:37: Server cvar "sv_bounce" = "1"
L 23/01/2020 - 23:14:37: Server cvar "sv_cheats" = "0"
L 23/01/2020 - 23:14:37: Server cvar "sv_clienttrace" = "1"
L 23/01/2020 - 23:14:37: Server cvar "sv_contact" = ""
L 23/01/2020 - 23:14:37: Server cvar "sv_friction" = "4"
L 23/01/2020 - 23:14:37: Server cvar "sv_gravity" = "800"
L 23/01/2020 - 23:14:37: Server cvar "sv_logblocks" = "0"
L 23/01/2020 - 23:14:37: Server cvar "sv_maxrate" = "0"
L 23/01/2020 - 23:14:37: Server cvar "sv_maxspeed" = "270"
L 23/01/2020 - 23:14:37: Server cvar "sv_minrate" = "0"
L 23/01/2020 - 23:14:37: Server cvar "sv_password" = ""
L 23/01/2020 - 23:14:37: Server cvar "sv_proxies" = "1"
L 23/01/2020 - 23:14:37: Server cvar "sv_stepsize" = "18"
L 23/01/2020 - 23:14:37: Server cvar "sv_stopspeed" = "100"
L 23/01/2020 - 23:14:37: Server cvar "sv_uploadmax" = "0.5"
L 23/01/2020 - 23:14:37: Server cvar "sv_voiceenable" = "1"
L 23/01/2020 - 23:14:37: Server cvar "sv_wateraccelerate" = "10"
L 23/01/2020 - 23:14:37: Server cvar "sv_waterfriction" = "1"
L 23/01/2020 - 23:14:37: Server cvars end
L 23/01/2020 - 23:14:37: Log file closed
L 23/01/2020 - 23:14:37: Log file started (file "logs\2020-01-23.log") (game "svencoop") (version "48/5.0.1.4/8458")
L 23/01/2020 - 23:14:37: Server cvar "sv_airaccelerate" = "2"
L 23/01/2020 - 23:14:37: Server is empty, map will end in 10.00 minute(s) if nobody connects.
L 23/01/2020 - 23:14:37: Started map "rust_lobby" (CRC "1393645788")
L 23/01/2020 - 23:14:47: "Kaleun<2><STEAM_0:1:529092><>" connected, address "192.168.254.12:27005"
L 23/01/2020 - 23:14:47: "Kaleun<2><STEAM_0:1:529092><>" STEAM USERID validated
L 23/01/2020 - 23:14:49: Server is no longer empty, idle timer disabled.
L 23/01/2020 - 23:14:49: "Kaleun<2><STEAM_0:1:529092><players>" has entered the game
L 23/01/2020 - 23:15:08: map<rust_lobby> ended, going to new level: rust_islands_b9
L 23/01/2020 - 23:15:08: Log file closed
L 23/01/2020 - 23:15:08: Log file started (file "logs\2020-01-23.log") (game "svencoop") (version "48/5.0.1.4/8458")
L 23/01/2020 - 23:15:08: Loading map "rust_islands_b9"
L 23/01/2020 - 23:15:08: Server cvars start
L 23/01/2020 - 23:15:08: Server cvar "adminsfile" = "admins.txt"
L 23/01/2020 - 23:15:08: Server cvar "allow_spectators" = "1.0"
L 23/01/2020 - 23:15:08: Server cvar "coop" = "0"
L 23/01/2020 - 23:15:08: Server cvar "deathmatch" = "1"
L 23/01/2020 - 23:15:08: Server cvar "edgefriction" = "2"
L 23/01/2020 - 23:15:08: Server cvar "gamebuild" = "6397"
L 23/01/2020 - 23:15:08: Server cvar "gamename" = "Sven Co-op"
L 23/01/2020 - 23:15:08: Server cvar "gameversion" = "5.22"
L 23/01/2020 - 23:15:08: Server cvar "gameversionnum" = "5.22"
L 23/01/2020 - 23:15:08: Server cvar "mapvotecfgfile" = "mapvote.cfg"
L 23/01/2020 - 23:15:08: Server cvar "max_queries_sec" = "3.0"
L 23/01/2020 - 23:15:08: Server cvar "max_queries_sec_global" = "30"
L 23/01/2020 - 23:15:08: Server cvar "max_queries_window" = "60"
L 23/01/2020 - 23:15:08: Server cvar "mp_banana" = "1"
L 23/01/2020 - 23:15:08: Server cvar "mp_consistency" = "0"
L 23/01/2020 - 23:15:08: Server cvar "mp_footsteps" = "1"
L 23/01/2020 - 23:15:08: Server cvar "mp_logfile" = "1"
L 23/01/2020 - 23:15:08: Server cvar "mp_nextmap_cycle" = "-sp_campaign_portal"
L 23/01/2020 - 23:15:08: Server cvar "mp_notimelimit" = "0.0"
L 23/01/2020 - 23:15:08: Server cvar "pausable" = "0"
L 23/01/2020 - 23:15:08: Server cvar "skillcfgfile" = "skill.cfg"
L 23/01/2020 - 23:15:08: Server cvar "sv_accelerate" = "10"
L 23/01/2020 - 23:15:08: Server cvar "sv_admin_icon" = "gfx/icons/admin.tga"
L 23/01/2020 - 23:15:08: Server cvar "sv_aim" = "0"
L 23/01/2020 - 23:15:08: Server cvar "sv_airaccelerate" = "2"
L 23/01/2020 - 23:15:08: Server cvar "sv_allowupload" = "1"
L 23/01/2020 - 23:15:08: Server cvar "sv_alltalk" = "0"
L 23/01/2020 - 23:15:08: Server cvar "sv_bounce" = "1"
L 23/01/2020 - 23:15:08: Server cvar "sv_cheats" = "0"
L 23/01/2020 - 23:15:08: Server cvar "sv_clienttrace" = "1"
L 23/01/2020 - 23:15:08: Server cvar "sv_contact" = ""
L 23/01/2020 - 23:15:08: Server cvar "sv_friction" = "4"
L 23/01/2020 - 23:15:08: Server cvar "sv_gravity" = "800"
L 23/01/2020 - 23:15:08: Server cvar "sv_logblocks" = "0"
L 23/01/2020 - 23:15:08: Server cvar "sv_maxrate" = "0"
L 23/01/2020 - 23:15:08: Server cvar "sv_maxspeed" = "270"
L 23/01/2020 - 23:15:08: Server cvar "sv_minrate" = "0"
L 23/01/2020 - 23:15:08: Server cvar "sv_password" = ""
L 23/01/2020 - 23:15:08: Server cvar "sv_proxies" = "1"
L 23/01/2020 - 23:15:08: Server cvar "sv_stepsize" = "18"
L 23/01/2020 - 23:15:08: Server cvar "sv_stopspeed" = "100"
L 23/01/2020 - 23:15:08: Server cvar "sv_uploadmax" = "0.5"
L 23/01/2020 - 23:15:08: Server cvar "sv_voiceenable" = "1"
L 23/01/2020 - 23:15:08: Server cvar "sv_wateraccelerate" = "10"
L 23/01/2020 - 23:15:08: Server cvar "sv_waterfriction" = "1"
L 23/01/2020 - 23:15:08: Server cvars end
L 23/01/2020 - 23:15:08: Log file closed
L 23/01/2020 - 23:15:08: Log file started (file "logs\2020-01-23.log") (game "svencoop") (version "48/5.0.1.4/8458")
L 23/01/2020 - 23:15:08: Server cvar "sv_airaccelerate" = "10"
L 23/01/2020 - 23:15:08: Server is empty, map will end in 10.00 minute(s) if nobody connects.
L 23/01/2020 - 23:15:16: Started map "rust_islands_b9" (CRC "580215572")
L 23/01/2020 - 23:21:24: "Kaleun<3><STEAM_0:1:529092><>" connected, address "192.168.254.12:27005"
L 23/01/2020 - 23:21:25: "Kaleun<3><STEAM_0:1:529092><>" STEAM USERID validated
L 23/01/2020 - 23:21:30: Server is no longer empty, idle timer disabled.
L 23/01/2020 - 23:21:31: "Kaleun<3><STEAM_0:1:529092><players>" has entered the game
L 23/01/2020 - 23:21:45: "Kaleun<3><STEAM_0:1:529092><players>" say "hello"
L 23/01/2020 - 23:22:00: "Kaleun<3><STEAM_0:1:529092><players>" stats: frags="0.00" deaths="0" health="100" 
L 23/01/2020 - 23:25:28: Log file started (file "logs\2020-01-23.log") (game "svencoop") (version "48/5.0.1.4/8458")
L 23/01/2020 - 23:25:28: Log file closed
L 23/01/2020 - 23:25:28: Log file started (file "logs\2020-01-23.log") (game "svencoop") (version "48/5.0.1.4/8458")
L 23/01/2020 - 23:25:28: Loading map "rust_lobby"
L 23/01/2020 - 23:25:28: Server cvars start
L 23/01/2020 - 23:25:28: Server cvar "adminsfile" = "admins.txt"
L 23/01/2020 - 23:25:28: Server cvar "allow_spectators" = "1.0"
L 23/01/2020 - 23:25:28: Server cvar "coop" = "0"
L 23/01/2020 - 23:25:28: Server cvar "deathmatch" = "1"
L 23/01/2020 - 23:25:28: Server cvar "edgefriction" = "2"
L 23/01/2020 - 23:25:28: Server cvar "gamebuild" = "6397"
L 23/01/2020 - 23:25:28: Server cvar "gamename" = "Sven Co-op"
L 23/01/2020 - 23:25:28: Server cvar "gameversion" = "5.22"
L 23/01/2020 - 23:25:28: Server cvar "gameversionnum" = "5.22"
L 23/01/2020 - 23:25:28: Server cvar "mapvotecfgfile" = "mapvote.cfg"
L 23/01/2020 - 23:25:28: Server cvar "max_queries_sec" = "3.0"
L 23/01/2020 - 23:25:28: Server cvar "max_queries_sec_global" = "30"
L 23/01/2020 - 23:25:28: Server cvar "max_queries_window" = "60"
L 23/01/2020 - 23:25:28: Server cvar "mp_banana" = "1.0"
L 23/01/2020 - 23:25:28: Server cvar "mp_consistency" = "1"
L 23/01/2020 - 23:25:28: Server cvar "mp_footsteps" = "1"
L 23/01/2020 - 23:25:28: Server cvar "mp_logfile" = "1"
L 23/01/2020 - 23:25:28: Server cvar "mp_nextmap_cycle" = ""
L 23/01/2020 - 23:25:28: Server cvar "mp_notimelimit" = "0.0"
L 23/01/2020 - 23:25:28: Server cvar "pausable" = "0"
L 23/01/2020 - 23:25:28: Server cvar "skillcfgfile" = "skill.cfg"
L 23/01/2020 - 23:25:28: Server cvar "sv_accelerate" = "10"
L 23/01/2020 - 23:25:28: Server cvar "sv_admin_icon" = "gfx/icons/admin.tga"
L 23/01/2020 - 23:25:28: Server cvar "sv_aim" = "1"
L 23/01/2020 - 23:25:28: Server cvar "sv_airaccelerate" = "10"
L 23/01/2020 - 23:25:28: Server cvar "sv_allowupload" = "1"
L 23/01/2020 - 23:25:28: Server cvar "sv_bounce" = "1"
L 23/01/2020 - 23:25:28: Server cvar "sv_cheats" = "0"
L 23/01/2020 - 23:25:28: Server cvar "sv_clienttrace" = "1"
L 23/01/2020 - 23:25:28: Server cvar "sv_contact" = ""
L 23/01/2020 - 23:25:28: Server cvar "sv_friction" = "4"
L 23/01/2020 - 23:25:28: Server cvar "sv_gravity" = "800"
L 23/01/2020 - 23:25:28: Server cvar "sv_logblocks" = "0"
L 23/01/2020 - 23:25:28: Server cvar "sv_maxrate" = "0"
L 23/01/2020 - 23:25:28: Server cvar "sv_maxspeed" = "320"
L 23/01/2020 - 23:25:28: Server cvar "sv_minrate" = "0"
L 23/01/2020 - 23:25:28: Server cvar "sv_password" = ""
L 23/01/2020 - 23:25:28: Server cvar "sv_proxies" = "1"
L 23/01/2020 - 23:25:28: Server cvar "sv_stepsize" = "18"
L 23/01/2020 - 23:25:28: Server cvar "sv_stopspeed" = "100"
L 23/01/2020 - 23:25:28: Server cvar "sv_uploadmax" = "0.5"
L 23/01/2020 - 23:25:28: Server cvar "sv_voiceenable" = "1"
L 23/01/2020 - 23:25:28: Server cvar "sv_wateraccelerate" = "10"
L 23/01/2020 - 23:25:28: Server cvar "sv_waterfriction" = "1"
L 23/01/2020 - 23:25:28: Server cvars end
L 23/01/2020 - 23:25:28: Server cvar "mp_consistency" = "0"
L 23/01/2020 - 23:25:28: Log file closed
L 23/01/2020 - 23:25:28: Log file started (file "logs\2020-01-23.log") (game "svencoop") (version "48/5.0.1.4/8458")
L 23/01/2020 - 23:25:28: Server cvar "sv_aim" = "0"
L 23/01/2020 - 23:25:28: Server cvar "mp_banana" = "1"
L 23/01/2020 - 23:25:28: Server cvar "sv_maxspeed" = "270"
L 23/01/2020 - 23:25:28: Server cvar "sv_airaccelerate" = "2"
L 23/01/2020 - 23:25:28: Server is empty, map will end in 10.00 minute(s) if nobody connects.
L 23/01/2020 - 23:25:28: Started map "rust_lobby" (CRC "1393645788")
L 23/01/2020 - 23:25:28: Log file closed
L 23/01/2020 - 23:25:28: Log file started (file "logs\2020-01-23.log") (game "svencoop") (version "48/5.0.1.4/8458")
L 23/01/2020 - 23:25:57: "Kaleun<1><STEAM_0:1:529092><>" connected, address "192.168.254.12:27005"
L 23/01/2020 - 23:25:58: "Kaleun<1><STEAM_0:1:529092><>" STEAM USERID validated
L 23/01/2020 - 23:26:02: Server is no longer empty, idle timer disabled.
L 23/01/2020 - 23:26:02: "Kaleun<1><STEAM_0:1:529092><players>" has entered the game
L 23/01/2020 - 23:26:21: map<rust_lobby> ended, going to new level: rust_islands_b9
L 23/01/2020 - 23:26:21: Log file closed
L 23/01/2020 - 23:26:21: Log file started (file "logs\2020-01-23.log") (game "svencoop") (version "48/5.0.1.4/8458")
L 23/01/2020 - 23:26:21: Loading map "rust_islands_b9"
L 23/01/2020 - 23:26:21: Server cvars start
L 23/01/2020 - 23:26:21: Server cvar "adminsfile" = "admins.txt"
L 23/01/2020 - 23:26:21: Server cvar "allow_spectators" = "1.0"
L 23/01/2020 - 23:26:21: Server cvar "coop" = "0"
L 23/01/2020 - 23:26:21: Server cvar "deathmatch" = "1"
L 23/01/2020 - 23:26:21: Server cvar "edgefriction" = "2"
L 23/01/2020 - 23:26:21: Server cvar "gamebuild" = "6397"
L 23/01/2020 - 23:26:21: Server cvar "gamename" = "Sven Co-op"
L 23/01/2020 - 23:26:21: Server cvar "gameversion" = "5.22"
L 23/01/2020 - 23:26:21: Server cvar "gameversionnum" = "5.22"
L 23/01/2020 - 23:26:21: Server cvar "mapvotecfgfile" = "mapvote.cfg"
L 23/01/2020 - 23:26:21: Server cvar "max_queries_sec" = "3.0"
L 23/01/2020 - 23:26:21: Server cvar "max_queries_sec_global" = "30"
L 23/01/2020 - 23:26:21: Server cvar "max_queries_window" = "60"
L 23/01/2020 - 23:26:21: Server cvar "mp_banana" = "1"
L 23/01/2020 - 23:26:21: Server cvar "mp_consistency" = "0"
L 23/01/2020 - 23:26:21: Server cvar "mp_footsteps" = "1"
L 23/01/2020 - 23:26:21: Server cvar "mp_logfile" = "1"
L 23/01/2020 - 23:26:21: Server cvar "mp_nextmap_cycle" = "-sp_campaign_portal"
L 23/01/2020 - 23:26:21: Server cvar "mp_notimelimit" = "0.0"
L 23/01/2020 - 23:26:21: Server cvar "pausable" = "0"
L 23/01/2020 - 23:26:21: Server cvar "skillcfgfile" = "skill.cfg"
L 23/01/2020 - 23:26:21: Server cvar "sv_accelerate" = "10"
L 23/01/2020 - 23:26:21: Server cvar "sv_admin_icon" = "gfx/icons/admin.tga"
L 23/01/2020 - 23:26:21: Server cvar "sv_aim" = "0"
L 23/01/2020 - 23:26:21: Server cvar "sv_airaccelerate" = "2"
L 23/01/2020 - 23:26:21: Server cvar "sv_allowupload" = "1"
L 23/01/2020 - 23:26:21: Server cvar "sv_alltalk" = "0"
L 23/01/2020 - 23:26:21: Server cvar "sv_bounce" = "1"
L 23/01/2020 - 23:26:21: Server cvar "sv_cheats" = "0"
L 23/01/2020 - 23:26:21: Server cvar "sv_clienttrace" = "1"
L 23/01/2020 - 23:26:21: Server cvar "sv_contact" = ""
L 23/01/2020 - 23:26:21: Server cvar "sv_friction" = "4"
L 23/01/2020 - 23:26:21: Server cvar "sv_gravity" = "800"
L 23/01/2020 - 23:26:21: Server cvar "sv_logblocks" = "0"
L 23/01/2020 - 23:26:21: Server cvar "sv_maxrate" = "0"
L 23/01/2020 - 23:26:21: Server cvar "sv_maxspeed" = "270"
L 23/01/2020 - 23:26:21: Server cvar "sv_minrate" = "0"
L 23/01/2020 - 23:26:21: Server cvar "sv_password" = ""
L 23/01/2020 - 23:26:21: Server cvar "sv_proxies" = "1"
L 23/01/2020 - 23:26:21: Server cvar "sv_stepsize" = "18"
L 23/01/2020 - 23:26:21: Server cvar "sv_stopspeed" = "100"
L 23/01/2020 - 23:26:21: Server cvar "sv_uploadmax" = "0.5"
L 23/01/2020 - 23:26:21: Server cvar "sv_voiceenable" = "1"
L 23/01/2020 - 23:26:21: Server cvar "sv_wateraccelerate" = "10"
L 23/01/2020 - 23:26:21: Server cvar "sv_waterfriction" = "1"
L 23/01/2020 - 23:26:21: Server cvars end
L 23/01/2020 - 23:26:21: Log file closed
L 23/01/2020 - 23:26:21: Log file started (file "logs\2020-01-23.log") (game "svencoop") (version "48/5.0.1.4/8458")
L 23/01/2020 - 23:26:21: Server cvar "sv_airaccelerate" = "10"
L 23/01/2020 - 23:26:21: Server is empty, map will end in 10.00 minute(s) if nobody connects.
L 23/01/2020 - 23:26:29: Started map "rust_islands_b9" (CRC "580215572")
L 23/01/2020 - 23:26:35: Server is no longer empty, idle timer disabled.
L 23/01/2020 - 23:26:35: "Kaleun<1><STEAM_0:1:529092><players>" has entered the game
L 23/01/2020 - 23:27:05: "Kaleun<1><STEAM_0:1:529092><players>" stats: frags="0.00" deaths="0" health="100" 
L 23/01/2020 - 23:27:27: "Kaleun<1><STEAM_0:1:529092><players>" say "nigger"
L 23/01/2020 - 23:27:35: "Kaleun<1><STEAM_0:1:529092><players>" stats: frags="0.00" deaths="0" health="30" 
L 23/01/2020 - 23:28:05: "Kaleun<1><STEAM_0:1:529092><players>" stats: frags="0.00" deaths="0" health="7" 
L 23/01/2020 - 23:28:23: "Kaleun<1><STEAM_0:1:529092><players>" say "panic"
L 23/01/2020 - 23:28:25: "Kaleun<1><STEAM_0:1:529092><players>" say "panic"
L 23/01/2020 - 23:28:30: "Kaleun<1><STEAM_0:1:529092><players>" say "nuke"
L 23/01/2020 - 23:28:35: "Kaleun<1><STEAM_0:1:529092><players>" stats: frags="0.00" deaths="0" health="7" 
L 23/01/2020 - 23:28:36: "Kaleun<1><STEAM_0:1:529092><players>" say "gay"
L 23/01/2020 - 23:28:41: "Kaleun<1><STEAM_0:1:529092><players>" say "gay"
L 23/01/2020 - 23:29:05: "Kaleun<1><STEAM_0:1:529092><players>" stats: frags="0.00" deaths="0" health="7" 
L 23/01/2020 - 23:29:18: "Kaleun<1><STEAM_0:1:529092><players>" say "gay"
L 23/01/2020 - 23:29:25: "Kaleun<1><STEAM_0:1:529092><players>" say "gay"
L 23/01/2020 - 23:29:26: "Kaleun<1><STEAM_0:1:529092><players>" say "gay"
L 23/01/2020 - 23:29:26: "Kaleun<1><STEAM_0:1:529092><players>" say "gay"
L 23/01/2020 - 23:29:26: "Kaleun<1><STEAM_0:1:529092><players>" say "gay"
L 23/01/2020 - 23:29:26: "Kaleun<1><STEAM_0:1:529092><players>" say "gay"
L 23/01/2020 - 23:29:26: "Kaleun<1><STEAM_0:1:529092><players>" say "gay"
L 23/01/2020 - 23:29:26: "Kaleun<1><STEAM_0:1:529092><players>" say "gay"
L 23/01/2020 - 23:29:27: "Kaleun<1><STEAM_0:1:529092><players>" say "gay"
L 23/01/2020 - 23:29:35: "Kaleun<1><STEAM_0:1:529092><players>" stats: frags="0.00" deaths="0" health="7" 
L 23/01/2020 - 23:29:44: "Kaleun<1><STEAM_0:1:529092><players>" say "snark"
L 23/01/2020 - 23:29:47: "Kaleun<1><STEAM_0:1:529092><players>" say "rape"
L 23/01/2020 - 23:29:49: "Kaleun<1><STEAM_0:1:529092><players>" say "rape"
L 23/01/2020 - 23:30:05: "Kaleun<1><STEAM_0:1:529092><players>" stats: frags="0.00" deaths="0" health="7" 
L 23/01/2020 - 23:30:18: "Kaleun<1><STEAM_0:1:529092><players>" say "surface"
L 23/01/2020 - 23:30:35: "Kaleun<1><STEAM_0:1:529092><players>" killed "Kaleun<1><STEAM_0:1:529092><players>" with "world"
L 23/01/2020 - 23:30:35: "Kaleun<1><STEAM_0:1:529092><players>" stats: frags="-1.00" deaths="1" health="0" 
L 23/01/2020 - 23:31:15: "Kaleun<1><STEAM_0:1:529092><players>" say "intro"
L 23/01/2020 - 23:31:36: "Kaleun<1><STEAM_0:1:529092><players>" stats: frags="1.25" deaths="2" health="60" 
L 23/01/2020 - 23:32:06: "Kaleun<1><STEAM_0:1:529092><players>" stats: frags="1.25" deaths="2" health="60" 
L 23/01/2020 - 23:32:30: "Kaleun<1><STEAM_0:1:529092><players>" killed "Kaleun<1><STEAM_0:1:529092><players>" with "world"
L 23/01/2020 - 23:32:37: "Kaleun<1><STEAM_0:1:529092><players>" killed "Kaleun<1><STEAM_0:1:529092><players>" with "world"
L 23/01/2020 - 23:33:10: Last player disconnected, map will end in 10.00 minute(s) if nobody connects.
L 23/01/2020 - 23:33:10: "Kaleun<1><STEAM_0:1:529092><players>" disconnected
L 23/01/2020 - 23:33:58: Log file closed
L 23/01/2020 - 23:33:58: Log file started (file "logs\2020-01-23.log") (game "svencoop") (version "48/5.0.1.4/8458")
L 23/01/2020 - 23:33:58: Loading map "rust_lobby"
L 23/01/2020 - 23:33:58: Server cvars start
L 23/01/2020 - 23:33:58: Server cvar "adminsfile" = "admins.txt"
L 23/01/2020 - 23:33:58: Server cvar "allow_spectators" = "1.0"
L 23/01/2020 - 23:33:58: Server cvar "coop" = "0"
L 23/01/2020 - 23:33:58: Server cvar "deathmatch" = "1"
L 23/01/2020 - 23:33:58: Server cvar "edgefriction" = "2"
L 23/01/2020 - 23:33:58: Server cvar "gamebuild" = "6397"
L 23/01/2020 - 23:33:58: Server cvar "gamename" = "Sven Co-op"
L 23/01/2020 - 23:33:58: Server cvar "gameversion" = "5.22"
L 23/01/2020 - 23:33:58: Server cvar "gameversionnum" = "5.22"
L 23/01/2020 - 23:33:58: Server cvar "mapvotecfgfile" = "mapvote.cfg"
L 23/01/2020 - 23:33:58: Server cvar "max_queries_sec" = "3.0"
L 23/01/2020 - 23:33:58: Server cvar "max_queries_sec_global" = "30"
L 23/01/2020 - 23:33:58: Server cvar "max_queries_window" = "60"
L 23/01/2020 - 23:33:58: Server cvar "mp_banana" = "1"
L 23/01/2020 - 23:33:58: Server cvar "mp_consistency" = "0"
L 23/01/2020 - 23:33:58: Server cvar "mp_footsteps" = "1"
L 23/01/2020 - 23:33:58: Server cvar "mp_logfile" = "1"
L 23/01/2020 - 23:33:58: Server cvar "mp_nextmap_cycle" = "-sp_campaign_portal"
L 23/01/2020 - 23:33:58: Server cvar "mp_notimelimit" = "0.0"
L 23/01/2020 - 23:33:58: Server cvar "pausable" = "0"
L 23/01/2020 - 23:33:58: Server cvar "skillcfgfile" = "skill.cfg"
L 23/01/2020 - 23:33:58: Server cvar "sv_accelerate" = "10"
L 23/01/2020 - 23:33:58: Server cvar "sv_admin_icon" = "gfx/icons/admin.tga"
L 23/01/2020 - 23:33:58: Server cvar "sv_aim" = "0"
L 23/01/2020 - 23:33:58: Server cvar "sv_airaccelerate" = "10"
L 23/01/2020 - 23:33:58: Server cvar "sv_allowupload" = "1"
L 23/01/2020 - 23:33:58: Server cvar "sv_alltalk" = "0"
L 23/01/2020 - 23:33:58: Server cvar "sv_bounce" = "1"
L 23/01/2020 - 23:33:58: Server cvar "sv_cheats" = "0"
L 23/01/2020 - 23:33:58: Server cvar "sv_clienttrace" = "1"
L 23/01/2020 - 23:33:58: Server cvar "sv_contact" = ""
L 23/01/2020 - 23:33:58: Server cvar "sv_friction" = "4"
L 23/01/2020 - 23:33:58: Server cvar "sv_gravity" = "800"
L 23/01/2020 - 23:33:58: Server cvar "sv_logblocks" = "0"
L 23/01/2020 - 23:33:58: Server cvar "sv_maxrate" = "0"
L 23/01/2020 - 23:33:58: Server cvar "sv_maxspeed" = "270"
L 23/01/2020 - 23:33:58: Server cvar "sv_minrate" = "0"
L 23/01/2020 - 23:33:58: Server cvar "sv_password" = ""
L 23/01/2020 - 23:33:58: Server cvar "sv_proxies" = "1"
L 23/01/2020 - 23:33:58: Server cvar "sv_stepsize" = "18"
L 23/01/2020 - 23:33:58: Server cvar "sv_stopspeed" = "100"
L 23/01/2020 - 23:33:58: Server cvar "sv_uploadmax" = "0.5"
L 23/01/2020 - 23:33:58: Server cvar "sv_voiceenable" = "1"
L 23/01/2020 - 23:33:58: Server cvar "sv_wateraccelerate" = "10"
L 23/01/2020 - 23:33:58: Server cvar "sv_waterfriction" = "1"
L 23/01/2020 - 23:33:58: Server cvars end
L 23/01/2020 - 23:33:58: Log file closed
L 23/01/2020 - 23:33:58: Log file started (file "logs\2020-01-23.log") (game "svencoop") (version "48/5.0.1.4/8458")
L 23/01/2020 - 23:33:59: Server cvar "sv_airaccelerate" = "2"
L 23/01/2020 - 23:33:59: Server is empty, map will end in 10.00 minute(s) if nobody connects.
L 23/01/2020 - 23:33:59: Started map "rust_lobby" (CRC "1393645788")
L 23/01/2020 - 23:34:02: "Kaleun<2><STEAM_0:1:529092><>" connected, address "192.168.254.12:27005"
L 23/01/2020 - 23:34:03: "Kaleun<2><STEAM_0:1:529092><>" STEAM USERID validated
L 23/01/2020 - 23:34:05: Server is no longer empty, idle timer disabled.
L 23/01/2020 - 23:34:05: "Kaleun<2><STEAM_0:1:529092><players>" has entered the game
L 23/01/2020 - 23:34:22: map<rust_lobby> ended, going to new level: rust_legacy_b9
L 23/01/2020 - 23:34:22: Log file closed
L 23/01/2020 - 23:34:22: Log file started (file "logs\2020-01-23.log") (game "svencoop") (version "48/5.0.1.4/8458")
L 23/01/2020 - 23:34:22: Loading map "rust_legacy_b9"
L 23/01/2020 - 23:34:22: Server cvars start
L 23/01/2020 - 23:34:22: Server cvar "adminsfile" = "admins.txt"
L 23/01/2020 - 23:34:22: Server cvar "allow_spectators" = "1.0"
L 23/01/2020 - 23:34:22: Server cvar "coop" = "0"
L 23/01/2020 - 23:34:22: Server cvar "deathmatch" = "1"
L 23/01/2020 - 23:34:22: Server cvar "edgefriction" = "2"
L 23/01/2020 - 23:34:22: Server cvar "gamebuild" = "6397"
L 23/01/2020 - 23:34:22: Server cvar "gamename" = "Sven Co-op"
L 23/01/2020 - 23:34:22: Server cvar "gameversion" = "5.22"
L 23/01/2020 - 23:34:22: Server cvar "gameversionnum" = "5.22"
L 23/01/2020 - 23:34:22: Server cvar "mapvotecfgfile" = "mapvote.cfg"
L 23/01/2020 - 23:34:22: Server cvar "max_queries_sec" = "3.0"
L 23/01/2020 - 23:34:22: Server cvar "max_queries_sec_global" = "30"
L 23/01/2020 - 23:34:22: Server cvar "max_queries_window" = "60"
L 23/01/2020 - 23:34:22: Server cvar "mp_banana" = "1"
L 23/01/2020 - 23:34:22: Server cvar "mp_consistency" = "0"
L 23/01/2020 - 23:34:22: Server cvar "mp_footsteps" = "1"
L 23/01/2020 - 23:34:22: Server cvar "mp_logfile" = "1"
L 23/01/2020 - 23:34:22: Server cvar "mp_nextmap_cycle" = "-sp_campaign_portal"
L 23/01/2020 - 23:34:22: Server cvar "mp_notimelimit" = "0.0"
L 23/01/2020 - 23:34:22: Server cvar "pausable" = "0"
L 23/01/2020 - 23:34:22: Server cvar "skillcfgfile" = "skill.cfg"
L 23/01/2020 - 23:34:22: Server cvar "sv_accelerate" = "10"
L 23/01/2020 - 23:34:22: Server cvar "sv_admin_icon" = "gfx/icons/admin.tga"
L 23/01/2020 - 23:34:22: Server cvar "sv_aim" = "0"
L 23/01/2020 - 23:34:22: Server cvar "sv_airaccelerate" = "2"
L 23/01/2020 - 23:34:22: Server cvar "sv_allowupload" = "1"
L 23/01/2020 - 23:34:22: Server cvar "sv_alltalk" = "0"
L 23/01/2020 - 23:34:22: Server cvar "sv_bounce" = "1"
L 23/01/2020 - 23:34:22: Server cvar "sv_cheats" = "0"
L 23/01/2020 - 23:34:22: Server cvar "sv_clienttrace" = "1"
L 23/01/2020 - 23:34:22: Server cvar "sv_contact" = ""
L 23/01/2020 - 23:34:22: Server cvar "sv_friction" = "4"
L 23/01/2020 - 23:34:22: Server cvar "sv_gravity" = "800"
L 23/01/2020 - 23:34:22: Server cvar "sv_logblocks" = "0"
L 23/01/2020 - 23:34:22: Server cvar "sv_maxrate" = "0"
L 23/01/2020 - 23:34:22: Server cvar "sv_maxspeed" = "270"
L 23/01/2020 - 23:34:22: Server cvar "sv_minrate" = "0"
L 23/01/2020 - 23:34:22: Server cvar "sv_password" = ""
L 23/01/2020 - 23:34:22: Server cvar "sv_proxies" = "1"
L 23/01/2020 - 23:34:22: Server cvar "sv_stepsize" = "18"
L 23/01/2020 - 23:34:22: Server cvar "sv_stopspeed" = "100"
L 23/01/2020 - 23:34:22: Server cvar "sv_uploadmax" = "0.5"
L 23/01/2020 - 23:34:22: Server cvar "sv_voiceenable" = "1"
L 23/01/2020 - 23:34:22: Server cvar "sv_wateraccelerate" = "10"
L 23/01/2020 - 23:34:22: Server cvar "sv_waterfriction" = "1"
L 23/01/2020 - 23:34:22: Server cvars end
L 23/01/2020 - 23:34:23: Log file closed
L 23/01/2020 - 23:34:23: Log file started (file "logs\2020-01-23.log") (game "svencoop") (version "48/5.0.1.4/8458")
L 23/01/2020 - 23:34:23: Server cvar "sv_airaccelerate" = "10"
L 23/01/2020 - 23:34:23: Server is empty, map will end in 10.00 minute(s) if nobody connects.
L 23/01/2020 - 23:34:31: Started map "rust_legacy_b9" (CRC "-1200041306")
L 23/01/2020 - 23:38:38: "Kaleun<3><STEAM_0:1:529092><>" connected, address "192.168.254.12:27005"
L 23/01/2020 - 23:38:39: "Kaleun<3><STEAM_0:1:529092><>" STEAM USERID validated
L 23/01/2020 - 23:38:44: Server is no longer empty, idle timer disabled.
L 23/01/2020 - 23:38:44: "Kaleun<3><STEAM_0:1:529092><players>" has entered the game
L 23/01/2020 - 23:39:14: "Kaleun<3><STEAM_0:1:529092><players>" stats: frags="0.00" deaths="0" health="100" 
L 23/01/2020 - 23:40:12: "Kaleun<3><STEAM_0:1:529092><players>" stats: frags="1.69" deaths="1" health="70" 
L 23/01/2020 - 23:41:00: Last player disconnected, map will end in 10.00 minute(s) if nobody connects.
L 23/01/2020 - 23:41:00: "Kaleun<3><STEAM_0:1:529092><players>" disconnected
L 23/01/2020 - 23:41:14: Log file closed
L 23/01/2020 - 23:41:14: Log file started (file "logs\2020-01-23.log") (game "svencoop") (version "48/5.0.1.4/8458")
L 23/01/2020 - 23:41:14: Loading map "rust_lobby"
L 23/01/2020 - 23:41:14: Server cvars start
L 23/01/2020 - 23:41:14: Server cvar "adminsfile" = "admins.txt"
L 23/01/2020 - 23:41:14: Server cvar "allow_spectators" = "1.0"
L 23/01/2020 - 23:41:14: Server cvar "coop" = "0"
L 23/01/2020 - 23:41:14: Server cvar "deathmatch" = "1"
L 23/01/2020 - 23:41:14: Server cvar "edgefriction" = "2"
L 23/01/2020 - 23:41:14: Server cvar "gamebuild" = "6397"
L 23/01/2020 - 23:41:14: Server cvar "gamename" = "Sven Co-op"
L 23/01/2020 - 23:41:14: Server cvar "gameversion" = "5.22"
L 23/01/2020 - 23:41:14: Server cvar "gameversionnum" = "5.22"
L 23/01/2020 - 23:41:14: Server cvar "mapvotecfgfile" = "mapvote.cfg"
L 23/01/2020 - 23:41:14: Server cvar "max_queries_sec" = "3.0"
L 23/01/2020 - 23:41:14: Server cvar "max_queries_sec_global" = "30"
L 23/01/2020 - 23:41:14: Server cvar "max_queries_window" = "60"
L 23/01/2020 - 23:41:14: Server cvar "mp_banana" = "1"
L 23/01/2020 - 23:41:14: Server cvar "mp_consistency" = "0"
L 23/01/2020 - 23:41:14: Server cvar "mp_footsteps" = "1"
L 23/01/2020 - 23:41:14: Server cvar "mp_logfile" = "1"
L 23/01/2020 - 23:41:14: Server cvar "mp_nextmap_cycle" = "-sp_campaign_portal"
L 23/01/2020 - 23:41:14: Server cvar "mp_notimelimit" = "0.0"
L 23/01/2020 - 23:41:14: Server cvar "pausable" = "0"
L 23/01/2020 - 23:41:14: Server cvar "skillcfgfile" = "skill.cfg"
L 23/01/2020 - 23:41:14: Server cvar "sv_accelerate" = "10"
L 23/01/2020 - 23:41:14: Server cvar "sv_admin_icon" = "gfx/icons/admin.tga"
L 23/01/2020 - 23:41:14: Server cvar "sv_aim" = "0"
L 23/01/2020 - 23:41:14: Server cvar "sv_airaccelerate" = "10"
L 23/01/2020 - 23:41:14: Server cvar "sv_allowupload" = "1"
L 23/01/2020 - 23:41:14: Server cvar "sv_alltalk" = "0"
L 23/01/2020 - 23:41:14: Server cvar "sv_bounce" = "1"
L 23/01/2020 - 23:41:14: Server cvar "sv_cheats" = "0"
L 23/01/2020 - 23:41:14: Server cvar "sv_clienttrace" = "1"
L 23/01/2020 - 23:41:14: Server cvar "sv_contact" = ""
L 23/01/2020 - 23:41:14: Server cvar "sv_friction" = "4"
L 23/01/2020 - 23:41:14: Server cvar "sv_gravity" = "800"
L 23/01/2020 - 23:41:14: Server cvar "sv_logblocks" = "0"
L 23/01/2020 - 23:41:14: Server cvar "sv_maxrate" = "0"
L 23/01/2020 - 23:41:14: Server cvar "sv_maxspeed" = "270"
L 23/01/2020 - 23:41:14: Server cvar "sv_minrate" = "0"
L 23/01/2020 - 23:41:14: Server cvar "sv_password" = ""
L 23/01/2020 - 23:41:14: Server cvar "sv_proxies" = "1"
L 23/01/2020 - 23:41:14: Server cvar "sv_stepsize" = "18"
L 23/01/2020 - 23:41:14: Server cvar "sv_stopspeed" = "100"
L 23/01/2020 - 23:41:14: Server cvar "sv_uploadmax" = "0.5"
L 23/01/2020 - 23:41:14: Server cvar "sv_voiceenable" = "1"
L 23/01/2020 - 23:41:14: Server cvar "sv_wateraccelerate" = "10"
L 23/01/2020 - 23:41:14: Server cvar "sv_waterfriction" = "1"
L 23/01/2020 - 23:41:14: Server cvars end
L 23/01/2020 - 23:41:14: Log file closed
L 23/01/2020 - 23:41:14: Log file started (file "logs\2020-01-23.log") (game "svencoop") (version "48/5.0.1.4/8458")
L 23/01/2020 - 23:41:14: Server cvar "sv_airaccelerate" = "2"
L 23/01/2020 - 23:41:14: Server is empty, map will end in 10.00 minute(s) if nobody connects.
L 23/01/2020 - 23:41:14: Started map "rust_lobby" (CRC "1393645788")
L 23/01/2020 - 23:41:20: "Kaleun<4><STEAM_0:1:529092><>" connected, address "192.168.254.12:27005"
L 23/01/2020 - 23:41:20: "Kaleun<4><STEAM_0:1:529092><>" STEAM USERID validated
L 23/01/2020 - 23:41:22: Server is no longer empty, idle timer disabled.
L 23/01/2020 - 23:41:22: "Kaleun<4><STEAM_0:1:529092><players>" has entered the game
L 23/01/2020 - 23:41:43: map<rust_lobby> ended, going to new level: rust_mini_b9
L 23/01/2020 - 23:41:43: Log file closed
L 23/01/2020 - 23:41:43: Log file started (file "logs\2020-01-23.log") (game "svencoop") (version "48/5.0.1.4/8458")
L 23/01/2020 - 23:41:43: Loading map "rust_mini_b9"
L 23/01/2020 - 23:41:43: Server cvars start
L 23/01/2020 - 23:41:43: Server cvar "adminsfile" = "admins.txt"
L 23/01/2020 - 23:41:43: Server cvar "allow_spectators" = "1.0"
L 23/01/2020 - 23:41:43: Server cvar "coop" = "0"
L 23/01/2020 - 23:41:43: Server cvar "deathmatch" = "1"
L 23/01/2020 - 23:41:43: Server cvar "edgefriction" = "2"
L 23/01/2020 - 23:41:43: Server cvar "gamebuild" = "6397"
L 23/01/2020 - 23:41:43: Server cvar "gamename" = "Sven Co-op"
L 23/01/2020 - 23:41:43: Server cvar "gameversion" = "5.22"
L 23/01/2020 - 23:41:43: Server cvar "gameversionnum" = "5.22"
L 23/01/2020 - 23:41:43: Server cvar "mapvotecfgfile" = "mapvote.cfg"
L 23/01/2020 - 23:41:43: Server cvar "max_queries_sec" = "3.0"
L 23/01/2020 - 23:41:43: Server cvar "max_queries_sec_global" = "30"
L 23/01/2020 - 23:41:43: Server cvar "max_queries_window" = "60"
L 23/01/2020 - 23:41:43: Server cvar "mp_banana" = "1"
L 23/01/2020 - 23:41:43: Server cvar "mp_consistency" = "0"
L 23/01/2020 - 23:41:43: Server cvar "mp_footsteps" = "1"
L 23/01/2020 - 23:41:43: Server cvar "mp_logfile" = "1"
L 23/01/2020 - 23:41:43: Server cvar "mp_nextmap_cycle" = "-sp_campaign_portal"
L 23/01/2020 - 23:41:43: Server cvar "mp_notimelimit" = "0.0"
L 23/01/2020 - 23:41:43: Server cvar "pausable" = "0"
L 23/01/2020 - 23:41:43: Server cvar "skillcfgfile" = "skill.cfg"
L 23/01/2020 - 23:41:43: Server cvar "sv_accelerate" = "10"
L 23/01/2020 - 23:41:43: Server cvar "sv_admin_icon" = "gfx/icons/admin.tga"
L 23/01/2020 - 23:41:43: Server cvar "sv_aim" = "0"
L 23/01/2020 - 23:41:43: Server cvar "sv_airaccelerate" = "2"
L 23/01/2020 - 23:41:43: Server cvar "sv_allowupload" = "1"
L 23/01/2020 - 23:41:43: Server cvar "sv_alltalk" = "0"
L 23/01/2020 - 23:41:43: Server cvar "sv_bounce" = "1"
L 23/01/2020 - 23:41:43: Server cvar "sv_cheats" = "0"
L 23/01/2020 - 23:41:43: Server cvar "sv_clienttrace" = "1"
L 23/01/2020 - 23:41:43: Server cvar "sv_contact" = ""
L 23/01/2020 - 23:41:43: Server cvar "sv_friction" = "4"
L 23/01/2020 - 23:41:43: Server cvar "sv_gravity" = "800"
L 23/01/2020 - 23:41:43: Server cvar "sv_logblocks" = "0"
L 23/01/2020 - 23:41:43: Server cvar "sv_maxrate" = "0"
L 23/01/2020 - 23:41:43: Server cvar "sv_maxspeed" = "270"
L 23/01/2020 - 23:41:43: Server cvar "sv_minrate" = "0"
L 23/01/2020 - 23:41:43: Server cvar "sv_password" = ""
L 23/01/2020 - 23:41:43: Server cvar "sv_proxies" = "1"
L 23/01/2020 - 23:41:43: Server cvar "sv_stepsize" = "18"
L 23/01/2020 - 23:41:43: Server cvar "sv_stopspeed" = "100"
L 23/01/2020 - 23:41:43: Server cvar "sv_uploadmax" = "0.5"
L 23/01/2020 - 23:41:43: Server cvar "sv_voiceenable" = "1"
L 23/01/2020 - 23:41:43: Server cvar "sv_wateraccelerate" = "10"
L 23/01/2020 - 23:41:43: Server cvar "sv_waterfriction" = "1"
L 23/01/2020 - 23:41:43: Server cvars end
L 23/01/2020 - 23:41:44: Log file closed
L 23/01/2020 - 23:41:44: Log file started (file "logs\2020-01-23.log") (game "svencoop") (version "48/5.0.1.4/8458")
L 23/01/2020 - 23:41:44: Server cvar "sv_airaccelerate" = "10"
L 23/01/2020 - 23:41:44: Server is empty, map will end in 10.00 minute(s) if nobody connects.
L 23/01/2020 - 23:41:50: Started map "rust_mini_b9" (CRC "1315445642")
L 23/01/2020 - 23:44:28: "Kaleun<5><STEAM_0:1:529092><>" connected, address "192.168.254.12:27005"
L 23/01/2020 - 23:44:28: "Kaleun<5><STEAM_0:1:529092><>" STEAM USERID validated
L 23/01/2020 - 23:44:34: Server is no longer empty, idle timer disabled.
L 23/01/2020 - 23:44:34: "Kaleun<5><STEAM_0:1:529092><players>" has entered the game
L 23/01/2020 - 23:45:04: "Kaleun<5><STEAM_0:1:529092><players>" stats: frags="0.00" deaths="0" health="100" 
L 23/01/2020 - 23:45:34: "Kaleun<5><STEAM_0:1:529092><players>" stats: frags="2.00" deaths="0" health="70" 
L 23/01/2020 - 23:46:33: "Kaleun<5><STEAM_0:1:529092><players>" stats: frags="6.45" deaths="2" health="0" 
L 23/01/2020 - 23:47:03: "Kaleun<5><STEAM_0:1:529092><players>" stats: frags="6.45" deaths="2" health="40" 
L 23/01/2020 - 23:47:29: "Kaleun<5><STEAM_0:1:529092><players>" say "gay"
L 23/01/2020 - 23:47:29: "Kaleun<5><STEAM_0:1:529092><players>" say "gay"
L 23/01/2020 - 23:47:30: "Kaleun<5><STEAM_0:1:529092><players>" say "gay"
L 23/01/2020 - 23:47:30: "Kaleun<5><STEAM_0:1:529092><players>" say "gay"
L 23/01/2020 - 23:47:30: "Kaleun<5><STEAM_0:1:529092><players>" say "gay"
L 23/01/2020 - 23:47:31: "Kaleun<5><STEAM_0:1:529092><players>" say "gay"
L 23/01/2020 - 23:47:31: "Kaleun<5><STEAM_0:1:529092><players>" say "gay"
L 23/01/2020 - 23:47:31: "Kaleun<5><STEAM_0:1:529092><players>" say "gay"
L 23/01/2020 - 23:47:31: "Kaleun<5><STEAM_0:1:529092><players>" say "gay"
L 23/01/2020 - 23:47:31: "Kaleun<5><STEAM_0:1:529092><players>" say "gay"
L 23/01/2020 - 23:47:31: "Kaleun<5><STEAM_0:1:529092><players>" say "gay"
L 23/01/2020 - 23:47:32: "Kaleun<5><STEAM_0:1:529092><players>" say "gay"
L 23/01/2020 - 23:47:32: "Kaleun<5><STEAM_0:1:529092><players>" say "gay"
L 23/01/2020 - 23:47:32: "Kaleun<5><STEAM_0:1:529092><players>" say "gay"
L 23/01/2020 - 23:47:32: "Kaleun<5><STEAM_0:1:529092><players>" say "gay"
L 23/01/2020 - 23:47:33: "Kaleun<5><STEAM_0:1:529092><players>" say "gay"
L 23/01/2020 - 23:47:33: "Kaleun<5><STEAM_0:1:529092><players>" say "gay"
L 23/01/2020 - 23:47:33: "Kaleun<5><STEAM_0:1:529092><players>" say "gay"
L 23/01/2020 - 23:47:33: "Kaleun<5><STEAM_0:1:529092><players>" say "gay"
L 23/01/2020 - 23:47:33: "Kaleun<5><STEAM_0:1:529092><players>" say "gay"
L 23/01/2020 - 23:47:34: "Kaleun<5><STEAM_0:1:529092><players>" say "gay"
L 23/01/2020 - 23:47:34: "Kaleun<5><STEAM_0:1:529092><players>" say "gay"
L 23/01/2020 - 23:47:34: "Kaleun<5><STEAM_0:1:529092><players>" say "gay"
L 23/01/2020 - 23:47:34: "Kaleun<5><STEAM_0:1:529092><players>" say "gay"
L 23/01/2020 - 23:47:35: "Kaleun<5><STEAM_0:1:529092><players>" say "gay"
L 23/01/2020 - 23:47:41: "Kaleun<5><STEAM_0:1:529092><players>" say "gay"
L 23/01/2020 - 23:47:46: "Kaleun<5><STEAM_0:1:529092><players>" stats: frags="6.45" deaths="3" health="60" 
L 23/01/2020 - 23:47:51: "Kaleun<5><STEAM_0:1:529092><players>" say "gay"
L 23/01/2020 - 23:47:53: "Kaleun<5><STEAM_0:1:529092><players>" say "nigger"
L 23/01/2020 - 23:47:58: "Kaleun<5><STEAM_0:1:529092><players>" say "nigger"
L 23/01/2020 - 23:48:07: "Kaleun<5><STEAM_0:1:529092><players>" say "nigger"
L 23/01/2020 - 23:48:08: "Kaleun<5><STEAM_0:1:529092><players>" say "nigger"
L 23/01/2020 - 23:48:16: "Kaleun<5><STEAM_0:1:529092><players>" stats: frags="6.45" deaths="3" health="60" 
L 23/01/2020 - 23:48:46: "Kaleun<5><STEAM_0:1:529092><players>" stats: frags="6.45" deaths="3" health="60" 
L 23/01/2020 - 23:49:02: Last player disconnected, map will end in 10.00 minute(s) if nobody connects.
